0 info it worked if it ends with ok
1 verbose cli [ 'D:\\tools\\nodejs\\node.exe',
1 verbose cli   'D:\\tools\\nodejs\\node_modules\\npm\\bin\\npm-cli.js',
1 verbose cli   'start' ]
2 info using npm@3.10.8
3 info using node@v6.9.1
4 verbose run-script [ 'prestart', 'start', 'poststart' ]
5 info lifecycle thehivekiller@0.0.0~prestart: thehivekiller@0.0.0
6 silly lifecycle thehivekiller@0.0.0~prestart: no script for prestart, continuing
7 info lifecycle thehivekiller@0.0.0~start: thehivekiller@0.0.0
8 verbose lifecycle thehivekiller@0.0.0~start: unsafe-perm in lifecycle true
9 verbose lifecycle thehivekiller@0.0.0~start: PATH: D:\tools\nodejs\node_modules\npm\bin\node-gyp-bin;D:\projects\node_modules\.bin;C:\Users\ibouoni\bin;D:\tools\cmder\bin;C:\Program Files\Git\bin;D:\tools\cmder\vendor\git-for-windows\mingw32\bin;D:\tools\cmder\vendor\git-for-windows\usr\local\bin;D:\tools\cmder\vendor\git-for-windows\usr\bin;D:\tools\cmder\vendor\git-for-windows\usr\bin;D:\tools\cmder\vendor\git-for-windows\mingw32\bin;D:\tools\cmder\vendor\git-for-windows\usr\bin;C:\Users\ibouoni\bin;D:\tools\cmder\vendor\conemu-maximus5\ConEmu\Scripts;D:\tools\cmder\vendor\conemu-maximus5;D:\tools\cmder\vendor\conemu-maximus5\ConEmu;C:\ProgramData\Oracle\Java\javapath;C:\WINDOWS\system32;C:\WINDOWS;C:\WINDOWS\System32\Wbem;C:\WINDOWS\System32\WindowsPowerShell\v1.0;C:\WINDOWS\System32\WindowsPowerShell\v1.0;D:\tools\nodejs;D:\Sonar;C:\Java\jdk1.8.0_112\bin;C:\WINDOWS\System32\WindowsPowerShell\v1.0;C:\Program Files\Git\cmd;C:\Program Files\TortoiseGit\bin;C:\Users\ibouoni\AppData\Roaming\npm;C:\Program Files\Docker Toolbox;C:\Program Files\Microsoft VS Code\bin;D:\tools\cmder;D:\tools\cmder\vendor\git-for-windows\usr\bin\vendor_perl;D:\tools\cmder\vendor\git-for-windows\usr\bin\core_perl
10 verbose lifecycle thehivekiller@0.0.0~start: CWD: D:\projects
11 silly lifecycle thehivekiller@0.0.0~start: Args: [ '/d /s /c', 'ng serve' ]
12 silly lifecycle thehivekiller@0.0.0~start: Returned: code: 1  signal: null
13 info lifecycle thehivekiller@0.0.0~start: Failed to exec start script
14 verbose stack Error: thehivekiller@0.0.0 start: `ng serve`
14 verbose stack Exit status 1
14 verbose stack     at EventEmitter.<anonymous> (D:\tools\nodejs\node_modules\npm\lib\utils\lifecycle.js:255:16)
14 verbose stack     at emitTwo (events.js:106:13)
14 verbose stack     at EventEmitter.emit (events.js:191:7)
14 verbose stack     at ChildProcess.<anonymous> (D:\tools\nodejs\node_modules\npm\lib\utils\spawn.js:40:14)
14 verbose stack     at emitTwo (events.js:106:13)
14 verbose stack     at ChildProcess.emit (events.js:191:7)
14 verbose stack     at maybeClose (internal/child_process.js:877:16)
14 verbose stack     at Process.ChildProcess._handle.onexit (internal/child_process.js:226:5)
15 verbose pkgid thehivekiller@0.0.0
16 verbose cwd D:\projects\killer_project\deployment\killer
17 error Windows_NT 6.1.7601
18 error argv "D:\\tools\\nodejs\\node.exe" "D:\\tools\\nodejs\\node_modules\\npm\\bin\\npm-cli.js" "start"
19 error node v6.9.1
20 error npm  v3.10.8
21 error code ELIFECYCLE
22 error thehivekiller@0.0.0 start: `ng serve`
22 error Exit status 1
23 error Failed at the thehivekiller@0.0.0 start script 'ng serve'.
23 error Make sure you have the latest version of node.js and npm installed.
23 error If you do, this is most likely a problem with the thehivekiller package,
23 error not with npm itself.
23 error Tell the author that this fails on your system:
23 error     ng serve
23 error You can get information on how to open an issue for this project with:
23 error     npm bugs thehivekiller
23 error Or if that isn't available, you can get their info via:
23 error     npm owner ls thehivekiller
23 error There is likely additional logging output above.
24 verbose exit [ 1, true ]
