ERROR - 2017-10-30T06:56:45-04:00 - Directus\Exception\Http\ForbiddenException: Permission denied in C:\xampp\htdocs\killer\api\core\Directus\Database\TableSchema.php:182
Stack trace:
#0 C:\xampp\htdocs\killer\api\core\Directus\Database\TableGateway\BaseTableGateway.php(185): Directus\Database\TableSchema::getTableSchema('directus_messag...', Array, false, false)
#1 C:\xampp\htdocs\killer\api\core\Directus\Database\TableGateway\RelationalTableGateway.php(814): Directus\Database\TableGateway\BaseTableGateway->getTableSchema()
#2 C:\xampp\htdocs\killer\api\core\Directus\Database\TableGateway\DirectusMessagesTableGateway.php(155): Directus\Database\TableGateway\RelationalTableGateway->loadItems(Array, Object(Closure))
#3 C:\xampp\htdocs\killer\api\core\Directus\Database\TableGateway\DirectusMessagesTableGateway.php(225): Directus\Database\TableGateway\DirectusMessagesTableGateway->fetchMessagesInbox(0, NULL, Array)
#4 C:\xampp\htdocs\killer\api\routes\A1\Messages.php(42): Directus\Database\TableGateway\DirectusMessagesTableGateway->fetchMessagesInboxWithHeaders(0, NULL, Array)
#5 [internal function]: Directus\API\Routes\A1\Messages->rows()
#6 C:\xampp\htdocs\killer\vendor\slim\slim\Slim\Route.php(468): call_user_func_array(Array, Array)
#7 C:\xampp\htdocs\killer\vendor\slim\slim\Slim\Slim.php(1357): Slim\Route->dispatch()
#8 C:\xampp\htdocs\killer\vendor\slim\slim\Slim\Middleware\Flash.php(85): Slim\Slim->call()
#9 C:\xampp\htdocs\killer\vendor\slim\slim\Slim\Middleware\MethodOverride.php(92): Slim\Middleware\Flash->call()
#10 C:\xampp\htdocs\killer\api\core\Directus\Slim\CorsMiddleware.php(24): Slim\Middleware\MethodOverride->call()
#11 C:\xampp\htdocs\killer\api\core\Directus\Slim\CacheMiddleware.php(18): Directus\Slim\CorsMiddleware->call()
#12 C:\xampp\htdocs\killer\vendor\slim\slim\Slim\Slim.php(1302): Directus\Slim\CacheMiddleware->call()
#13 C:\xampp\htdocs\killer\api\core\Directus\Application\Application.php(103): Slim\Slim->run()
#14 C:\xampp\htdocs\killer\api\api.php(527): Directus\Application\Application->run()
#15 {main}
ERROR - 2017-10-30T06:57:16-04:00 - Directus\Exception\Http\ForbiddenException: Permission denied in C:\xampp\htdocs\killer\api\core\Directus\Database\TableSchema.php:182
Stack trace:
#0 C:\xampp\htdocs\killer\api\core\Directus\Database\TableGateway\BaseTableGateway.php(185): Directus\Database\TableSchema::getTableSchema('directus_messag...', Array, false, false)
#1 C:\xampp\htdocs\killer\api\core\Directus\Database\TableGateway\RelationalTableGateway.php(814): Directus\Database\TableGateway\BaseTableGateway->getTableSchema()
#2 C:\xampp\htdocs\killer\api\core\Directus\Database\TableGateway\DirectusMessagesTableGateway.php(155): Directus\Database\TableGateway\RelationalTableGateway->loadItems(Array, Object(Closure))
#3 C:\xampp\htdocs\killer\api\core\Directus\Database\TableGateway\DirectusMessagesTableGateway.php(225): Directus\Database\TableGateway\DirectusMessagesTableGateway->fetchMessagesInbox(0, NULL, Array)
#4 C:\xampp\htdocs\killer\api\routes\A1\Messages.php(42): Directus\Database\TableGateway\DirectusMessagesTableGateway->fetchMessagesInboxWithHeaders(0, NULL, Array)
#5 [internal function]: Directus\API\Routes\A1\Messages->rows()
#6 C:\xampp\htdocs\killer\vendor\slim\slim\Slim\Route.php(468): call_user_func_array(Array, Array)
#7 C:\xampp\htdocs\killer\vendor\slim\slim\Slim\Slim.php(1357): Slim\Route->dispatch()
#8 C:\xampp\htdocs\killer\vendor\slim\slim\Slim\Middleware\Flash.php(85): Slim\Slim->call()
#9 C:\xampp\htdocs\killer\vendor\slim\slim\Slim\Middleware\MethodOverride.php(92): Slim\Middleware\Flash->call()
#10 C:\xampp\htdocs\killer\api\core\Directus\Slim\CorsMiddleware.php(24): Slim\Middleware\MethodOverride->call()
#11 C:\xampp\htdocs\killer\api\core\Directus\Slim\CacheMiddleware.php(18): Directus\Slim\CorsMiddleware->call()
#12 C:\xampp\htdocs\killer\vendor\slim\slim\Slim\Slim.php(1302): Directus\Slim\CacheMiddleware->call()
#13 C:\xampp\htdocs\killer\api\core\Directus\Application\Application.php(103): Slim\Slim->run()
#14 C:\xampp\htdocs\killer\api\api.php(527): Directus\Application\Application->run()
#15 {main}
ERROR - 2017-10-30T06:57:47-04:00 - Directus\Exception\Http\ForbiddenException: Permission denied in C:\xampp\htdocs\killer\api\core\Directus\Database\TableSchema.php:182
Stack trace:
#0 C:\xampp\htdocs\killer\api\core\Directus\Database\TableGateway\BaseTableGateway.php(185): Directus\Database\TableSchema::getTableSchema('directus_messag...', Array, false, false)
#1 C:\xampp\htdocs\killer\api\core\Directus\Database\TableGateway\RelationalTableGateway.php(814): Directus\Database\TableGateway\BaseTableGateway->getTableSchema()
#2 C:\xampp\htdocs\killer\api\core\Directus\Database\TableGateway\DirectusMessagesTableGateway.php(155): Directus\Database\TableGateway\RelationalTableGateway->loadItems(Array, Object(Closure))
#3 C:\xampp\htdocs\killer\api\core\Directus\Database\TableGateway\DirectusMessagesTableGateway.php(225): Directus\Database\TableGateway\DirectusMessagesTableGateway->fetchMessagesInbox(0, NULL, Array)
#4 C:\xampp\htdocs\killer\api\routes\A1\Messages.php(42): Directus\Database\TableGateway\DirectusMessagesTableGateway->fetchMessagesInboxWithHeaders(0, NULL, Array)
#5 [internal function]: Directus\API\Routes\A1\Messages->rows()
#6 C:\xampp\htdocs\killer\vendor\slim\slim\Slim\Route.php(468): call_user_func_array(Array, Array)
#7 C:\xampp\htdocs\killer\vendor\slim\slim\Slim\Slim.php(1357): Slim\Route->dispatch()
#8 C:\xampp\htdocs\killer\vendor\slim\slim\Slim\Middleware\Flash.php(85): Slim\Slim->call()
#9 C:\xampp\htdocs\killer\vendor\slim\slim\Slim\Middleware\MethodOverride.php(92): Slim\Middleware\Flash->call()
#10 C:\xampp\htdocs\killer\api\core\Directus\Slim\CorsMiddleware.php(24): Slim\Middleware\MethodOverride->call()
#11 C:\xampp\htdocs\killer\api\core\Directus\Slim\CacheMiddleware.php(18): Directus\Slim\CorsMiddleware->call()
#12 C:\xampp\htdocs\killer\vendor\slim\slim\Slim\Slim.php(1302): Directus\Slim\CacheMiddleware->call()
#13 C:\xampp\htdocs\killer\api\core\Directus\Application\Application.php(103): Slim\Slim->run()
#14 C:\xampp\htdocs\killer\api\api.php(527): Directus\Application\Application->run()
#15 {main}
ERROR - 2017-10-30T07:00:41-04:00 - Directus\Exception\BadRequestException: Empty request payload in C:\xampp\htdocs\killer\api\core\Directus\Services\EntriesService.php:24
Stack trace:
#0 C:\xampp\htdocs\killer\api\routes\A1\Entries.php(29): Directus\Services\EntriesService->createEntry('killers', Array, Array)
#1 [internal function]: Directus\API\Routes\A1\Entries->rows('killers')
#2 C:\xampp\htdocs\killer\vendor\slim\slim\Slim\Route.php(468): call_user_func_array(Array, Array)
#3 C:\xampp\htdocs\killer\vendor\slim\slim\Slim\Slim.php(1357): Slim\Route->dispatch()
#4 C:\xampp\htdocs\killer\vendor\slim\slim\Slim\Middleware\Flash.php(85): Slim\Slim->call()
#5 C:\xampp\htdocs\killer\vendor\slim\slim\Slim\Middleware\MethodOverride.php(92): Slim\Middleware\Flash->call()
#6 C:\xampp\htdocs\killer\api\core\Directus\Slim\CorsMiddleware.php(24): Slim\Middleware\MethodOverride->call()
#7 C:\xampp\htdocs\killer\api\core\Directus\Slim\CacheMiddleware.php(18): Directus\Slim\CorsMiddleware->call()
#8 C:\xampp\htdocs\killer\vendor\slim\slim\Slim\Slim.php(1302): Directus\Slim\CacheMiddleware->call()
#9 C:\xampp\htdocs\killer\api\core\Directus\Application\Application.php(103): Slim\Slim->run()
#10 C:\xampp\htdocs\killer\api\api.php(527): Directus\Application\Application->run()
#11 {main}
ERROR - 2017-10-30T07:01:07-04:00 - Directus\Exception\BadRequestException: Empty request payload in C:\xampp\htdocs\killer\api\core\Directus\Services\EntriesService.php:24
Stack trace:
#0 C:\xampp\htdocs\killer\api\routes\A1\Entries.php(29): Directus\Services\EntriesService->createEntry('killers', Array, Array)
#1 [internal function]: Directus\API\Routes\A1\Entries->rows('killers')
#2 C:\xampp\htdocs\killer\vendor\slim\slim\Slim\Route.php(468): call_user_func_array(Array, Array)
#3 C:\xampp\htdocs\killer\vendor\slim\slim\Slim\Slim.php(1357): Slim\Route->dispatch()
#4 C:\xampp\htdocs\killer\vendor\slim\slim\Slim\Middleware\Flash.php(85): Slim\Slim->call()
#5 C:\xampp\htdocs\killer\vendor\slim\slim\Slim\Middleware\MethodOverride.php(92): Slim\Middleware\Flash->call()
#6 C:\xampp\htdocs\killer\api\core\Directus\Slim\CorsMiddleware.php(24): Slim\Middleware\MethodOverride->call()
#7 C:\xampp\htdocs\killer\api\core\Directus\Slim\CacheMiddleware.php(18): Directus\Slim\CorsMiddleware->call()
#8 C:\xampp\htdocs\killer\vendor\slim\slim\Slim\Slim.php(1302): Directus\Slim\CacheMiddleware->call()
#9 C:\xampp\htdocs\killer\api\core\Directus\Application\Application.php(103): Slim\Slim->run()
#10 C:\xampp\htdocs\killer\api\api.php(527): Directus\Application\Application->run()
#11 {main}
ERROR - 2017-10-30T07:01:45-04:00 - Directus\Exception\BadRequestException: Empty request payload in C:\xampp\htdocs\killer\api\core\Directus\Services\EntriesService.php:24
Stack trace:
#0 C:\xampp\htdocs\killer\api\routes\A1\Entries.php(29): Directus\Services\EntriesService->createEntry('killers', Array, Array)
#1 [internal function]: Directus\API\Routes\A1\Entries->rows('killers')
#2 C:\xampp\htdocs\killer\vendor\slim\slim\Slim\Route.php(468): call_user_func_array(Array, Array)
#3 C:\xampp\htdocs\killer\vendor\slim\slim\Slim\Slim.php(1357): Slim\Route->dispatch()
#4 C:\xampp\htdocs\killer\vendor\slim\slim\Slim\Middleware\Flash.php(85): Slim\Slim->call()
#5 C:\xampp\htdocs\killer\vendor\slim\slim\Slim\Middleware\MethodOverride.php(92): Slim\Middleware\Flash->call()
#6 C:\xampp\htdocs\killer\api\core\Directus\Slim\CorsMiddleware.php(24): Slim\Middleware\MethodOverride->call()
#7 C:\xampp\htdocs\killer\api\core\Directus\Slim\CacheMiddleware.php(18): Directus\Slim\CorsMiddleware->call()
#8 C:\xampp\htdocs\killer\vendor\slim\slim\Slim\Slim.php(1302): Directus\Slim\CacheMiddleware->call()
#9 C:\xampp\htdocs\killer\api\core\Directus\Application\Application.php(103): Slim\Slim->run()
#10 C:\xampp\htdocs\killer\api\api.php(527): Directus\Application\Application->run()
#11 {main}
ERROR - 2017-10-30T07:01:56-04:00 - Directus\Database\Exception\SuppliedArrayAsColumnValue: Attempting to write an array as the value for column `killers`.`0. in C:\xampp\htdocs\killer\api\core\Directus\Database\TableGateway\BaseTableGateway.php:339
Stack trace:
#0 C:\xampp\htdocs\killer\api\core\Directus\Database\TableGateway\RelationalTableGateway.php(152): Directus\Database\TableGateway\BaseTableGateway->addOrUpdateRecordByArray(Array)
#1 C:\xampp\htdocs\killer\api\core\Directus\Database\TableGateway\RelationalTableGateway.php(72): Directus\Database\TableGateway\RelationalTableGateway->manageRecordUpdate('killers', Array, 1)
#2 C:\xampp\htdocs\killer\api\core\Directus\Services\EntriesService.php(39): Directus\Database\TableGateway\RelationalTableGateway->updateRecord(Array, 1)
#3 C:\xampp\htdocs\killer\api\routes\A1\Entries.php(29): Directus\Services\EntriesService->createEntry('killers', Array, Array)
#4 [internal function]: Directus\API\Routes\A1\Entries->rows('killers')
#5 C:\xampp\htdocs\killer\vendor\slim\slim\Slim\Route.php(468): call_user_func_array(Array, Array)
#6 C:\xampp\htdocs\killer\vendor\slim\slim\Slim\Slim.php(1357): Slim\Route->dispatch()
#7 C:\xampp\htdocs\killer\vendor\slim\slim\Slim\Middleware\Flash.php(85): Slim\Slim->call()
#8 C:\xampp\htdocs\killer\vendor\slim\slim\Slim\Middleware\MethodOverride.php(92): Slim\Middleware\Flash->call()
#9 C:\xampp\htdocs\killer\api\core\Directus\Slim\CorsMiddleware.php(24): Slim\Middleware\MethodOverride->call()
#10 C:\xampp\htdocs\killer\api\core\Directus\Slim\CacheMiddleware.php(18): Directus\Slim\CorsMiddleware->call()
#11 C:\xampp\htdocs\killer\vendor\slim\slim\Slim\Slim.php(1302): Directus\Slim\CacheMiddleware->call()
#12 C:\xampp\htdocs\killer\api\core\Directus\Application\Application.php(103): Slim\Slim->run()
#13 C:\xampp\htdocs\killer\api\api.php(527): Directus\Application\Application->run()
#14 {main}
ERROR - 2017-10-30T07:03:26-04:00 - Directus\Exception\BadRequestException: Empty request payload in C:\xampp\htdocs\killer\api\core\Directus\Services\EntriesService.php:24
Stack trace:
#0 C:\xampp\htdocs\killer\api\routes\A1\Entries.php(29): Directus\Services\EntriesService->createEntry('Contracts', Array, Array)
#1 [internal function]: Directus\API\Routes\A1\Entries->rows('Contracts')
#2 C:\xampp\htdocs\killer\vendor\slim\slim\Slim\Route.php(468): call_user_func_array(Array, Array)
#3 C:\xampp\htdocs\killer\vendor\slim\slim\Slim\Slim.php(1357): Slim\Route->dispatch()
#4 C:\xampp\htdocs\killer\vendor\slim\slim\Slim\Middleware\Flash.php(85): Slim\Slim->call()
#5 C:\xampp\htdocs\killer\vendor\slim\slim\Slim\Middleware\MethodOverride.php(92): Slim\Middleware\Flash->call()
#6 C:\xampp\htdocs\killer\api\core\Directus\Slim\CorsMiddleware.php(24): Slim\Middleware\MethodOverride->call()
#7 C:\xampp\htdocs\killer\api\core\Directus\Slim\CacheMiddleware.php(18): Directus\Slim\CorsMiddleware->call()
#8 C:\xampp\htdocs\killer\vendor\slim\slim\Slim\Slim.php(1302): Directus\Slim\CacheMiddleware->call()
#9 C:\xampp\htdocs\killer\api\core\Directus\Application\Application.php(103): Slim\Slim->run()
#10 C:\xampp\htdocs\killer\api\api.php(527): Directus\Application\Application->run()
#11 {main}
ERROR - 2017-10-30T07:03:35-04:00 - Directus\Database\Exception\SuppliedArrayAsColumnValue: Attempting to write an array as the value for column `Contracts`.`0. in C:\xampp\htdocs\killer\api\core\Directus\Database\TableGateway\BaseTableGateway.php:339
Stack trace:
#0 C:\xampp\htdocs\killer\api\core\Directus\Database\TableGateway\RelationalTableGateway.php(152): Directus\Database\TableGateway\BaseTableGateway->addOrUpdateRecordByArray(Array)
#1 C:\xampp\htdocs\killer\api\core\Directus\Database\TableGateway\RelationalTableGateway.php(72): Directus\Database\TableGateway\RelationalTableGateway->manageRecordUpdate('Contracts', Array, 1)
#2 C:\xampp\htdocs\killer\api\core\Directus\Services\EntriesService.php(39): Directus\Database\TableGateway\RelationalTableGateway->updateRecord(Array, 1)
#3 C:\xampp\htdocs\killer\api\routes\A1\Entries.php(29): Directus\Services\EntriesService->createEntry('Contracts', Array, Array)
#4 [internal function]: Directus\API\Routes\A1\Entries->rows('Contracts')
#5 C:\xampp\htdocs\killer\vendor\slim\slim\Slim\Route.php(468): call_user_func_array(Array, Array)
#6 C:\xampp\htdocs\killer\vendor\slim\slim\Slim\Slim.php(1357): Slim\Route->dispatch()
#7 C:\xampp\htdocs\killer\vendor\slim\slim\Slim\Middleware\Flash.php(85): Slim\Slim->call()
#8 C:\xampp\htdocs\killer\vendor\slim\slim\Slim\Middleware\MethodOverride.php(92): Slim\Middleware\Flash->call()
#9 C:\xampp\htdocs\killer\api\core\Directus\Slim\CorsMiddleware.php(24): Slim\Middleware\MethodOverride->call()
#10 C:\xampp\htdocs\killer\api\core\Directus\Slim\CacheMiddleware.php(18): Directus\Slim\CorsMiddleware->call()
#11 C:\xampp\htdocs\killer\vendor\slim\slim\Slim\Slim.php(1302): Directus\Slim\CacheMiddleware->call()
#12 C:\xampp\htdocs\killer\api\core\Directus\Application\Application.php(103): Slim\Slim->run()
#13 C:\xampp\htdocs\killer\api\api.php(527): Directus\Application\Application->run()
#14 {main}
