ERROR - 2017-10-24T09:28:18-04:00 - Directus\Database\Exception\TableNotFoundException: Impossible de trouver la table [user] in C:\xampp\htdocs\killer\api\core\Directus\Database\SchemaManager.php:178
Stack trace:
#0 C:\xampp\htdocs\killer\api\core\Directus\Database\TableSchema.php(185): Directus\Database\SchemaManager->getTableSchema('user', Array, false)
#1 C:\xampp\htdocs\killer\api\core\Directus\Database\TableGateway\BaseTableGateway.php(185): Directus\Database\TableSchema::getTableSchema('user', Array, false, false)
#2 C:\xampp\htdocs\killer\api\core\Directus\Database\TableGateway\BaseTableGateway.php(105): Directus\Database\TableGateway\BaseTableGateway->getTableSchema()
#3 C:\xampp\htdocs\killer\api\routes\A1\Entries.php(24): Directus\Database\TableGateway\BaseTableGateway->__construct('user', Object(Directus\Database\Connection), Object(Directus\Permissions\Acl))
#4 [internal function]: Directus\API\Routes\A1\Entries->rows('user')
#5 C:\xampp\htdocs\killer\vendor\slim\slim\Slim\Route.php(468): call_user_func_array(Array, Array)
#6 C:\xampp\htdocs\killer\vendor\slim\slim\Slim\Slim.php(1357): Slim\Route->dispatch()
#7 C:\xampp\htdocs\killer\vendor\slim\slim\Slim\Middleware\Flash.php(85): Slim\Slim->call()
#8 C:\xampp\htdocs\killer\vendor\slim\slim\Slim\Middleware\MethodOverride.php(92): Slim\Middleware\Flash->call()
#9 C:\xampp\htdocs\killer\api\core\Directus\Slim\CorsMiddleware.php(24): Slim\Middleware\MethodOverride->call()
#10 C:\xampp\htdocs\killer\api\core\Directus\Slim\CacheMiddleware.php(18): Directus\Slim\CorsMiddleware->call()
#11 C:\xampp\htdocs\killer\vendor\slim\slim\Slim\Slim.php(1302): Directus\Slim\CacheMiddleware->call()
#12 C:\xampp\htdocs\killer\api\core\Directus\Application\Application.php(103): Slim\Slim->run()
#13 C:\xampp\htdocs\killer\api\api.php(527): Directus\Application\Application->run()
#14 {main}
ERROR - 2017-10-24T11:11:29-04:00 - TypeError: Argument 2 passed to Directus\Database\TableGateway\RelationalTableGateway::processFilters() must be of the type array, string given in C:\xampp\htdocs\killer\api\core\Directus\Database\TableGateway\RelationalTableGateway.php:949
Stack trace:
#0 [internal function]: Directus\Database\TableGateway\RelationalTableGateway->processFilters(Object(Directus\Database\Query\Builder), '{"username[eq]"...')
#1 C:\xampp\htdocs\killer\api\core\Directus\Database\TableGateway\RelationalTableGateway.php(716): call_user_func_array(Array, Array)
#2 C:\xampp\htdocs\killer\api\core\Directus\Database\TableGateway\RelationalTableGateway.php(839): Directus\Database\TableGateway\RelationalTableGateway->applyParamsToTableEntriesSelect(Array, Object(Directus\Database\Query\Builder), Object(Directus\Database\Object\Table), false)
#3 C:\xampp\htdocs\killer\api\core\Directus\Database\TableGateway\RelationalTableGateway.php(747): Directus\Database\TableGateway\RelationalTableGateway->loadItems(Array)
#4 C:\xampp\htdocs\killer\api\core\Directus\Database\TableGateway\RelationalTableGateway.php(735): Directus\Database\TableGateway\RelationalTableGateway->getItems(Array)
#5 C:\xampp\htdocs\killer\api\routes\A1\Entries.php(48): Directus\Database\TableGateway\RelationalTableGateway->getEntries(Array)
#6 [internal function]: Directus\API\Routes\A1\Entries->rows('users')
#7 C:\xampp\htdocs\killer\vendor\slim\slim\Slim\Route.php(468): call_user_func_array(Array, Array)
#8 C:\xampp\htdocs\killer\vendor\slim\slim\Slim\Slim.php(1357): Slim\Route->dispatch()
#9 C:\xampp\htdocs\killer\vendor\slim\slim\Slim\Middleware\Flash.php(85): Slim\Slim->call()
#10 C:\xampp\htdocs\killer\vendor\slim\slim\Slim\Middleware\MethodOverride.php(92): Slim\Middleware\Flash->call()
#11 C:\xampp\htdocs\killer\api\core\Directus\Slim\CorsMiddleware.php(24): Slim\Middleware\MethodOverride->call()
#12 C:\xampp\htdocs\killer\api\core\Directus\Slim\CacheMiddleware.php(18): Directus\Slim\CorsMiddleware->call()
#13 C:\xampp\htdocs\killer\vendor\slim\slim\Slim\Slim.php(1302): Directus\Slim\CacheMiddleware->call()
#14 C:\xampp\htdocs\killer\api\core\Directus\Application\Application.php(103): Slim\Slim->run()
#15 C:\xampp\htdocs\killer\api\api.php(527): Directus\Application\Application->run()
#16 {main}
ERROR - 2017-10-24T11:11:41-04:00 - TypeError: Argument 2 passed to Directus\Database\TableGateway\RelationalTableGateway::processFilters() must be of the type array, string given in C:\xampp\htdocs\killer\api\core\Directus\Database\TableGateway\RelationalTableGateway.php:949
Stack trace:
#0 [internal function]: Directus\Database\TableGateway\RelationalTableGateway->processFilters(Object(Directus\Database\Query\Builder), '{"username[eq]"...')
#1 C:\xampp\htdocs\killer\api\core\Directus\Database\TableGateway\RelationalTableGateway.php(716): call_user_func_array(Array, Array)
#2 C:\xampp\htdocs\killer\api\core\Directus\Database\TableGateway\RelationalTableGateway.php(839): Directus\Database\TableGateway\RelationalTableGateway->applyParamsToTableEntriesSelect(Array, Object(Directus\Database\Query\Builder), Object(Directus\Database\Object\Table), false)
#3 C:\xampp\htdocs\killer\api\core\Directus\Database\TableGateway\RelationalTableGateway.php(747): Directus\Database\TableGateway\RelationalTableGateway->loadItems(Array)
#4 C:\xampp\htdocs\killer\api\core\Directus\Database\TableGateway\RelationalTableGateway.php(735): Directus\Database\TableGateway\RelationalTableGateway->getItems(Array)
#5 C:\xampp\htdocs\killer\api\routes\A1\Entries.php(48): Directus\Database\TableGateway\RelationalTableGateway->getEntries(Array)
#6 [internal function]: Directus\API\Routes\A1\Entries->rows('users')
#7 C:\xampp\htdocs\killer\vendor\slim\slim\Slim\Route.php(468): call_user_func_array(Array, Array)
#8 C:\xampp\htdocs\killer\vendor\slim\slim\Slim\Slim.php(1357): Slim\Route->dispatch()
#9 C:\xampp\htdocs\killer\vendor\slim\slim\Slim\Middleware\Flash.php(85): Slim\Slim->call()
#10 C:\xampp\htdocs\killer\vendor\slim\slim\Slim\Middleware\MethodOverride.php(92): Slim\Middleware\Flash->call()
#11 C:\xampp\htdocs\killer\api\core\Directus\Slim\CorsMiddleware.php(24): Slim\Middleware\MethodOverride->call()
#12 C:\xampp\htdocs\killer\api\core\Directus\Slim\CacheMiddleware.php(18): Directus\Slim\CorsMiddleware->call()
#13 C:\xampp\htdocs\killer\vendor\slim\slim\Slim\Slim.php(1302): Directus\Slim\CacheMiddleware->call()
#14 C:\xampp\htdocs\killer\api\core\Directus\Application\Application.php(103): Slim\Slim->run()
#15 C:\xampp\htdocs\killer\api\api.php(527): Directus\Application\Application->run()
#16 {main}
ERROR - 2017-10-24T11:14:34-04:00 - TypeError: Argument 2 passed to Directus\Database\TableGateway\RelationalTableGateway::processFilters() must be of the type array, string given in C:\xampp\htdocs\killer\api\core\Directus\Database\TableGateway\RelationalTableGateway.php:949
Stack trace:
#0 [internal function]: Directus\Database\TableGateway\RelationalTableGateway->processFilters(Object(Directus\Database\Query\Builder), '{"username[eq]"...')
#1 C:\xampp\htdocs\killer\api\core\Directus\Database\TableGateway\RelationalTableGateway.php(716): call_user_func_array(Array, Array)
#2 C:\xampp\htdocs\killer\api\core\Directus\Database\TableGateway\RelationalTableGateway.php(839): Directus\Database\TableGateway\RelationalTableGateway->applyParamsToTableEntriesSelect(Array, Object(Directus\Database\Query\Builder), Object(Directus\Database\Object\Table), false)
#3 C:\xampp\htdocs\killer\api\core\Directus\Database\TableGateway\RelationalTableGateway.php(747): Directus\Database\TableGateway\RelationalTableGateway->loadItems(Array)
#4 C:\xampp\htdocs\killer\api\core\Directus\Database\TableGateway\RelationalTableGateway.php(735): Directus\Database\TableGateway\RelationalTableGateway->getItems(Array)
#5 C:\xampp\htdocs\killer\api\routes\A1\Entries.php(48): Directus\Database\TableGateway\RelationalTableGateway->getEntries(Array)
#6 [internal function]: Directus\API\Routes\A1\Entries->rows('users')
#7 C:\xampp\htdocs\killer\vendor\slim\slim\Slim\Route.php(468): call_user_func_array(Array, Array)
#8 C:\xampp\htdocs\killer\vendor\slim\slim\Slim\Slim.php(1357): Slim\Route->dispatch()
#9 C:\xampp\htdocs\killer\vendor\slim\slim\Slim\Middleware\Flash.php(85): Slim\Slim->call()
#10 C:\xampp\htdocs\killer\vendor\slim\slim\Slim\Middleware\MethodOverride.php(92): Slim\Middleware\Flash->call()
#11 C:\xampp\htdocs\killer\api\core\Directus\Slim\CorsMiddleware.php(24): Slim\Middleware\MethodOverride->call()
#12 C:\xampp\htdocs\killer\api\core\Directus\Slim\CacheMiddleware.php(18): Directus\Slim\CorsMiddleware->call()
#13 C:\xampp\htdocs\killer\vendor\slim\slim\Slim\Slim.php(1302): Directus\Slim\CacheMiddleware->call()
#14 C:\xampp\htdocs\killer\api\core\Directus\Application\Application.php(103): Slim\Slim->run()
#15 C:\xampp\htdocs\killer\api\api.php(527): Directus\Application\Application->run()
#16 {main}
ERROR - 2017-10-24T11:14:59-04:00 - TypeError: Argument 2 passed to Directus\Database\TableGateway\RelationalTableGateway::processFilters() must be of the type array, string given in C:\xampp\htdocs\killer\api\core\Directus\Database\TableGateway\RelationalTableGateway.php:949
Stack trace:
#0 [internal function]: Directus\Database\TableGateway\RelationalTableGateway->processFilters(Object(Directus\Database\Query\Builder), '{"username[eq]"...')
#1 C:\xampp\htdocs\killer\api\core\Directus\Database\TableGateway\RelationalTableGateway.php(716): call_user_func_array(Array, Array)
#2 C:\xampp\htdocs\killer\api\core\Directus\Database\TableGateway\RelationalTableGateway.php(839): Directus\Database\TableGateway\RelationalTableGateway->applyParamsToTableEntriesSelect(Array, Object(Directus\Database\Query\Builder), Object(Directus\Database\Object\Table), false)
#3 C:\xampp\htdocs\killer\api\core\Directus\Database\TableGateway\RelationalTableGateway.php(747): Directus\Database\TableGateway\RelationalTableGateway->loadItems(Array)
#4 C:\xampp\htdocs\killer\api\core\Directus\Database\TableGateway\RelationalTableGateway.php(735): Directus\Database\TableGateway\RelationalTableGateway->getItems(Array)
#5 C:\xampp\htdocs\killer\api\routes\A1\Entries.php(48): Directus\Database\TableGateway\RelationalTableGateway->getEntries(Array)
#6 [internal function]: Directus\API\Routes\A1\Entries->rows('users')
#7 C:\xampp\htdocs\killer\vendor\slim\slim\Slim\Route.php(468): call_user_func_array(Array, Array)
#8 C:\xampp\htdocs\killer\vendor\slim\slim\Slim\Slim.php(1357): Slim\Route->dispatch()
#9 C:\xampp\htdocs\killer\vendor\slim\slim\Slim\Middleware\Flash.php(85): Slim\Slim->call()
#10 C:\xampp\htdocs\killer\vendor\slim\slim\Slim\Middleware\MethodOverride.php(92): Slim\Middleware\Flash->call()
#11 C:\xampp\htdocs\killer\api\core\Directus\Slim\CorsMiddleware.php(24): Slim\Middleware\MethodOverride->call()
#12 C:\xampp\htdocs\killer\api\core\Directus\Slim\CacheMiddleware.php(18): Directus\Slim\CorsMiddleware->call()
#13 C:\xampp\htdocs\killer\vendor\slim\slim\Slim\Slim.php(1302): Directus\Slim\CacheMiddleware->call()
#14 C:\xampp\htdocs\killer\api\core\Directus\Application\Application.php(103): Slim\Slim->run()
#15 C:\xampp\htdocs\killer\api\api.php(527): Directus\Application\Application->run()
#16 {main}
ERROR - 2017-10-24T11:15:40-04:00 - TypeError: Argument 2 passed to Directus\Database\TableGateway\RelationalTableGateway::processFilters() must be of the type array, string given in C:\xampp\htdocs\killer\api\core\Directus\Database\TableGateway\RelationalTableGateway.php:949
Stack trace:
#0 [internal function]: Directus\Database\TableGateway\RelationalTableGateway->processFilters(Object(Directus\Database\Query\Builder), '{"username[eq]"...')
#1 C:\xampp\htdocs\killer\api\core\Directus\Database\TableGateway\RelationalTableGateway.php(716): call_user_func_array(Array, Array)
#2 C:\xampp\htdocs\killer\api\core\Directus\Database\TableGateway\RelationalTableGateway.php(839): Directus\Database\TableGateway\RelationalTableGateway->applyParamsToTableEntriesSelect(Array, Object(Directus\Database\Query\Builder), Object(Directus\Database\Object\Table), false)
#3 C:\xampp\htdocs\killer\api\core\Directus\Database\TableGateway\RelationalTableGateway.php(747): Directus\Database\TableGateway\RelationalTableGateway->loadItems(Array)
#4 C:\xampp\htdocs\killer\api\core\Directus\Database\TableGateway\RelationalTableGateway.php(735): Directus\Database\TableGateway\RelationalTableGateway->getItems(Array)
#5 C:\xampp\htdocs\killer\api\routes\A1\Entries.php(48): Directus\Database\TableGateway\RelationalTableGateway->getEntries(Array)
#6 [internal function]: Directus\API\Routes\A1\Entries->rows('users')
#7 C:\xampp\htdocs\killer\vendor\slim\slim\Slim\Route.php(468): call_user_func_array(Array, Array)
#8 C:\xampp\htdocs\killer\vendor\slim\slim\Slim\Slim.php(1357): Slim\Route->dispatch()
#9 C:\xampp\htdocs\killer\vendor\slim\slim\Slim\Middleware\Flash.php(85): Slim\Slim->call()
#10 C:\xampp\htdocs\killer\vendor\slim\slim\Slim\Middleware\MethodOverride.php(92): Slim\Middleware\Flash->call()
#11 C:\xampp\htdocs\killer\api\core\Directus\Slim\CorsMiddleware.php(24): Slim\Middleware\MethodOverride->call()
#12 C:\xampp\htdocs\killer\api\core\Directus\Slim\CacheMiddleware.php(18): Directus\Slim\CorsMiddleware->call()
#13 C:\xampp\htdocs\killer\vendor\slim\slim\Slim\Slim.php(1302): Directus\Slim\CacheMiddleware->call()
#14 C:\xampp\htdocs\killer\api\core\Directus\Application\Application.php(103): Slim\Slim->run()
#15 C:\xampp\htdocs\killer\api\api.php(527): Directus\Application\Application->run()
#16 {main}
ERROR - 2017-10-24T11:16:28-04:00 - TypeError: Argument 2 passed to Directus\Database\TableGateway\RelationalTableGateway::processFilters() must be of the type array, string given in C:\xampp\htdocs\killer\api\core\Directus\Database\TableGateway\RelationalTableGateway.php:949
Stack trace:
#0 [internal function]: Directus\Database\TableGateway\RelationalTableGateway->processFilters(Object(Directus\Database\Query\Builder), '{"username[eq]"...')
#1 C:\xampp\htdocs\killer\api\core\Directus\Database\TableGateway\RelationalTableGateway.php(716): call_user_func_array(Array, Array)
#2 C:\xampp\htdocs\killer\api\core\Directus\Database\TableGateway\RelationalTableGateway.php(839): Directus\Database\TableGateway\RelationalTableGateway->applyParamsToTableEntriesSelect(Array, Object(Directus\Database\Query\Builder), Object(Directus\Database\Object\Table), false)
#3 C:\xampp\htdocs\killer\api\core\Directus\Database\TableGateway\RelationalTableGateway.php(747): Directus\Database\TableGateway\RelationalTableGateway->loadItems(Array)
#4 C:\xampp\htdocs\killer\api\core\Directus\Database\TableGateway\RelationalTableGateway.php(735): Directus\Database\TableGateway\RelationalTableGateway->getItems(Array)
#5 C:\xampp\htdocs\killer\api\routes\A1\Entries.php(48): Directus\Database\TableGateway\RelationalTableGateway->getEntries(Array)
#6 [internal function]: Directus\API\Routes\A1\Entries->rows('users')
#7 C:\xampp\htdocs\killer\vendor\slim\slim\Slim\Route.php(468): call_user_func_array(Array, Array)
#8 C:\xampp\htdocs\killer\vendor\slim\slim\Slim\Slim.php(1357): Slim\Route->dispatch()
#9 C:\xampp\htdocs\killer\vendor\slim\slim\Slim\Middleware\Flash.php(85): Slim\Slim->call()
#10 C:\xampp\htdocs\killer\vendor\slim\slim\Slim\Middleware\MethodOverride.php(92): Slim\Middleware\Flash->call()
#11 C:\xampp\htdocs\killer\api\core\Directus\Slim\CorsMiddleware.php(24): Slim\Middleware\MethodOverride->call()
#12 C:\xampp\htdocs\killer\api\core\Directus\Slim\CacheMiddleware.php(18): Directus\Slim\CorsMiddleware->call()
#13 C:\xampp\htdocs\killer\vendor\slim\slim\Slim\Slim.php(1302): Directus\Slim\CacheMiddleware->call()
#14 C:\xampp\htdocs\killer\api\core\Directus\Application\Application.php(103): Slim\Slim->run()
#15 C:\xampp\htdocs\killer\api\api.php(527): Directus\Application\Application->run()
#16 {main}
ERROR - 2017-10-24T11:17:24-04:00 - TypeError: Argument 2 passed to Directus\Database\TableGateway\RelationalTableGateway::processFilters() must be of the type array, string given in C:\xampp\htdocs\killer\api\core\Directus\Database\TableGateway\RelationalTableGateway.php:949
Stack trace:
#0 [internal function]: Directus\Database\TableGateway\RelationalTableGateway->processFilters(Object(Directus\Database\Query\Builder), '{"username[eq]"...')
#1 C:\xampp\htdocs\killer\api\core\Directus\Database\TableGateway\RelationalTableGateway.php(716): call_user_func_array(Array, Array)
#2 C:\xampp\htdocs\killer\api\core\Directus\Database\TableGateway\RelationalTableGateway.php(839): Directus\Database\TableGateway\RelationalTableGateway->applyParamsToTableEntriesSelect(Array, Object(Directus\Database\Query\Builder), Object(Directus\Database\Object\Table), false)
#3 C:\xampp\htdocs\killer\api\core\Directus\Database\TableGateway\RelationalTableGateway.php(747): Directus\Database\TableGateway\RelationalTableGateway->loadItems(Array)
#4 C:\xampp\htdocs\killer\api\core\Directus\Database\TableGateway\RelationalTableGateway.php(735): Directus\Database\TableGateway\RelationalTableGateway->getItems(Array)
#5 C:\xampp\htdocs\killer\api\routes\A1\Entries.php(48): Directus\Database\TableGateway\RelationalTableGateway->getEntries(Array)
#6 [internal function]: Directus\API\Routes\A1\Entries->rows('users')
#7 C:\xampp\htdocs\killer\vendor\slim\slim\Slim\Route.php(468): call_user_func_array(Array, Array)
#8 C:\xampp\htdocs\killer\vendor\slim\slim\Slim\Slim.php(1357): Slim\Route->dispatch()
#9 C:\xampp\htdocs\killer\vendor\slim\slim\Slim\Middleware\Flash.php(85): Slim\Slim->call()
#10 C:\xampp\htdocs\killer\vendor\slim\slim\Slim\Middleware\MethodOverride.php(92): Slim\Middleware\Flash->call()
#11 C:\xampp\htdocs\killer\api\core\Directus\Slim\CorsMiddleware.php(24): Slim\Middleware\MethodOverride->call()
#12 C:\xampp\htdocs\killer\api\core\Directus\Slim\CacheMiddleware.php(18): Directus\Slim\CorsMiddleware->call()
#13 C:\xampp\htdocs\killer\vendor\slim\slim\Slim\Slim.php(1302): Directus\Slim\CacheMiddleware->call()
#14 C:\xampp\htdocs\killer\api\core\Directus\Application\Application.php(103): Slim\Slim->run()
#15 C:\xampp\htdocs\killer\api\api.php(527): Directus\Application\Application->run()
#16 {main}
