ERROR - 2017-10-31T09:51:59-04:00 - PDOException: SQLSTATE[42S22]: Column not found: 1054 Unknown column 'Contracts.killerid' in 'where clause' in C:\xampp\htdocs\killer\vendor\zendframework\zend-db\src\Adapter\Driver\Pdo\Statement.php:239
Stack trace:
#0 C:\xampp\htdocs\killer\vendor\zendframework\zend-db\src\Adapter\Driver\Pdo\Statement.php(239): PDOStatement->execute()
#1 C:\xampp\htdocs\killer\vendor\zendframework\zend-db\src\TableGateway\AbstractTableGateway.php(239): Zend\Db\Adapter\Driver\Pdo\Statement->execute()
#2 C:\xampp\htdocs\killer\api\core\Directus\Database\TableGateway\BaseTableGateway.php(689): Zend\Db\TableGateway\AbstractTableGateway->executeSelect(Object(Zend\Db\Sql\Select))
#3 C:\xampp\htdocs\killer\vendor\zendframework\zend-db\src\TableGateway\AbstractTableGateway.php(209): Directus\Database\TableGateway\BaseTableGateway->executeSelect(Object(Zend\Db\Sql\Select))
#4 C:\xampp\htdocs\killer\api\core\Directus\Database\TableGateway\RelationalTableGateway.php(854): Zend\Db\TableGateway\AbstractTableGateway->selectWith(Object(Zend\Db\Sql\Select))
#5 C:\xampp\htdocs\killer\api\core\Directus\Database\TableGateway\RelationalTableGateway.php(747): Directus\Database\TableGateway\RelationalTableGateway->loadItems(Array)
#6 C:\xampp\htdocs\killer\api\core\Directus\Database\TableGateway\RelationalTableGateway.php(735): Directus\Database\TableGateway\RelationalTableGateway->getItems(Array)
#7 C:\xampp\htdocs\killer\api\routes\A1\Entries.php(48): Directus\Database\TableGateway\RelationalTableGateway->getEntries(Array)
#8 [internal function]: Directus\API\Routes\A1\Entries->rows('Contracts')
#9 C:\xampp\htdocs\killer\vendor\slim\slim\Slim\Route.php(468): call_user_func_array(Array, Array)
#10 C:\xampp\htdocs\killer\vendor\slim\slim\Slim\Slim.php(1357): Slim\Route->dispatch()
#11 C:\xampp\htdocs\killer\vendor\slim\slim\Slim\Middleware\Flash.php(85): Slim\Slim->call()
#12 C:\xampp\htdocs\killer\vendor\slim\slim\Slim\Middleware\MethodOverride.php(92): Slim\Middleware\Flash->call()
#13 C:\xampp\htdocs\killer\api\core\Directus\Slim\CorsMiddleware.php(24): Slim\Middleware\MethodOverride->call()
#14 C:\xampp\htdocs\killer\api\core\Directus\Slim\CacheMiddleware.php(18): Directus\Slim\CorsMiddleware->call()
#15 C:\xampp\htdocs\killer\vendor\slim\slim\Slim\Slim.php(1302): Directus\Slim\CacheMiddleware->call()
#16 C:\xampp\htdocs\killer\api\core\Directus\Application\Application.php(103): Slim\Slim->run()
#17 C:\xampp\htdocs\killer\api\api.php(527): Directus\Application\Application->run()
#18 {main}

Next Zend\Db\Adapter\Exception\InvalidQueryException: Statement could not be executed (42S22 - 1054 - Unknown column 'Contracts.killerid' in 'where clause') in C:\xampp\htdocs\killer\vendor\zendframework\zend-db\src\Adapter\Driver\Pdo\Statement.php:244
Stack trace:
#0 C:\xampp\htdocs\killer\vendor\zendframework\zend-db\src\TableGateway\AbstractTableGateway.php(239): Zend\Db\Adapter\Driver\Pdo\Statement->execute()
#1 C:\xampp\htdocs\killer\api\core\Directus\Database\TableGateway\BaseTableGateway.php(689): Zend\Db\TableGateway\AbstractTableGateway->executeSelect(Object(Zend\Db\Sql\Select))
#2 C:\xampp\htdocs\killer\vendor\zendframework\zend-db\src\TableGateway\AbstractTableGateway.php(209): Directus\Database\TableGateway\BaseTableGateway->executeSelect(Object(Zend\Db\Sql\Select))
#3 C:\xampp\htdocs\killer\api\core\Directus\Database\TableGateway\RelationalTableGateway.php(854): Zend\Db\TableGateway\AbstractTableGateway->selectWith(Object(Zend\Db\Sql\Select))
#4 C:\xampp\htdocs\killer\api\core\Directus\Database\TableGateway\RelationalTableGateway.php(747): Directus\Database\TableGateway\RelationalTableGateway->loadItems(Array)
#5 C:\xampp\htdocs\killer\api\core\Directus\Database\TableGateway\RelationalTableGateway.php(735): Directus\Database\TableGateway\RelationalTableGateway->getItems(Array)
#6 C:\xampp\htdocs\killer\api\routes\A1\Entries.php(48): Directus\Database\TableGateway\RelationalTableGateway->getEntries(Array)
#7 [internal function]: Directus\API\Routes\A1\Entries->rows('Contracts')
#8 C:\xampp\htdocs\killer\vendor\slim\slim\Slim\Route.php(468): call_user_func_array(Array, Array)
#9 C:\xampp\htdocs\killer\vendor\slim\slim\Slim\Slim.php(1357): Slim\Route->dispatch()
#10 C:\xampp\htdocs\killer\vendor\slim\slim\Slim\Middleware\Flash.php(85): Slim\Slim->call()
#11 C:\xampp\htdocs\killer\vendor\slim\slim\Slim\Middleware\MethodOverride.php(92): Slim\Middleware\Flash->call()
#12 C:\xampp\htdocs\killer\api\core\Directus\Slim\CorsMiddleware.php(24): Slim\Middleware\MethodOverride->call()
#13 C:\xampp\htdocs\killer\api\core\Directus\Slim\CacheMiddleware.php(18): Directus\Slim\CorsMiddleware->call()
#14 C:\xampp\htdocs\killer\vendor\slim\slim\Slim\Slim.php(1302): Directus\Slim\CacheMiddleware->call()
#15 C:\xampp\htdocs\killer\api\core\Directus\Application\Application.php(103): Slim\Slim->run()
#16 C:\xampp\htdocs\killer\api\api.php(527): Directus\Application\Application->run()
#17 {main}

Next RuntimeException: This query failed: SELECT `Contracts`.`id` AS `id`, `Contracts`.`status` AS `status`, `Contracts`.`sort` AS `sort`, `Contracts`.`contacttargetid` AS `contacttargetid`, `Contracts`.`contractactionid` AS `contractactionid`, `Contracts`.`contractplaceid` AS `contractplaceid`, `Contracts`.`contractstartdate` AS `contractstartdate` FROM `Contracts` WHERE `Contracts`.`killerid` = '1' AND `Contracts`.`status` IN ('1') ORDER BY `Contracts`.`sort` ASC LIMIT 200 OFFSET 0 in C:\xampp\htdocs\killer\api\core\Directus\Database\TableGateway\BaseTableGateway.php:704
Stack trace:
#0 C:\xampp\htdocs\killer\vendor\zendframework\zend-db\src\TableGateway\AbstractTableGateway.php(209): Directus\Database\TableGateway\BaseTableGateway->executeSelect(Object(Zend\Db\Sql\Select))
#1 C:\xampp\htdocs\killer\api\core\Directus\Database\TableGateway\RelationalTableGateway.php(854): Zend\Db\TableGateway\AbstractTableGateway->selectWith(Object(Zend\Db\Sql\Select))
#2 C:\xampp\htdocs\killer\api\core\Directus\Database\TableGateway\RelationalTableGateway.php(747): Directus\Database\TableGateway\RelationalTableGateway->loadItems(Array)
#3 C:\xampp\htdocs\killer\api\core\Directus\Database\TableGateway\RelationalTableGateway.php(735): Directus\Database\TableGateway\RelationalTableGateway->getItems(Array)
#4 C:\xampp\htdocs\killer\api\routes\A1\Entries.php(48): Directus\Database\TableGateway\RelationalTableGateway->getEntries(Array)
#5 [internal function]: Directus\API\Routes\A1\Entries->rows('Contracts')
#6 C:\xampp\htdocs\killer\vendor\slim\slim\Slim\Route.php(468): call_user_func_array(Array, Array)
#7 C:\xampp\htdocs\killer\vendor\slim\slim\Slim\Slim.php(1357): Slim\Route->dispatch()
#8 C:\xampp\htdocs\killer\vendor\slim\slim\Slim\Middleware\Flash.php(85): Slim\Slim->call()
#9 C:\xampp\htdocs\killer\vendor\slim\slim\Slim\Middleware\MethodOverride.php(92): Slim\Middleware\Flash->call()
#10 C:\xampp\htdocs\killer\api\core\Directus\Slim\CorsMiddleware.php(24): Slim\Middleware\MethodOverride->call()
#11 C:\xampp\htdocs\killer\api\core\Directus\Slim\CacheMiddleware.php(18): Directus\Slim\CorsMiddleware->call()
#12 C:\xampp\htdocs\killer\vendor\slim\slim\Slim\Slim.php(1302): Directus\Slim\CacheMiddleware->call()
#13 C:\xampp\htdocs\killer\api\core\Directus\Application\Application.php(103): Slim\Slim->run()
#14 C:\xampp\htdocs\killer\api\api.php(527): Directus\Application\Application->run()
#15 {main}
ERROR - 2017-10-31T13:41:13-04:00 - ErrorException: Maximum execution time of 30 seconds exceeded in C:\xampp\htdocs\killer\api\core\Directus\Database\Object\Column.php:28
Stack trace:
#0 [internal function]: Directus\Exception\ExceptionHandler->handleShutdown()
#1 {main}
