ERROR - 2017-11-18T05:49:47-05:00 - ErrorException: strpos() expects parameter 1 to be string, array given in C:\xampp\htdocs\killer\api\core\Directus\Filesystem\Files.php:233
Stack trace:
#0 [internal function]: Slim\Slim::handleErrors(2, 'strpos() expect...', 'C:\\xampp\\htdocs...', 233, Array)
#1 C:\xampp\htdocs\killer\api\core\Directus\Filesystem\Files.php(233): strpos(Array, 'data:')
#2 C:\xampp\htdocs\killer\api\routes\A1\Files.php(72): Directus\Filesystem\Files->getDataInfo(Array)
#3 [internal function]: Directus\API\Routes\A1\Files->files()
#4 C:\xampp\htdocs\killer\vendor\slim\slim\Slim\Route.php(468): call_user_func_array(Array, Array)
#5 C:\xampp\htdocs\killer\vendor\slim\slim\Slim\Slim.php(1357): Slim\Route->dispatch()
#6 C:\xampp\htdocs\killer\vendor\slim\slim\Slim\Middleware\Flash.php(85): Slim\Slim->call()
#7 C:\xampp\htdocs\killer\vendor\slim\slim\Slim\Middleware\MethodOverride.php(92): Slim\Middleware\Flash->call()
#8 C:\xampp\htdocs\killer\api\core\Directus\Slim\CorsMiddleware.php(24): Slim\Middleware\MethodOverride->call()
#9 C:\xampp\htdocs\killer\api\core\Directus\Slim\CacheMiddleware.php(18): Directus\Slim\CorsMiddleware->call()
#10 C:\xampp\htdocs\killer\vendor\slim\slim\Slim\Slim.php(1302): Directus\Slim\CacheMiddleware->call()
#11 C:\xampp\htdocs\killer\api\core\Directus\Application\Application.php(103): Slim\Slim->run()
#12 C:\xampp\htdocs\killer\api\api.php(527): Directus\Application\Application->run()
#13 {main}
ERROR - 2017-11-18T06:04:16-05:00 - League\Flysystem\FileNotFoundException: File not found at path: a in C:\xampp\htdocs\killer\vendor\league\flysystem\src\Filesystem.php:386
Stack trace:
#0 C:\xampp\htdocs\killer\vendor\league\flysystem\src\Filesystem.php(210): League\Flysystem\Filesystem->assertPresent('a')
#1 C:\xampp\htdocs\killer\api\core\Directus\Filesystem\Files.php(61): League\Flysystem\Filesystem->rename('a', '00000000010.')
#2 C:\xampp\htdocs\killer\api\core\Directus\Database\TableGateway\BaseTableGateway.php(401): Directus\Filesystem\Files->rename('a', '00000000010.')
#3 C:\xampp\htdocs\killer\api\core\Directus\Database\TableGateway\RelationalTableGateway.php(152): Directus\Database\TableGateway\BaseTableGateway->addOrUpdateRecordByArray(Array)
#4 C:\xampp\htdocs\killer\api\core\Directus\Database\TableGateway\RelationalTableGateway.php(72): Directus\Database\TableGateway\RelationalTableGateway->manageRecordUpdate('directus_files', Array, 1)
#5 C:\xampp\htdocs\killer\api\routes\A1\Files.php(92): Directus\Database\TableGateway\RelationalTableGateway->updateRecord(Array, 1)
#6 [internal function]: Directus\API\Routes\A1\Files->files()
#7 C:\xampp\htdocs\killer\vendor\slim\slim\Slim\Route.php(468): call_user_func_array(Array, Array)
#8 C:\xampp\htdocs\killer\vendor\slim\slim\Slim\Slim.php(1357): Slim\Route->dispatch()
#9 C:\xampp\htdocs\killer\vendor\slim\slim\Slim\Middleware\Flash.php(85): Slim\Slim->call()
#10 C:\xampp\htdocs\killer\vendor\slim\slim\Slim\Middleware\MethodOverride.php(92): Slim\Middleware\Flash->call()
#11 C:\xampp\htdocs\killer\api\core\Directus\Slim\CorsMiddleware.php(24): Slim\Middleware\MethodOverride->call()
#12 C:\xampp\htdocs\killer\api\core\Directus\Slim\CacheMiddleware.php(18): Directus\Slim\CorsMiddleware->call()
#13 C:\xampp\htdocs\killer\vendor\slim\slim\Slim\Slim.php(1302): Directus\Slim\CacheMiddleware->call()
#14 C:\xampp\htdocs\killer\api\core\Directus\Application\Application.php(103): Slim\Slim->run()
#15 C:\xampp\htdocs\killer\api\api.php(527): Directus\Application\Application->run()
#16 {main}
ERROR - 2017-11-18T06:07:17-05:00 - League\Flysystem\FileNotFoundException: File not found at path: a in C:\xampp\htdocs\killer\vendor\league\flysystem\src\Filesystem.php:386
Stack trace:
#0 C:\xampp\htdocs\killer\vendor\league\flysystem\src\Filesystem.php(210): League\Flysystem\Filesystem->assertPresent('a')
#1 C:\xampp\htdocs\killer\api\core\Directus\Filesystem\Files.php(61): League\Flysystem\Filesystem->rename('a', '00000000011.')
#2 C:\xampp\htdocs\killer\api\core\Directus\Database\TableGateway\BaseTableGateway.php(401): Directus\Filesystem\Files->rename('a', '00000000011.')
#3 C:\xampp\htdocs\killer\api\core\Directus\Database\TableGateway\RelationalTableGateway.php(152): Directus\Database\TableGateway\BaseTableGateway->addOrUpdateRecordByArray(Array)
#4 C:\xampp\htdocs\killer\api\core\Directus\Database\TableGateway\RelationalTableGateway.php(72): Directus\Database\TableGateway\RelationalTableGateway->manageRecordUpdate('directus_files', Array, 1)
#5 C:\xampp\htdocs\killer\api\routes\A1\Files.php(92): Directus\Database\TableGateway\RelationalTableGateway->updateRecord(Array, 1)
#6 [internal function]: Directus\API\Routes\A1\Files->files()
#7 C:\xampp\htdocs\killer\vendor\slim\slim\Slim\Route.php(468): call_user_func_array(Array, Array)
#8 C:\xampp\htdocs\killer\vendor\slim\slim\Slim\Slim.php(1357): Slim\Route->dispatch()
#9 C:\xampp\htdocs\killer\vendor\slim\slim\Slim\Middleware\Flash.php(85): Slim\Slim->call()
#10 C:\xampp\htdocs\killer\vendor\slim\slim\Slim\Middleware\MethodOverride.php(92): Slim\Middleware\Flash->call()
#11 C:\xampp\htdocs\killer\api\core\Directus\Slim\CorsMiddleware.php(24): Slim\Middleware\MethodOverride->call()
#12 C:\xampp\htdocs\killer\api\core\Directus\Slim\CacheMiddleware.php(18): Directus\Slim\CorsMiddleware->call()
#13 C:\xampp\htdocs\killer\vendor\slim\slim\Slim\Slim.php(1302): Directus\Slim\CacheMiddleware->call()
#14 C:\xampp\htdocs\killer\api\core\Directus\Application\Application.php(103): Slim\Slim->run()
#15 C:\xampp\htdocs\killer\api\api.php(527): Directus\Application\Application->run()
#16 {main}
ERROR - 2017-11-18T06:13:19-05:00 - League\Flysystem\FileNotFoundException: File not found at path: ss in C:\xampp\htdocs\killer\vendor\league\flysystem\src\Filesystem.php:386
Stack trace:
#0 C:\xampp\htdocs\killer\vendor\league\flysystem\src\Filesystem.php(210): League\Flysystem\Filesystem->assertPresent('ss')
#1 C:\xampp\htdocs\killer\api\core\Directus\Filesystem\Files.php(61): League\Flysystem\Filesystem->rename('ss', '00000000012.')
#2 C:\xampp\htdocs\killer\api\core\Directus\Database\TableGateway\BaseTableGateway.php(401): Directus\Filesystem\Files->rename('ss', '00000000012.')
#3 C:\xampp\htdocs\killer\api\core\Directus\Database\TableGateway\RelationalTableGateway.php(152): Directus\Database\TableGateway\BaseTableGateway->addOrUpdateRecordByArray(Array)
#4 C:\xampp\htdocs\killer\api\core\Directus\Database\TableGateway\RelationalTableGateway.php(72): Directus\Database\TableGateway\RelationalTableGateway->manageRecordUpdate('directus_files', Array, 1)
#5 C:\xampp\htdocs\killer\api\routes\A1\Files.php(92): Directus\Database\TableGateway\RelationalTableGateway->updateRecord(Array, 1)
#6 [internal function]: Directus\API\Routes\A1\Files->files()
#7 C:\xampp\htdocs\killer\vendor\slim\slim\Slim\Route.php(468): call_user_func_array(Array, Array)
#8 C:\xampp\htdocs\killer\vendor\slim\slim\Slim\Slim.php(1357): Slim\Route->dispatch()
#9 C:\xampp\htdocs\killer\vendor\slim\slim\Slim\Middleware\Flash.php(85): Slim\Slim->call()
#10 C:\xampp\htdocs\killer\vendor\slim\slim\Slim\Middleware\MethodOverride.php(92): Slim\Middleware\Flash->call()
#11 C:\xampp\htdocs\killer\api\core\Directus\Slim\CorsMiddleware.php(24): Slim\Middleware\MethodOverride->call()
#12 C:\xampp\htdocs\killer\api\core\Directus\Slim\CacheMiddleware.php(18): Directus\Slim\CorsMiddleware->call()
#13 C:\xampp\htdocs\killer\vendor\slim\slim\Slim\Slim.php(1302): Directus\Slim\CacheMiddleware->call()
#14 C:\xampp\htdocs\killer\api\core\Directus\Application\Application.php(103): Slim\Slim->run()
#15 C:\xampp\htdocs\killer\api\api.php(527): Directus\Application\Application->run()
#16 {main}
ERROR - 2017-11-18T06:14:40-05:00 - League\Flysystem\FileNotFoundException: File not found at path: s in C:\xampp\htdocs\killer\vendor\league\flysystem\src\Filesystem.php:386
Stack trace:
#0 C:\xampp\htdocs\killer\vendor\league\flysystem\src\Filesystem.php(210): League\Flysystem\Filesystem->assertPresent('s')
#1 C:\xampp\htdocs\killer\api\core\Directus\Filesystem\Files.php(61): League\Flysystem\Filesystem->rename('s', '00000000013.')
#2 C:\xampp\htdocs\killer\api\core\Directus\Database\TableGateway\BaseTableGateway.php(401): Directus\Filesystem\Files->rename('s', '00000000013.')
#3 C:\xampp\htdocs\killer\api\core\Directus\Database\TableGateway\RelationalTableGateway.php(152): Directus\Database\TableGateway\BaseTableGateway->addOrUpdateRecordByArray(Array)
#4 C:\xampp\htdocs\killer\api\core\Directus\Database\TableGateway\RelationalTableGateway.php(72): Directus\Database\TableGateway\RelationalTableGateway->manageRecordUpdate('directus_files', Array, 1)
#5 C:\xampp\htdocs\killer\api\routes\A1\Files.php(92): Directus\Database\TableGateway\RelationalTableGateway->updateRecord(Array, 1)
#6 [internal function]: Directus\API\Routes\A1\Files->files()
#7 C:\xampp\htdocs\killer\vendor\slim\slim\Slim\Route.php(468): call_user_func_array(Array, Array)
#8 C:\xampp\htdocs\killer\vendor\slim\slim\Slim\Slim.php(1357): Slim\Route->dispatch()
#9 C:\xampp\htdocs\killer\vendor\slim\slim\Slim\Middleware\Flash.php(85): Slim\Slim->call()
#10 C:\xampp\htdocs\killer\vendor\slim\slim\Slim\Middleware\MethodOverride.php(92): Slim\Middleware\Flash->call()
#11 C:\xampp\htdocs\killer\api\core\Directus\Slim\CorsMiddleware.php(24): Slim\Middleware\MethodOverride->call()
#12 C:\xampp\htdocs\killer\api\core\Directus\Slim\CacheMiddleware.php(18): Directus\Slim\CorsMiddleware->call()
#13 C:\xampp\htdocs\killer\vendor\slim\slim\Slim\Slim.php(1302): Directus\Slim\CacheMiddleware->call()
#14 C:\xampp\htdocs\killer\api\core\Directus\Application\Application.php(103): Slim\Slim->run()
#15 C:\xampp\htdocs\killer\api\api.php(527): Directus\Application\Application->run()
#16 {main}
ERROR - 2017-11-18T06:33:44-05:00 - ErrorException: Undefined index: extension in C:\xampp\htdocs\killer\api\core\Directus\Filesystem\Files.php:569
Stack trace:
#0 C:\xampp\htdocs\killer\api\core\Directus\Filesystem\Files.php(569): Slim\Slim::handleErrors(8, 'Undefined index...', 'C:\\xampp\\htdocs...', 569, Array)
#1 C:\xampp\htdocs\killer\api\core\Directus\Filesystem\Files.php(612): Directus\Filesystem\Files->uniqueName('a', 'C:\\xampp\\htdocs...')
#2 C:\xampp\htdocs\killer\api\core\Directus\Filesystem\Files.php(260): Directus\Filesystem\Files->getFileName('a')
#3 C:\xampp\htdocs\killer\api\routes\A1\Files.php(87): Directus\Filesystem\Files->saveData('\x89PNG\r\n\x1A\n\x00\x00\x00\rIHD...', 'a')
#4 [internal function]: Directus\API\Routes\A1\Files->files()
#5 C:\xampp\htdocs\killer\vendor\slim\slim\Slim\Route.php(468): call_user_func_array(Array, Array)
#6 C:\xampp\htdocs\killer\vendor\slim\slim\Slim\Slim.php(1357): Slim\Route->dispatch()
#7 C:\xampp\htdocs\killer\vendor\slim\slim\Slim\Middleware\Flash.php(85): Slim\Slim->call()
#8 C:\xampp\htdocs\killer\vendor\slim\slim\Slim\Middleware\MethodOverride.php(92): Slim\Middleware\Flash->call()
#9 C:\xampp\htdocs\killer\api\core\Directus\Slim\CorsMiddleware.php(24): Slim\Middleware\MethodOverride->call()
#10 C:\xampp\htdocs\killer\api\core\Directus\Slim\CacheMiddleware.php(18): Directus\Slim\CorsMiddleware->call()
#11 C:\xampp\htdocs\killer\vendor\slim\slim\Slim\Slim.php(1302): Directus\Slim\CacheMiddleware->call()
#12 C:\xampp\htdocs\killer\api\core\Directus\Application\Application.php(103): Slim\Slim->run()
#13 C:\xampp\htdocs\killer\api\api.php(527): Directus\Application\Application->run()
#14 {main}
ERROR - 2017-11-18T06:35:18-05:00 - ErrorException: Undefined index: extension in C:\xampp\htdocs\killer\api\core\Directus\Filesystem\Files.php:569
Stack trace:
#0 C:\xampp\htdocs\killer\api\core\Directus\Filesystem\Files.php(569): Slim\Slim::handleErrors(8, 'Undefined index...', 'C:\\xampp\\htdocs...', 569, Array)
#1 C:\xampp\htdocs\killer\api\core\Directus\Filesystem\Files.php(612): Directus\Filesystem\Files->uniqueName('s', 'C:\\xampp\\htdocs...')
#2 C:\xampp\htdocs\killer\api\core\Directus\Filesystem\Files.php(260): Directus\Filesystem\Files->getFileName('s')
#3 C:\xampp\htdocs\killer\api\routes\A1\Files.php(87): Directus\Filesystem\Files->saveData('\x89PNG\r\n\x1A\n\x00\x00\x00\rIHD...', 's')
#4 [internal function]: Directus\API\Routes\A1\Files->files()
#5 C:\xampp\htdocs\killer\vendor\slim\slim\Slim\Route.php(468): call_user_func_array(Array, Array)
#6 C:\xampp\htdocs\killer\vendor\slim\slim\Slim\Slim.php(1357): Slim\Route->dispatch()
#7 C:\xampp\htdocs\killer\vendor\slim\slim\Slim\Middleware\Flash.php(85): Slim\Slim->call()
#8 C:\xampp\htdocs\killer\vendor\slim\slim\Slim\Middleware\MethodOverride.php(92): Slim\Middleware\Flash->call()
#9 C:\xampp\htdocs\killer\api\core\Directus\Slim\CorsMiddleware.php(24): Slim\Middleware\MethodOverride->call()
#10 C:\xampp\htdocs\killer\api\core\Directus\Slim\CacheMiddleware.php(18): Directus\Slim\CorsMiddleware->call()
#11 C:\xampp\htdocs\killer\vendor\slim\slim\Slim\Slim.php(1302): Directus\Slim\CacheMiddleware->call()
#12 C:\xampp\htdocs\killer\api\core\Directus\Application\Application.php(103): Slim\Slim->run()
#13 C:\xampp\htdocs\killer\api\api.php(527): Directus\Application\Application->run()
#14 {main}
ERROR - 2017-11-18T06:45:31-05:00 - ErrorException: Undefined index: extension in C:\xampp\htdocs\killer\api\core\Directus\Filesystem\Files.php:569
Stack trace:
#0 C:\xampp\htdocs\killer\api\core\Directus\Filesystem\Files.php(569): Slim\Slim::handleErrors(8, 'Undefined index...', 'C:\\xampp\\htdocs...', 569, Array)
#1 C:\xampp\htdocs\killer\api\core\Directus\Filesystem\Files.php(612): Directus\Filesystem\Files->uniqueName('aa', 'C:\\xampp\\htdocs...')
#2 C:\xampp\htdocs\killer\api\core\Directus\Filesystem\Files.php(260): Directus\Filesystem\Files->getFileName('aa')
#3 C:\xampp\htdocs\killer\api\routes\A1\Files.php(87): Directus\Filesystem\Files->saveData('\x89PNG\r\n\x1A\n\x00\x00\x00\rIHD...', 'aa')
#4 [internal function]: Directus\API\Routes\A1\Files->files()
#5 C:\xampp\htdocs\killer\vendor\slim\slim\Slim\Route.php(468): call_user_func_array(Array, Array)
#6 C:\xampp\htdocs\killer\vendor\slim\slim\Slim\Slim.php(1357): Slim\Route->dispatch()
#7 C:\xampp\htdocs\killer\vendor\slim\slim\Slim\Middleware\Flash.php(85): Slim\Slim->call()
#8 C:\xampp\htdocs\killer\vendor\slim\slim\Slim\Middleware\MethodOverride.php(92): Slim\Middleware\Flash->call()
#9 C:\xampp\htdocs\killer\api\core\Directus\Slim\CorsMiddleware.php(24): Slim\Middleware\MethodOverride->call()
#10 C:\xampp\htdocs\killer\api\core\Directus\Slim\CacheMiddleware.php(18): Directus\Slim\CorsMiddleware->call()
#11 C:\xampp\htdocs\killer\vendor\slim\slim\Slim\Slim.php(1302): Directus\Slim\CacheMiddleware->call()
#12 C:\xampp\htdocs\killer\api\core\Directus\Application\Application.php(103): Slim\Slim->run()
#13 C:\xampp\htdocs\killer\api\api.php(527): Directus\Application\Application->run()
#14 {main}
