ERROR - 2017-10-25T04:51:26-04:00 - PDOException: SQLSTATE[42000]: Syntax error or access violation: 1064 You have an error in your SQL syntax; check the manual that corresponds to your MariaDB server version for the right syntax to use near ') COMMENT "''"' at line 1 in C:\xampp\htdocs\killer\vendor\zendframework\zend-db\src\Adapter\Driver\Pdo\Statement.php:239
Stack trace:
#0 C:\xampp\htdocs\killer\vendor\zendframework\zend-db\src\Adapter\Driver\Pdo\Statement.php(239): PDOStatement->execute()
#1 C:\xampp\htdocs\killer\api\core\Directus\Database\TableGateway\BaseTableGateway.php(612): Zend\Db\Adapter\Driver\Pdo\Statement->execute()
#2 C:\xampp\htdocs\killer\api\core\Directus\Database\TableGateway\BaseTableGateway.php(565): Directus\Database\TableGateway\BaseTableGateway->addTableColumn('killers', Array)
#3 C:\xampp\htdocs\killer\api\core\Directus\Services\ColumnsService.php(311): Directus\Database\TableGateway\BaseTableGateway->addColumn('killers', Array)
#4 C:\xampp\htdocs\killer\api\core\Directus\Services\ColumnsService.php(287): Directus\Services\ColumnsService->createColumn('killers', Array)
#5 C:\xampp\htdocs\killer\api\routes\A1\Table.php(88): Directus\Services\ColumnsService->addColumn('killers', Array)
#6 [internal function]: Directus\API\Routes\A1\Table->columns('killers')
#7 C:\xampp\htdocs\killer\vendor\slim\slim\Slim\Route.php(468): call_user_func_array(Array, Array)
#8 C:\xampp\htdocs\killer\vendor\slim\slim\Slim\Slim.php(1357): Slim\Route->dispatch()
#9 C:\xampp\htdocs\killer\vendor\slim\slim\Slim\Middleware\Flash.php(85): Slim\Slim->call()
#10 C:\xampp\htdocs\killer\vendor\slim\slim\Slim\Middleware\MethodOverride.php(92): Slim\Middleware\Flash->call()
#11 C:\xampp\htdocs\killer\api\core\Directus\Slim\CorsMiddleware.php(24): Slim\Middleware\MethodOverride->call()
#12 C:\xampp\htdocs\killer\api\core\Directus\Slim\CacheMiddleware.php(18): Directus\Slim\CorsMiddleware->call()
#13 C:\xampp\htdocs\killer\vendor\slim\slim\Slim\Slim.php(1302): Directus\Slim\CacheMiddleware->call()
#14 C:\xampp\htdocs\killer\api\core\Directus\Application\Application.php(103): Slim\Slim->run()
#15 C:\xampp\htdocs\killer\api\api.php(527): Directus\Application\Application->run()
#16 {main}

Next Zend\Db\Adapter\Exception\InvalidQueryException: Statement could not be executed (42000 - 1064 - You have an error in your SQL syntax; check the manual that corresponds to your MariaDB server version for the right syntax to use near ') COMMENT "''"' at line 1) in C:\xampp\htdocs\killer\vendor\zendframework\zend-db\src\Adapter\Driver\Pdo\Statement.php:244
Stack trace:
#0 C:\xampp\htdocs\killer\api\core\Directus\Database\TableGateway\BaseTableGateway.php(612): Zend\Db\Adapter\Driver\Pdo\Statement->execute()
#1 C:\xampp\htdocs\killer\api\core\Directus\Database\TableGateway\BaseTableGateway.php(565): Directus\Database\TableGateway\BaseTableGateway->addTableColumn('killers', Array)
#2 C:\xampp\htdocs\killer\api\core\Directus\Services\ColumnsService.php(311): Directus\Database\TableGateway\BaseTableGateway->addColumn('killers', Array)
#3 C:\xampp\htdocs\killer\api\core\Directus\Services\ColumnsService.php(287): Directus\Services\ColumnsService->createColumn('killers', Array)
#4 C:\xampp\htdocs\killer\api\routes\A1\Table.php(88): Directus\Services\ColumnsService->addColumn('killers', Array)
#5 [internal function]: Directus\API\Routes\A1\Table->columns('killers')
#6 C:\xampp\htdocs\killer\vendor\slim\slim\Slim\Route.php(468): call_user_func_array(Array, Array)
#7 C:\xampp\htdocs\killer\vendor\slim\slim\Slim\Slim.php(1357): Slim\Route->dispatch()
#8 C:\xampp\htdocs\killer\vendor\slim\slim\Slim\Middleware\Flash.php(85): Slim\Slim->call()
#9 C:\xampp\htdocs\killer\vendor\slim\slim\Slim\Middleware\MethodOverride.php(92): Slim\Middleware\Flash->call()
#10 C:\xampp\htdocs\killer\api\core\Directus\Slim\CorsMiddleware.php(24): Slim\Middleware\MethodOverride->call()
#11 C:\xampp\htdocs\killer\api\core\Directus\Slim\CacheMiddleware.php(18): Directus\Slim\CorsMiddleware->call()
#12 C:\xampp\htdocs\killer\vendor\slim\slim\Slim\Slim.php(1302): Directus\Slim\CacheMiddleware->call()
#13 C:\xampp\htdocs\killer\api\core\Directus\Application\Application.php(103): Slim\Slim->run()
#14 C:\xampp\htdocs\killer\api\api.php(527): Directus\Application\Application->run()
#15 {main}
ERROR - 2017-10-25T05:00:23-04:00 - PDOException: SQLSTATE[42000]: Syntax error or access violation: 1067 Invalid default value for 'killersex' in C:\xampp\htdocs\killer\vendor\zendframework\zend-db\src\Adapter\Driver\Pdo\Statement.php:239
Stack trace:
#0 C:\xampp\htdocs\killer\vendor\zendframework\zend-db\src\Adapter\Driver\Pdo\Statement.php(239): PDOStatement->execute()
#1 C:\xampp\htdocs\killer\api\core\Directus\Database\TableGateway\BaseTableGateway.php(612): Zend\Db\Adapter\Driver\Pdo\Statement->execute()
#2 C:\xampp\htdocs\killer\api\core\Directus\Database\TableGateway\BaseTableGateway.php(565): Directus\Database\TableGateway\BaseTableGateway->addTableColumn('killers', Array)
#3 C:\xampp\htdocs\killer\api\core\Directus\Services\ColumnsService.php(311): Directus\Database\TableGateway\BaseTableGateway->addColumn('killers', Array)
#4 C:\xampp\htdocs\killer\api\core\Directus\Services\ColumnsService.php(287): Directus\Services\ColumnsService->createColumn('killers', Array)
#5 C:\xampp\htdocs\killer\api\routes\A1\Table.php(88): Directus\Services\ColumnsService->addColumn('killers', Array)
#6 [internal function]: Directus\API\Routes\A1\Table->columns('killers')
#7 C:\xampp\htdocs\killer\vendor\slim\slim\Slim\Route.php(468): call_user_func_array(Array, Array)
#8 C:\xampp\htdocs\killer\vendor\slim\slim\Slim\Slim.php(1357): Slim\Route->dispatch()
#9 C:\xampp\htdocs\killer\vendor\slim\slim\Slim\Middleware\Flash.php(85): Slim\Slim->call()
#10 C:\xampp\htdocs\killer\vendor\slim\slim\Slim\Middleware\MethodOverride.php(92): Slim\Middleware\Flash->call()
#11 C:\xampp\htdocs\killer\api\core\Directus\Slim\CorsMiddleware.php(24): Slim\Middleware\MethodOverride->call()
#12 C:\xampp\htdocs\killer\api\core\Directus\Slim\CacheMiddleware.php(18): Directus\Slim\CorsMiddleware->call()
#13 C:\xampp\htdocs\killer\vendor\slim\slim\Slim\Slim.php(1302): Directus\Slim\CacheMiddleware->call()
#14 C:\xampp\htdocs\killer\api\core\Directus\Application\Application.php(103): Slim\Slim->run()
#15 C:\xampp\htdocs\killer\api\api.php(527): Directus\Application\Application->run()
#16 {main}

Next Zend\Db\Adapter\Exception\InvalidQueryException: Statement could not be executed (42000 - 1067 - Invalid default value for 'killersex') in C:\xampp\htdocs\killer\vendor\zendframework\zend-db\src\Adapter\Driver\Pdo\Statement.php:244
Stack trace:
#0 C:\xampp\htdocs\killer\api\core\Directus\Database\TableGateway\BaseTableGateway.php(612): Zend\Db\Adapter\Driver\Pdo\Statement->execute()
#1 C:\xampp\htdocs\killer\api\core\Directus\Database\TableGateway\BaseTableGateway.php(565): Directus\Database\TableGateway\BaseTableGateway->addTableColumn('killers', Array)
#2 C:\xampp\htdocs\killer\api\core\Directus\Services\ColumnsService.php(311): Directus\Database\TableGateway\BaseTableGateway->addColumn('killers', Array)
#3 C:\xampp\htdocs\killer\api\core\Directus\Services\ColumnsService.php(287): Directus\Services\ColumnsService->createColumn('killers', Array)
#4 C:\xampp\htdocs\killer\api\routes\A1\Table.php(88): Directus\Services\ColumnsService->addColumn('killers', Array)
#5 [internal function]: Directus\API\Routes\A1\Table->columns('killers')
#6 C:\xampp\htdocs\killer\vendor\slim\slim\Slim\Route.php(468): call_user_func_array(Array, Array)
#7 C:\xampp\htdocs\killer\vendor\slim\slim\Slim\Slim.php(1357): Slim\Route->dispatch()
#8 C:\xampp\htdocs\killer\vendor\slim\slim\Slim\Middleware\Flash.php(85): Slim\Slim->call()
#9 C:\xampp\htdocs\killer\vendor\slim\slim\Slim\Middleware\MethodOverride.php(92): Slim\Middleware\Flash->call()
#10 C:\xampp\htdocs\killer\api\core\Directus\Slim\CorsMiddleware.php(24): Slim\Middleware\MethodOverride->call()
#11 C:\xampp\htdocs\killer\api\core\Directus\Slim\CacheMiddleware.php(18): Directus\Slim\CorsMiddleware->call()
#12 C:\xampp\htdocs\killer\vendor\slim\slim\Slim\Slim.php(1302): Directus\Slim\CacheMiddleware->call()
#13 C:\xampp\htdocs\killer\api\core\Directus\Application\Application.php(103): Slim\Slim->run()
#14 C:\xampp\htdocs\killer\api\api.php(527): Directus\Application\Application->run()
#15 {main}
ERROR - 2017-10-25T05:02:07-04:00 - PDOException: SQLSTATE[42000]: Syntax error or access violation: 1064 You have an error in your SQL syntax; check the manual that corresponds to your MariaDB server version for the right syntax to use near ''F']" COMMENT "''"' at line 1 in C:\xampp\htdocs\killer\vendor\zendframework\zend-db\src\Adapter\Driver\Pdo\Statement.php:239
Stack trace:
#0 C:\xampp\htdocs\killer\vendor\zendframework\zend-db\src\Adapter\Driver\Pdo\Statement.php(239): PDOStatement->execute()
#1 C:\xampp\htdocs\killer\api\core\Directus\Database\TableGateway\BaseTableGateway.php(612): Zend\Db\Adapter\Driver\Pdo\Statement->execute()
#2 C:\xampp\htdocs\killer\api\core\Directus\Database\TableGateway\BaseTableGateway.php(565): Directus\Database\TableGateway\BaseTableGateway->addTableColumn('killers', Array)
#3 C:\xampp\htdocs\killer\api\core\Directus\Services\ColumnsService.php(311): Directus\Database\TableGateway\BaseTableGateway->addColumn('killers', Array)
#4 C:\xampp\htdocs\killer\api\core\Directus\Services\ColumnsService.php(287): Directus\Services\ColumnsService->createColumn('killers', Array)
#5 C:\xampp\htdocs\killer\api\routes\A1\Table.php(88): Directus\Services\ColumnsService->addColumn('killers', Array)
#6 [internal function]: Directus\API\Routes\A1\Table->columns('killers')
#7 C:\xampp\htdocs\killer\vendor\slim\slim\Slim\Route.php(468): call_user_func_array(Array, Array)
#8 C:\xampp\htdocs\killer\vendor\slim\slim\Slim\Slim.php(1357): Slim\Route->dispatch()
#9 C:\xampp\htdocs\killer\vendor\slim\slim\Slim\Middleware\Flash.php(85): Slim\Slim->call()
#10 C:\xampp\htdocs\killer\vendor\slim\slim\Slim\Middleware\MethodOverride.php(92): Slim\Middleware\Flash->call()
#11 C:\xampp\htdocs\killer\api\core\Directus\Slim\CorsMiddleware.php(24): Slim\Middleware\MethodOverride->call()
#12 C:\xampp\htdocs\killer\api\core\Directus\Slim\CacheMiddleware.php(18): Directus\Slim\CorsMiddleware->call()
#13 C:\xampp\htdocs\killer\vendor\slim\slim\Slim\Slim.php(1302): Directus\Slim\CacheMiddleware->call()
#14 C:\xampp\htdocs\killer\api\core\Directus\Application\Application.php(103): Slim\Slim->run()
#15 C:\xampp\htdocs\killer\api\api.php(527): Directus\Application\Application->run()
#16 {main}

Next Zend\Db\Adapter\Exception\InvalidQueryException: Statement could not be executed (42000 - 1064 - You have an error in your SQL syntax; check the manual that corresponds to your MariaDB server version for the right syntax to use near ''F']" COMMENT "''"' at line 1) in C:\xampp\htdocs\killer\vendor\zendframework\zend-db\src\Adapter\Driver\Pdo\Statement.php:244
Stack trace:
#0 C:\xampp\htdocs\killer\api\core\Directus\Database\TableGateway\BaseTableGateway.php(612): Zend\Db\Adapter\Driver\Pdo\Statement->execute()
#1 C:\xampp\htdocs\killer\api\core\Directus\Database\TableGateway\BaseTableGateway.php(565): Directus\Database\TableGateway\BaseTableGateway->addTableColumn('killers', Array)
#2 C:\xampp\htdocs\killer\api\core\Directus\Services\ColumnsService.php(311): Directus\Database\TableGateway\BaseTableGateway->addColumn('killers', Array)
#3 C:\xampp\htdocs\killer\api\core\Directus\Services\ColumnsService.php(287): Directus\Services\ColumnsService->createColumn('killers', Array)
#4 C:\xampp\htdocs\killer\api\routes\A1\Table.php(88): Directus\Services\ColumnsService->addColumn('killers', Array)
#5 [internal function]: Directus\API\Routes\A1\Table->columns('killers')
#6 C:\xampp\htdocs\killer\vendor\slim\slim\Slim\Route.php(468): call_user_func_array(Array, Array)
#7 C:\xampp\htdocs\killer\vendor\slim\slim\Slim\Slim.php(1357): Slim\Route->dispatch()
#8 C:\xampp\htdocs\killer\vendor\slim\slim\Slim\Middleware\Flash.php(85): Slim\Slim->call()
#9 C:\xampp\htdocs\killer\vendor\slim\slim\Slim\Middleware\MethodOverride.php(92): Slim\Middleware\Flash->call()
#10 C:\xampp\htdocs\killer\api\core\Directus\Slim\CorsMiddleware.php(24): Slim\Middleware\MethodOverride->call()
#11 C:\xampp\htdocs\killer\api\core\Directus\Slim\CacheMiddleware.php(18): Directus\Slim\CorsMiddleware->call()
#12 C:\xampp\htdocs\killer\vendor\slim\slim\Slim\Slim.php(1302): Directus\Slim\CacheMiddleware->call()
#13 C:\xampp\htdocs\killer\api\core\Directus\Application\Application.php(103): Slim\Slim->run()
#14 C:\xampp\htdocs\killer\api\api.php(527): Directus\Application\Application->run()
#15 {main}
ERROR - 2017-10-25T06:03:57-04:00 - PDOException: SQLSTATE[42S22]: Column not found: 1054 Unknown column 'killers.username' in 'where clause' in C:\xampp\htdocs\killer\vendor\zendframework\zend-db\src\Adapter\Driver\Pdo\Statement.php:239
Stack trace:
#0 C:\xampp\htdocs\killer\vendor\zendframework\zend-db\src\Adapter\Driver\Pdo\Statement.php(239): PDOStatement->execute()
#1 C:\xampp\htdocs\killer\vendor\zendframework\zend-db\src\TableGateway\AbstractTableGateway.php(239): Zend\Db\Adapter\Driver\Pdo\Statement->execute()
#2 C:\xampp\htdocs\killer\api\core\Directus\Database\TableGateway\BaseTableGateway.php(689): Zend\Db\TableGateway\AbstractTableGateway->executeSelect(Object(Zend\Db\Sql\Select))
#3 C:\xampp\htdocs\killer\vendor\zendframework\zend-db\src\TableGateway\AbstractTableGateway.php(209): Directus\Database\TableGateway\BaseTableGateway->executeSelect(Object(Zend\Db\Sql\Select))
#4 C:\xampp\htdocs\killer\api\core\Directus\Database\TableGateway\RelationalTableGateway.php(854): Zend\Db\TableGateway\AbstractTableGateway->selectWith(Object(Zend\Db\Sql\Select))
#5 C:\xampp\htdocs\killer\api\core\Directus\Database\TableGateway\RelationalTableGateway.php(747): Directus\Database\TableGateway\RelationalTableGateway->loadItems(Array)
#6 C:\xampp\htdocs\killer\api\core\Directus\Database\TableGateway\RelationalTableGateway.php(735): Directus\Database\TableGateway\RelationalTableGateway->getItems(Array)
#7 C:\xampp\htdocs\killer\api\routes\A1\Entries.php(48): Directus\Database\TableGateway\RelationalTableGateway->getEntries(Array)
#8 [internal function]: Directus\API\Routes\A1\Entries->rows('killers')
#9 C:\xampp\htdocs\killer\vendor\slim\slim\Slim\Route.php(468): call_user_func_array(Array, Array)
#10 C:\xampp\htdocs\killer\vendor\slim\slim\Slim\Slim.php(1357): Slim\Route->dispatch()
#11 C:\xampp\htdocs\killer\vendor\slim\slim\Slim\Middleware\Flash.php(85): Slim\Slim->call()
#12 C:\xampp\htdocs\killer\vendor\slim\slim\Slim\Middleware\MethodOverride.php(92): Slim\Middleware\Flash->call()
#13 C:\xampp\htdocs\killer\api\core\Directus\Slim\CorsMiddleware.php(24): Slim\Middleware\MethodOverride->call()
#14 C:\xampp\htdocs\killer\api\core\Directus\Slim\CacheMiddleware.php(18): Directus\Slim\CorsMiddleware->call()
#15 C:\xampp\htdocs\killer\vendor\slim\slim\Slim\Slim.php(1302): Directus\Slim\CacheMiddleware->call()
#16 C:\xampp\htdocs\killer\api\core\Directus\Application\Application.php(103): Slim\Slim->run()
#17 C:\xampp\htdocs\killer\api\api.php(527): Directus\Application\Application->run()
#18 {main}

Next Zend\Db\Adapter\Exception\InvalidQueryException: Statement could not be executed (42S22 - 1054 - Unknown column 'killers.username' in 'where clause') in C:\xampp\htdocs\killer\vendor\zendframework\zend-db\src\Adapter\Driver\Pdo\Statement.php:244
Stack trace:
#0 C:\xampp\htdocs\killer\vendor\zendframework\zend-db\src\TableGateway\AbstractTableGateway.php(239): Zend\Db\Adapter\Driver\Pdo\Statement->execute()
#1 C:\xampp\htdocs\killer\api\core\Directus\Database\TableGateway\BaseTableGateway.php(689): Zend\Db\TableGateway\AbstractTableGateway->executeSelect(Object(Zend\Db\Sql\Select))
#2 C:\xampp\htdocs\killer\vendor\zendframework\zend-db\src\TableGateway\AbstractTableGateway.php(209): Directus\Database\TableGateway\BaseTableGateway->executeSelect(Object(Zend\Db\Sql\Select))
#3 C:\xampp\htdocs\killer\api\core\Directus\Database\TableGateway\RelationalTableGateway.php(854): Zend\Db\TableGateway\AbstractTableGateway->selectWith(Object(Zend\Db\Sql\Select))
#4 C:\xampp\htdocs\killer\api\core\Directus\Database\TableGateway\RelationalTableGateway.php(747): Directus\Database\TableGateway\RelationalTableGateway->loadItems(Array)
#5 C:\xampp\htdocs\killer\api\core\Directus\Database\TableGateway\RelationalTableGateway.php(735): Directus\Database\TableGateway\RelationalTableGateway->getItems(Array)
#6 C:\xampp\htdocs\killer\api\routes\A1\Entries.php(48): Directus\Database\TableGateway\RelationalTableGateway->getEntries(Array)
#7 [internal function]: Directus\API\Routes\A1\Entries->rows('killers')
#8 C:\xampp\htdocs\killer\vendor\slim\slim\Slim\Route.php(468): call_user_func_array(Array, Array)
#9 C:\xampp\htdocs\killer\vendor\slim\slim\Slim\Slim.php(1357): Slim\Route->dispatch()
#10 C:\xampp\htdocs\killer\vendor\slim\slim\Slim\Middleware\Flash.php(85): Slim\Slim->call()
#11 C:\xampp\htdocs\killer\vendor\slim\slim\Slim\Middleware\MethodOverride.php(92): Slim\Middleware\Flash->call()
#12 C:\xampp\htdocs\killer\api\core\Directus\Slim\CorsMiddleware.php(24): Slim\Middleware\MethodOverride->call()
#13 C:\xampp\htdocs\killer\api\core\Directus\Slim\CacheMiddleware.php(18): Directus\Slim\CorsMiddleware->call()
#14 C:\xampp\htdocs\killer\vendor\slim\slim\Slim\Slim.php(1302): Directus\Slim\CacheMiddleware->call()
#15 C:\xampp\htdocs\killer\api\core\Directus\Application\Application.php(103): Slim\Slim->run()
#16 C:\xampp\htdocs\killer\api\api.php(527): Directus\Application\Application->run()
#17 {main}

Next RuntimeException: This query failed: SELECT `killers`.`id` AS `id`, `killers`.`status` AS `status`, `killers`.`sort` AS `sort`, `killers`.`killerlastname` AS `killerlastname`, `killers`.`killerfirstname` AS `killerfirstname`, `killers`.`killersurname` AS `killersurname`, `killers`.`killerphoto` AS `killerphoto`, `killers`.`killerstatus` AS `killerstatus`, `killers`.`killerbench` AS `killerbench`, `killers`.`killermail` AS `killermail`, `killers`.`killersex` AS `killersex`, `killers`.`killerisavailable` AS `killerisavailable`, `killers`.`killerpassword` AS `killerpassword` FROM `killers` WHERE `killers`.`username` = 'espoir' AND `killers`.`password` = 'espoir' AND `killers`.`status` IN ('1') ORDER BY `killers`.`sort` ASC LIMIT 200 OFFSET 0 in C:\xampp\htdocs\killer\api\core\Directus\Database\TableGateway\BaseTableGateway.php:704
Stack trace:
#0 C:\xampp\htdocs\killer\vendor\zendframework\zend-db\src\TableGateway\AbstractTableGateway.php(209): Directus\Database\TableGateway\BaseTableGateway->executeSelect(Object(Zend\Db\Sql\Select))
#1 C:\xampp\htdocs\killer\api\core\Directus\Database\TableGateway\RelationalTableGateway.php(854): Zend\Db\TableGateway\AbstractTableGateway->selectWith(Object(Zend\Db\Sql\Select))
#2 C:\xampp\htdocs\killer\api\core\Directus\Database\TableGateway\RelationalTableGateway.php(747): Directus\Database\TableGateway\RelationalTableGateway->loadItems(Array)
#3 C:\xampp\htdocs\killer\api\core\Directus\Database\TableGateway\RelationalTableGateway.php(735): Directus\Database\TableGateway\RelationalTableGateway->getItems(Array)
#4 C:\xampp\htdocs\killer\api\routes\A1\Entries.php(48): Directus\Database\TableGateway\RelationalTableGateway->getEntries(Array)
#5 [internal function]: Directus\API\Routes\A1\Entries->rows('killers')
#6 C:\xampp\htdocs\killer\vendor\slim\slim\Slim\Route.php(468): call_user_func_array(Array, Array)
#7 C:\xampp\htdocs\killer\vendor\slim\slim\Slim\Slim.php(1357): Slim\Route->dispatch()
#8 C:\xampp\htdocs\killer\vendor\slim\slim\Slim\Middleware\Flash.php(85): Slim\Slim->call()
#9 C:\xampp\htdocs\killer\vendor\slim\slim\Slim\Middleware\MethodOverride.php(92): Slim\Middleware\Flash->call()
#10 C:\xampp\htdocs\killer\api\core\Directus\Slim\CorsMiddleware.php(24): Slim\Middleware\MethodOverride->call()
#11 C:\xampp\htdocs\killer\api\core\Directus\Slim\CacheMiddleware.php(18): Directus\Slim\CorsMiddleware->call()
#12 C:\xampp\htdocs\killer\vendor\slim\slim\Slim\Slim.php(1302): Directus\Slim\CacheMiddleware->call()
#13 C:\xampp\htdocs\killer\api\core\Directus\Application\Application.php(103): Slim\Slim->run()
#14 C:\xampp\htdocs\killer\api\api.php(527): Directus\Application\Application->run()
#15 {main}
ERROR - 2017-10-25T06:05:11-04:00 - PDOException: SQLSTATE[42S22]: Column not found: 1054 Unknown column 'killers.killeremail' in 'where clause' in C:\xampp\htdocs\killer\vendor\zendframework\zend-db\src\Adapter\Driver\Pdo\Statement.php:239
Stack trace:
#0 C:\xampp\htdocs\killer\vendor\zendframework\zend-db\src\Adapter\Driver\Pdo\Statement.php(239): PDOStatement->execute()
#1 C:\xampp\htdocs\killer\vendor\zendframework\zend-db\src\TableGateway\AbstractTableGateway.php(239): Zend\Db\Adapter\Driver\Pdo\Statement->execute()
#2 C:\xampp\htdocs\killer\api\core\Directus\Database\TableGateway\BaseTableGateway.php(689): Zend\Db\TableGateway\AbstractTableGateway->executeSelect(Object(Zend\Db\Sql\Select))
#3 C:\xampp\htdocs\killer\vendor\zendframework\zend-db\src\TableGateway\AbstractTableGateway.php(209): Directus\Database\TableGateway\BaseTableGateway->executeSelect(Object(Zend\Db\Sql\Select))
#4 C:\xampp\htdocs\killer\api\core\Directus\Database\TableGateway\RelationalTableGateway.php(854): Zend\Db\TableGateway\AbstractTableGateway->selectWith(Object(Zend\Db\Sql\Select))
#5 C:\xampp\htdocs\killer\api\core\Directus\Database\TableGateway\RelationalTableGateway.php(747): Directus\Database\TableGateway\RelationalTableGateway->loadItems(Array)
#6 C:\xampp\htdocs\killer\api\core\Directus\Database\TableGateway\RelationalTableGateway.php(735): Directus\Database\TableGateway\RelationalTableGateway->getItems(Array)
#7 C:\xampp\htdocs\killer\api\routes\A1\Entries.php(48): Directus\Database\TableGateway\RelationalTableGateway->getEntries(Array)
#8 [internal function]: Directus\API\Routes\A1\Entries->rows('killers')
#9 C:\xampp\htdocs\killer\vendor\slim\slim\Slim\Route.php(468): call_user_func_array(Array, Array)
#10 C:\xampp\htdocs\killer\vendor\slim\slim\Slim\Slim.php(1357): Slim\Route->dispatch()
#11 C:\xampp\htdocs\killer\vendor\slim\slim\Slim\Middleware\Flash.php(85): Slim\Slim->call()
#12 C:\xampp\htdocs\killer\vendor\slim\slim\Slim\Middleware\MethodOverride.php(92): Slim\Middleware\Flash->call()
#13 C:\xampp\htdocs\killer\api\core\Directus\Slim\CorsMiddleware.php(24): Slim\Middleware\MethodOverride->call()
#14 C:\xampp\htdocs\killer\api\core\Directus\Slim\CacheMiddleware.php(18): Directus\Slim\CorsMiddleware->call()
#15 C:\xampp\htdocs\killer\vendor\slim\slim\Slim\Slim.php(1302): Directus\Slim\CacheMiddleware->call()
#16 C:\xampp\htdocs\killer\api\core\Directus\Application\Application.php(103): Slim\Slim->run()
#17 C:\xampp\htdocs\killer\api\api.php(527): Directus\Application\Application->run()
#18 {main}

Next Zend\Db\Adapter\Exception\InvalidQueryException: Statement could not be executed (42S22 - 1054 - Unknown column 'killers.killeremail' in 'where clause') in C:\xampp\htdocs\killer\vendor\zendframework\zend-db\src\Adapter\Driver\Pdo\Statement.php:244
Stack trace:
#0 C:\xampp\htdocs\killer\vendor\zendframework\zend-db\src\TableGateway\AbstractTableGateway.php(239): Zend\Db\Adapter\Driver\Pdo\Statement->execute()
#1 C:\xampp\htdocs\killer\api\core\Directus\Database\TableGateway\BaseTableGateway.php(689): Zend\Db\TableGateway\AbstractTableGateway->executeSelect(Object(Zend\Db\Sql\Select))
#2 C:\xampp\htdocs\killer\vendor\zendframework\zend-db\src\TableGateway\AbstractTableGateway.php(209): Directus\Database\TableGateway\BaseTableGateway->executeSelect(Object(Zend\Db\Sql\Select))
#3 C:\xampp\htdocs\killer\api\core\Directus\Database\TableGateway\RelationalTableGateway.php(854): Zend\Db\TableGateway\AbstractTableGateway->selectWith(Object(Zend\Db\Sql\Select))
#4 C:\xampp\htdocs\killer\api\core\Directus\Database\TableGateway\RelationalTableGateway.php(747): Directus\Database\TableGateway\RelationalTableGateway->loadItems(Array)
#5 C:\xampp\htdocs\killer\api\core\Directus\Database\TableGateway\RelationalTableGateway.php(735): Directus\Database\TableGateway\RelationalTableGateway->getItems(Array)
#6 C:\xampp\htdocs\killer\api\routes\A1\Entries.php(48): Directus\Database\TableGateway\RelationalTableGateway->getEntries(Array)
#7 [internal function]: Directus\API\Routes\A1\Entries->rows('killers')
#8 C:\xampp\htdocs\killer\vendor\slim\slim\Slim\Route.php(468): call_user_func_array(Array, Array)
#9 C:\xampp\htdocs\killer\vendor\slim\slim\Slim\Slim.php(1357): Slim\Route->dispatch()
#10 C:\xampp\htdocs\killer\vendor\slim\slim\Slim\Middleware\Flash.php(85): Slim\Slim->call()
#11 C:\xampp\htdocs\killer\vendor\slim\slim\Slim\Middleware\MethodOverride.php(92): Slim\Middleware\Flash->call()
#12 C:\xampp\htdocs\killer\api\core\Directus\Slim\CorsMiddleware.php(24): Slim\Middleware\MethodOverride->call()
#13 C:\xampp\htdocs\killer\api\core\Directus\Slim\CacheMiddleware.php(18): Directus\Slim\CorsMiddleware->call()
#14 C:\xampp\htdocs\killer\vendor\slim\slim\Slim\Slim.php(1302): Directus\Slim\CacheMiddleware->call()
#15 C:\xampp\htdocs\killer\api\core\Directus\Application\Application.php(103): Slim\Slim->run()
#16 C:\xampp\htdocs\killer\api\api.php(527): Directus\Application\Application->run()
#17 {main}

Next RuntimeException: This query failed: SELECT `killers`.`id` AS `id`, `killers`.`status` AS `status`, `killers`.`sort` AS `sort`, `killers`.`killerlastname` AS `killerlastname`, `killers`.`killerfirstname` AS `killerfirstname`, `killers`.`killersurname` AS `killersurname`, `killers`.`killerphoto` AS `killerphoto`, `killers`.`killerstatus` AS `killerstatus`, `killers`.`killerbench` AS `killerbench`, `killers`.`killermail` AS `killermail`, `killers`.`killersex` AS `killersex`, `killers`.`killerisavailable` AS `killerisavailable`, `killers`.`killerpassword` AS `killerpassword` FROM `killers` WHERE `killers`.`killeremail` = 'espoir' AND `killers`.`killerpassword` = 'espoir' AND `killers`.`status` IN ('1') ORDER BY `killers`.`sort` ASC LIMIT 200 OFFSET 0 in C:\xampp\htdocs\killer\api\core\Directus\Database\TableGateway\BaseTableGateway.php:704
Stack trace:
#0 C:\xampp\htdocs\killer\vendor\zendframework\zend-db\src\TableGateway\AbstractTableGateway.php(209): Directus\Database\TableGateway\BaseTableGateway->executeSelect(Object(Zend\Db\Sql\Select))
#1 C:\xampp\htdocs\killer\api\core\Directus\Database\TableGateway\RelationalTableGateway.php(854): Zend\Db\TableGateway\AbstractTableGateway->selectWith(Object(Zend\Db\Sql\Select))
#2 C:\xampp\htdocs\killer\api\core\Directus\Database\TableGateway\RelationalTableGateway.php(747): Directus\Database\TableGateway\RelationalTableGateway->loadItems(Array)
#3 C:\xampp\htdocs\killer\api\core\Directus\Database\TableGateway\RelationalTableGateway.php(735): Directus\Database\TableGateway\RelationalTableGateway->getItems(Array)
#4 C:\xampp\htdocs\killer\api\routes\A1\Entries.php(48): Directus\Database\TableGateway\RelationalTableGateway->getEntries(Array)
#5 [internal function]: Directus\API\Routes\A1\Entries->rows('killers')
#6 C:\xampp\htdocs\killer\vendor\slim\slim\Slim\Route.php(468): call_user_func_array(Array, Array)
#7 C:\xampp\htdocs\killer\vendor\slim\slim\Slim\Slim.php(1357): Slim\Route->dispatch()
#8 C:\xampp\htdocs\killer\vendor\slim\slim\Slim\Middleware\Flash.php(85): Slim\Slim->call()
#9 C:\xampp\htdocs\killer\vendor\slim\slim\Slim\Middleware\MethodOverride.php(92): Slim\Middleware\Flash->call()
#10 C:\xampp\htdocs\killer\api\core\Directus\Slim\CorsMiddleware.php(24): Slim\Middleware\MethodOverride->call()
#11 C:\xampp\htdocs\killer\api\core\Directus\Slim\CacheMiddleware.php(18): Directus\Slim\CorsMiddleware->call()
#12 C:\xampp\htdocs\killer\vendor\slim\slim\Slim\Slim.php(1302): Directus\Slim\CacheMiddleware->call()
#13 C:\xampp\htdocs\killer\api\core\Directus\Application\Application.php(103): Slim\Slim->run()
#14 C:\xampp\htdocs\killer\api\api.php(527): Directus\Application\Application->run()
#15 {main}
ERROR - 2017-10-25T06:05:48-04:00 - PDOException: SQLSTATE[42S22]: Column not found: 1054 Unknown column 'killers.killeremail' in 'where clause' in C:\xampp\htdocs\killer\vendor\zendframework\zend-db\src\Adapter\Driver\Pdo\Statement.php:239
Stack trace:
#0 C:\xampp\htdocs\killer\vendor\zendframework\zend-db\src\Adapter\Driver\Pdo\Statement.php(239): PDOStatement->execute()
#1 C:\xampp\htdocs\killer\vendor\zendframework\zend-db\src\TableGateway\AbstractTableGateway.php(239): Zend\Db\Adapter\Driver\Pdo\Statement->execute()
#2 C:\xampp\htdocs\killer\api\core\Directus\Database\TableGateway\BaseTableGateway.php(689): Zend\Db\TableGateway\AbstractTableGateway->executeSelect(Object(Zend\Db\Sql\Select))
#3 C:\xampp\htdocs\killer\vendor\zendframework\zend-db\src\TableGateway\AbstractTableGateway.php(209): Directus\Database\TableGateway\BaseTableGateway->executeSelect(Object(Zend\Db\Sql\Select))
#4 C:\xampp\htdocs\killer\api\core\Directus\Database\TableGateway\RelationalTableGateway.php(854): Zend\Db\TableGateway\AbstractTableGateway->selectWith(Object(Zend\Db\Sql\Select))
#5 C:\xampp\htdocs\killer\api\core\Directus\Database\TableGateway\RelationalTableGateway.php(747): Directus\Database\TableGateway\RelationalTableGateway->loadItems(Array)
#6 C:\xampp\htdocs\killer\api\core\Directus\Database\TableGateway\RelationalTableGateway.php(735): Directus\Database\TableGateway\RelationalTableGateway->getItems(Array)
#7 C:\xampp\htdocs\killer\api\routes\A1\Entries.php(48): Directus\Database\TableGateway\RelationalTableGateway->getEntries(Array)
#8 [internal function]: Directus\API\Routes\A1\Entries->rows('killers')
#9 C:\xampp\htdocs\killer\vendor\slim\slim\Slim\Route.php(468): call_user_func_array(Array, Array)
#10 C:\xampp\htdocs\killer\vendor\slim\slim\Slim\Slim.php(1357): Slim\Route->dispatch()
#11 C:\xampp\htdocs\killer\vendor\slim\slim\Slim\Middleware\Flash.php(85): Slim\Slim->call()
#12 C:\xampp\htdocs\killer\vendor\slim\slim\Slim\Middleware\MethodOverride.php(92): Slim\Middleware\Flash->call()
#13 C:\xampp\htdocs\killer\api\core\Directus\Slim\CorsMiddleware.php(24): Slim\Middleware\MethodOverride->call()
#14 C:\xampp\htdocs\killer\api\core\Directus\Slim\CacheMiddleware.php(18): Directus\Slim\CorsMiddleware->call()
#15 C:\xampp\htdocs\killer\vendor\slim\slim\Slim\Slim.php(1302): Directus\Slim\CacheMiddleware->call()
#16 C:\xampp\htdocs\killer\api\core\Directus\Application\Application.php(103): Slim\Slim->run()
#17 C:\xampp\htdocs\killer\api\api.php(527): Directus\Application\Application->run()
#18 {main}

Next Zend\Db\Adapter\Exception\InvalidQueryException: Statement could not be executed (42S22 - 1054 - Unknown column 'killers.killeremail' in 'where clause') in C:\xampp\htdocs\killer\vendor\zendframework\zend-db\src\Adapter\Driver\Pdo\Statement.php:244
Stack trace:
#0 C:\xampp\htdocs\killer\vendor\zendframework\zend-db\src\TableGateway\AbstractTableGateway.php(239): Zend\Db\Adapter\Driver\Pdo\Statement->execute()
#1 C:\xampp\htdocs\killer\api\core\Directus\Database\TableGateway\BaseTableGateway.php(689): Zend\Db\TableGateway\AbstractTableGateway->executeSelect(Object(Zend\Db\Sql\Select))
#2 C:\xampp\htdocs\killer\vendor\zendframework\zend-db\src\TableGateway\AbstractTableGateway.php(209): Directus\Database\TableGateway\BaseTableGateway->executeSelect(Object(Zend\Db\Sql\Select))
#3 C:\xampp\htdocs\killer\api\core\Directus\Database\TableGateway\RelationalTableGateway.php(854): Zend\Db\TableGateway\AbstractTableGateway->selectWith(Object(Zend\Db\Sql\Select))
#4 C:\xampp\htdocs\killer\api\core\Directus\Database\TableGateway\RelationalTableGateway.php(747): Directus\Database\TableGateway\RelationalTableGateway->loadItems(Array)
#5 C:\xampp\htdocs\killer\api\core\Directus\Database\TableGateway\RelationalTableGateway.php(735): Directus\Database\TableGateway\RelationalTableGateway->getItems(Array)
#6 C:\xampp\htdocs\killer\api\routes\A1\Entries.php(48): Directus\Database\TableGateway\RelationalTableGateway->getEntries(Array)
#7 [internal function]: Directus\API\Routes\A1\Entries->rows('killers')
#8 C:\xampp\htdocs\killer\vendor\slim\slim\Slim\Route.php(468): call_user_func_array(Array, Array)
#9 C:\xampp\htdocs\killer\vendor\slim\slim\Slim\Slim.php(1357): Slim\Route->dispatch()
#10 C:\xampp\htdocs\killer\vendor\slim\slim\Slim\Middleware\Flash.php(85): Slim\Slim->call()
#11 C:\xampp\htdocs\killer\vendor\slim\slim\Slim\Middleware\MethodOverride.php(92): Slim\Middleware\Flash->call()
#12 C:\xampp\htdocs\killer\api\core\Directus\Slim\CorsMiddleware.php(24): Slim\Middleware\MethodOverride->call()
#13 C:\xampp\htdocs\killer\api\core\Directus\Slim\CacheMiddleware.php(18): Directus\Slim\CorsMiddleware->call()
#14 C:\xampp\htdocs\killer\vendor\slim\slim\Slim\Slim.php(1302): Directus\Slim\CacheMiddleware->call()
#15 C:\xampp\htdocs\killer\api\core\Directus\Application\Application.php(103): Slim\Slim->run()
#16 C:\xampp\htdocs\killer\api\api.php(527): Directus\Application\Application->run()
#17 {main}

Next RuntimeException: This query failed: SELECT `killers`.`id` AS `id`, `killers`.`status` AS `status`, `killers`.`sort` AS `sort`, `killers`.`killerlastname` AS `killerlastname`, `killers`.`killerfirstname` AS `killerfirstname`, `killers`.`killersurname` AS `killersurname`, `killers`.`killerphoto` AS `killerphoto`, `killers`.`killerstatus` AS `killerstatus`, `killers`.`killerbench` AS `killerbench`, `killers`.`killermail` AS `killermail`, `killers`.`killersex` AS `killersex`, `killers`.`killerisavailable` AS `killerisavailable`, `killers`.`killerpassword` AS `killerpassword` FROM `killers` WHERE `killers`.`killeremail` = 'espoir' AND `killers`.`killerpassword` = 'espoir' AND `killers`.`status` IN ('1') ORDER BY `killers`.`sort` ASC LIMIT 200 OFFSET 0 in C:\xampp\htdocs\killer\api\core\Directus\Database\TableGateway\BaseTableGateway.php:704
Stack trace:
#0 C:\xampp\htdocs\killer\vendor\zendframework\zend-db\src\TableGateway\AbstractTableGateway.php(209): Directus\Database\TableGateway\BaseTableGateway->executeSelect(Object(Zend\Db\Sql\Select))
#1 C:\xampp\htdocs\killer\api\core\Directus\Database\TableGateway\RelationalTableGateway.php(854): Zend\Db\TableGateway\AbstractTableGateway->selectWith(Object(Zend\Db\Sql\Select))
#2 C:\xampp\htdocs\killer\api\core\Directus\Database\TableGateway\RelationalTableGateway.php(747): Directus\Database\TableGateway\RelationalTableGateway->loadItems(Array)
#3 C:\xampp\htdocs\killer\api\core\Directus\Database\TableGateway\RelationalTableGateway.php(735): Directus\Database\TableGateway\RelationalTableGateway->getItems(Array)
#4 C:\xampp\htdocs\killer\api\routes\A1\Entries.php(48): Directus\Database\TableGateway\RelationalTableGateway->getEntries(Array)
#5 [internal function]: Directus\API\Routes\A1\Entries->rows('killers')
#6 C:\xampp\htdocs\killer\vendor\slim\slim\Slim\Route.php(468): call_user_func_array(Array, Array)
#7 C:\xampp\htdocs\killer\vendor\slim\slim\Slim\Slim.php(1357): Slim\Route->dispatch()
#8 C:\xampp\htdocs\killer\vendor\slim\slim\Slim\Middleware\Flash.php(85): Slim\Slim->call()
#9 C:\xampp\htdocs\killer\vendor\slim\slim\Slim\Middleware\MethodOverride.php(92): Slim\Middleware\Flash->call()
#10 C:\xampp\htdocs\killer\api\core\Directus\Slim\CorsMiddleware.php(24): Slim\Middleware\MethodOverride->call()
#11 C:\xampp\htdocs\killer\api\core\Directus\Slim\CacheMiddleware.php(18): Directus\Slim\CorsMiddleware->call()
#12 C:\xampp\htdocs\killer\vendor\slim\slim\Slim\Slim.php(1302): Directus\Slim\CacheMiddleware->call()
#13 C:\xampp\htdocs\killer\api\core\Directus\Application\Application.php(103): Slim\Slim->run()
#14 C:\xampp\htdocs\killer\api\api.php(527): Directus\Application\Application->run()
#15 {main}
ERROR - 2017-10-25T06:06:04-04:00 - PDOException: SQLSTATE[42S22]: Column not found: 1054 Unknown column 'Killers.killeremail' in 'where clause' in C:\xampp\htdocs\killer\vendor\zendframework\zend-db\src\Adapter\Driver\Pdo\Statement.php:239
Stack trace:
#0 C:\xampp\htdocs\killer\vendor\zendframework\zend-db\src\Adapter\Driver\Pdo\Statement.php(239): PDOStatement->execute()
#1 C:\xampp\htdocs\killer\vendor\zendframework\zend-db\src\TableGateway\AbstractTableGateway.php(239): Zend\Db\Adapter\Driver\Pdo\Statement->execute()
#2 C:\xampp\htdocs\killer\api\core\Directus\Database\TableGateway\BaseTableGateway.php(689): Zend\Db\TableGateway\AbstractTableGateway->executeSelect(Object(Zend\Db\Sql\Select))
#3 C:\xampp\htdocs\killer\vendor\zendframework\zend-db\src\TableGateway\AbstractTableGateway.php(209): Directus\Database\TableGateway\BaseTableGateway->executeSelect(Object(Zend\Db\Sql\Select))
#4 C:\xampp\htdocs\killer\api\core\Directus\Database\TableGateway\RelationalTableGateway.php(854): Zend\Db\TableGateway\AbstractTableGateway->selectWith(Object(Zend\Db\Sql\Select))
#5 C:\xampp\htdocs\killer\api\core\Directus\Database\TableGateway\RelationalTableGateway.php(747): Directus\Database\TableGateway\RelationalTableGateway->loadItems(Array)
#6 C:\xampp\htdocs\killer\api\core\Directus\Database\TableGateway\RelationalTableGateway.php(735): Directus\Database\TableGateway\RelationalTableGateway->getItems(Array)
#7 C:\xampp\htdocs\killer\api\routes\A1\Entries.php(48): Directus\Database\TableGateway\RelationalTableGateway->getEntries(Array)
#8 [internal function]: Directus\API\Routes\A1\Entries->rows('Killers')
#9 C:\xampp\htdocs\killer\vendor\slim\slim\Slim\Route.php(468): call_user_func_array(Array, Array)
#10 C:\xampp\htdocs\killer\vendor\slim\slim\Slim\Slim.php(1357): Slim\Route->dispatch()
#11 C:\xampp\htdocs\killer\vendor\slim\slim\Slim\Middleware\Flash.php(85): Slim\Slim->call()
#12 C:\xampp\htdocs\killer\vendor\slim\slim\Slim\Middleware\MethodOverride.php(92): Slim\Middleware\Flash->call()
#13 C:\xampp\htdocs\killer\api\core\Directus\Slim\CorsMiddleware.php(24): Slim\Middleware\MethodOverride->call()
#14 C:\xampp\htdocs\killer\api\core\Directus\Slim\CacheMiddleware.php(18): Directus\Slim\CorsMiddleware->call()
#15 C:\xampp\htdocs\killer\vendor\slim\slim\Slim\Slim.php(1302): Directus\Slim\CacheMiddleware->call()
#16 C:\xampp\htdocs\killer\api\core\Directus\Application\Application.php(103): Slim\Slim->run()
#17 C:\xampp\htdocs\killer\api\api.php(527): Directus\Application\Application->run()
#18 {main}

Next Zend\Db\Adapter\Exception\InvalidQueryException: Statement could not be executed (42S22 - 1054 - Unknown column 'Killers.killeremail' in 'where clause') in C:\xampp\htdocs\killer\vendor\zendframework\zend-db\src\Adapter\Driver\Pdo\Statement.php:244
Stack trace:
#0 C:\xampp\htdocs\killer\vendor\zendframework\zend-db\src\TableGateway\AbstractTableGateway.php(239): Zend\Db\Adapter\Driver\Pdo\Statement->execute()
#1 C:\xampp\htdocs\killer\api\core\Directus\Database\TableGateway\BaseTableGateway.php(689): Zend\Db\TableGateway\AbstractTableGateway->executeSelect(Object(Zend\Db\Sql\Select))
#2 C:\xampp\htdocs\killer\vendor\zendframework\zend-db\src\TableGateway\AbstractTableGateway.php(209): Directus\Database\TableGateway\BaseTableGateway->executeSelect(Object(Zend\Db\Sql\Select))
#3 C:\xampp\htdocs\killer\api\core\Directus\Database\TableGateway\RelationalTableGateway.php(854): Zend\Db\TableGateway\AbstractTableGateway->selectWith(Object(Zend\Db\Sql\Select))
#4 C:\xampp\htdocs\killer\api\core\Directus\Database\TableGateway\RelationalTableGateway.php(747): Directus\Database\TableGateway\RelationalTableGateway->loadItems(Array)
#5 C:\xampp\htdocs\killer\api\core\Directus\Database\TableGateway\RelationalTableGateway.php(735): Directus\Database\TableGateway\RelationalTableGateway->getItems(Array)
#6 C:\xampp\htdocs\killer\api\routes\A1\Entries.php(48): Directus\Database\TableGateway\RelationalTableGateway->getEntries(Array)
#7 [internal function]: Directus\API\Routes\A1\Entries->rows('Killers')
#8 C:\xampp\htdocs\killer\vendor\slim\slim\Slim\Route.php(468): call_user_func_array(Array, Array)
#9 C:\xampp\htdocs\killer\vendor\slim\slim\Slim\Slim.php(1357): Slim\Route->dispatch()
#10 C:\xampp\htdocs\killer\vendor\slim\slim\Slim\Middleware\Flash.php(85): Slim\Slim->call()
#11 C:\xampp\htdocs\killer\vendor\slim\slim\Slim\Middleware\MethodOverride.php(92): Slim\Middleware\Flash->call()
#12 C:\xampp\htdocs\killer\api\core\Directus\Slim\CorsMiddleware.php(24): Slim\Middleware\MethodOverride->call()
#13 C:\xampp\htdocs\killer\api\core\Directus\Slim\CacheMiddleware.php(18): Directus\Slim\CorsMiddleware->call()
#14 C:\xampp\htdocs\killer\vendor\slim\slim\Slim\Slim.php(1302): Directus\Slim\CacheMiddleware->call()
#15 C:\xampp\htdocs\killer\api\core\Directus\Application\Application.php(103): Slim\Slim->run()
#16 C:\xampp\htdocs\killer\api\api.php(527): Directus\Application\Application->run()
#17 {main}

Next RuntimeException: This query failed: SELECT `Killers`.`id` AS `id`, `Killers`.`status` AS `status`, `Killers`.`sort` AS `sort`, `Killers`.`killerlastname` AS `killerlastname`, `Killers`.`killerfirstname` AS `killerfirstname`, `Killers`.`killersurname` AS `killersurname`, `Killers`.`killerphoto` AS `killerphoto`, `Killers`.`killerstatus` AS `killerstatus`, `Killers`.`killerbench` AS `killerbench`, `Killers`.`killermail` AS `killermail`, `Killers`.`killersex` AS `killersex`, `Killers`.`killerisavailable` AS `killerisavailable`, `Killers`.`killerpassword` AS `killerpassword` FROM `Killers` WHERE `Killers`.`killeremail` = 'espoir' AND `Killers`.`killerpassword` = 'espoir' AND `Killers`.`status` IN ('1') ORDER BY `Killers`.`sort` ASC LIMIT 200 OFFSET 0 in C:\xampp\htdocs\killer\api\core\Directus\Database\TableGateway\BaseTableGateway.php:704
Stack trace:
#0 C:\xampp\htdocs\killer\vendor\zendframework\zend-db\src\TableGateway\AbstractTableGateway.php(209): Directus\Database\TableGateway\BaseTableGateway->executeSelect(Object(Zend\Db\Sql\Select))
#1 C:\xampp\htdocs\killer\api\core\Directus\Database\TableGateway\RelationalTableGateway.php(854): Zend\Db\TableGateway\AbstractTableGateway->selectWith(Object(Zend\Db\Sql\Select))
#2 C:\xampp\htdocs\killer\api\core\Directus\Database\TableGateway\RelationalTableGateway.php(747): Directus\Database\TableGateway\RelationalTableGateway->loadItems(Array)
#3 C:\xampp\htdocs\killer\api\core\Directus\Database\TableGateway\RelationalTableGateway.php(735): Directus\Database\TableGateway\RelationalTableGateway->getItems(Array)
#4 C:\xampp\htdocs\killer\api\routes\A1\Entries.php(48): Directus\Database\TableGateway\RelationalTableGateway->getEntries(Array)
#5 [internal function]: Directus\API\Routes\A1\Entries->rows('Killers')
#6 C:\xampp\htdocs\killer\vendor\slim\slim\Slim\Route.php(468): call_user_func_array(Array, Array)
#7 C:\xampp\htdocs\killer\vendor\slim\slim\Slim\Slim.php(1357): Slim\Route->dispatch()
#8 C:\xampp\htdocs\killer\vendor\slim\slim\Slim\Middleware\Flash.php(85): Slim\Slim->call()
#9 C:\xampp\htdocs\killer\vendor\slim\slim\Slim\Middleware\MethodOverride.php(92): Slim\Middleware\Flash->call()
#10 C:\xampp\htdocs\killer\api\core\Directus\Slim\CorsMiddleware.php(24): Slim\Middleware\MethodOverride->call()
#11 C:\xampp\htdocs\killer\api\core\Directus\Slim\CacheMiddleware.php(18): Directus\Slim\CorsMiddleware->call()
#12 C:\xampp\htdocs\killer\vendor\slim\slim\Slim\Slim.php(1302): Directus\Slim\CacheMiddleware->call()
#13 C:\xampp\htdocs\killer\api\core\Directus\Application\Application.php(103): Slim\Slim->run()
#14 C:\xampp\htdocs\killer\api\api.php(527): Directus\Application\Application->run()
#15 {main}
ERROR - 2017-10-25T06:06:04-04:00 - PDOException: SQLSTATE[42S22]: Column not found: 1054 Unknown column 'killers.killeremail' in 'where clause' in C:\xampp\htdocs\killer\vendor\zendframework\zend-db\src\Adapter\Driver\Pdo\Statement.php:239
Stack trace:
#0 C:\xampp\htdocs\killer\vendor\zendframework\zend-db\src\Adapter\Driver\Pdo\Statement.php(239): PDOStatement->execute()
#1 C:\xampp\htdocs\killer\vendor\zendframework\zend-db\src\TableGateway\AbstractTableGateway.php(239): Zend\Db\Adapter\Driver\Pdo\Statement->execute()
#2 C:\xampp\htdocs\killer\api\core\Directus\Database\TableGateway\BaseTableGateway.php(689): Zend\Db\TableGateway\AbstractTableGateway->executeSelect(Object(Zend\Db\Sql\Select))
#3 C:\xampp\htdocs\killer\vendor\zendframework\zend-db\src\TableGateway\AbstractTableGateway.php(209): Directus\Database\TableGateway\BaseTableGateway->executeSelect(Object(Zend\Db\Sql\Select))
#4 C:\xampp\htdocs\killer\api\core\Directus\Database\TableGateway\RelationalTableGateway.php(854): Zend\Db\TableGateway\AbstractTableGateway->selectWith(Object(Zend\Db\Sql\Select))
#5 C:\xampp\htdocs\killer\api\core\Directus\Database\TableGateway\RelationalTableGateway.php(747): Directus\Database\TableGateway\RelationalTableGateway->loadItems(Array)
#6 C:\xampp\htdocs\killer\api\core\Directus\Database\TableGateway\RelationalTableGateway.php(735): Directus\Database\TableGateway\RelationalTableGateway->getItems(Array)
#7 C:\xampp\htdocs\killer\api\routes\A1\Entries.php(48): Directus\Database\TableGateway\RelationalTableGateway->getEntries(Array)
#8 [internal function]: Directus\API\Routes\A1\Entries->rows('killers')
#9 C:\xampp\htdocs\killer\vendor\slim\slim\Slim\Route.php(468): call_user_func_array(Array, Array)
#10 C:\xampp\htdocs\killer\vendor\slim\slim\Slim\Slim.php(1357): Slim\Route->dispatch()
#11 C:\xampp\htdocs\killer\vendor\slim\slim\Slim\Middleware\Flash.php(85): Slim\Slim->call()
#12 C:\xampp\htdocs\killer\vendor\slim\slim\Slim\Middleware\MethodOverride.php(92): Slim\Middleware\Flash->call()
#13 C:\xampp\htdocs\killer\api\core\Directus\Slim\CorsMiddleware.php(24): Slim\Middleware\MethodOverride->call()
#14 C:\xampp\htdocs\killer\api\core\Directus\Slim\CacheMiddleware.php(18): Directus\Slim\CorsMiddleware->call()
#15 C:\xampp\htdocs\killer\vendor\slim\slim\Slim\Slim.php(1302): Directus\Slim\CacheMiddleware->call()
#16 C:\xampp\htdocs\killer\api\core\Directus\Application\Application.php(103): Slim\Slim->run()
#17 C:\xampp\htdocs\killer\api\api.php(527): Directus\Application\Application->run()
#18 {main}

Next Zend\Db\Adapter\Exception\InvalidQueryException: Statement could not be executed (42S22 - 1054 - Unknown column 'killers.killeremail' in 'where clause') in C:\xampp\htdocs\killer\vendor\zendframework\zend-db\src\Adapter\Driver\Pdo\Statement.php:244
Stack trace:
#0 C:\xampp\htdocs\killer\vendor\zendframework\zend-db\src\TableGateway\AbstractTableGateway.php(239): Zend\Db\Adapter\Driver\Pdo\Statement->execute()
#1 C:\xampp\htdocs\killer\api\core\Directus\Database\TableGateway\BaseTableGateway.php(689): Zend\Db\TableGateway\AbstractTableGateway->executeSelect(Object(Zend\Db\Sql\Select))
#2 C:\xampp\htdocs\killer\vendor\zendframework\zend-db\src\TableGateway\AbstractTableGateway.php(209): Directus\Database\TableGateway\BaseTableGateway->executeSelect(Object(Zend\Db\Sql\Select))
#3 C:\xampp\htdocs\killer\api\core\Directus\Database\TableGateway\RelationalTableGateway.php(854): Zend\Db\TableGateway\AbstractTableGateway->selectWith(Object(Zend\Db\Sql\Select))
#4 C:\xampp\htdocs\killer\api\core\Directus\Database\TableGateway\RelationalTableGateway.php(747): Directus\Database\TableGateway\RelationalTableGateway->loadItems(Array)
#5 C:\xampp\htdocs\killer\api\core\Directus\Database\TableGateway\RelationalTableGateway.php(735): Directus\Database\TableGateway\RelationalTableGateway->getItems(Array)
#6 C:\xampp\htdocs\killer\api\routes\A1\Entries.php(48): Directus\Database\TableGateway\RelationalTableGateway->getEntries(Array)
#7 [internal function]: Directus\API\Routes\A1\Entries->rows('killers')
#8 C:\xampp\htdocs\killer\vendor\slim\slim\Slim\Route.php(468): call_user_func_array(Array, Array)
#9 C:\xampp\htdocs\killer\vendor\slim\slim\Slim\Slim.php(1357): Slim\Route->dispatch()
#10 C:\xampp\htdocs\killer\vendor\slim\slim\Slim\Middleware\Flash.php(85): Slim\Slim->call()
#11 C:\xampp\htdocs\killer\vendor\slim\slim\Slim\Middleware\MethodOverride.php(92): Slim\Middleware\Flash->call()
#12 C:\xampp\htdocs\killer\api\core\Directus\Slim\CorsMiddleware.php(24): Slim\Middleware\MethodOverride->call()
#13 C:\xampp\htdocs\killer\api\core\Directus\Slim\CacheMiddleware.php(18): Directus\Slim\CorsMiddleware->call()
#14 C:\xampp\htdocs\killer\vendor\slim\slim\Slim\Slim.php(1302): Directus\Slim\CacheMiddleware->call()
#15 C:\xampp\htdocs\killer\api\core\Directus\Application\Application.php(103): Slim\Slim->run()
#16 C:\xampp\htdocs\killer\api\api.php(527): Directus\Application\Application->run()
#17 {main}

Next RuntimeException: This query failed: SELECT `killers`.`id` AS `id`, `killers`.`status` AS `status`, `killers`.`sort` AS `sort`, `killers`.`killerlastname` AS `killerlastname`, `killers`.`killerfirstname` AS `killerfirstname`, `killers`.`killersurname` AS `killersurname`, `killers`.`killerphoto` AS `killerphoto`, `killers`.`killerstatus` AS `killerstatus`, `killers`.`killerbench` AS `killerbench`, `killers`.`killermail` AS `killermail`, `killers`.`killersex` AS `killersex`, `killers`.`killerisavailable` AS `killerisavailable`, `killers`.`killerpassword` AS `killerpassword` FROM `killers` WHERE `killers`.`killeremail` = 'espoir' AND `killers`.`killerpassword` = 'espoir' AND `killers`.`status` IN ('1') ORDER BY `killers`.`sort` ASC LIMIT 200 OFFSET 0 in C:\xampp\htdocs\killer\api\core\Directus\Database\TableGateway\BaseTableGateway.php:704
Stack trace:
#0 C:\xampp\htdocs\killer\vendor\zendframework\zend-db\src\TableGateway\AbstractTableGateway.php(209): Directus\Database\TableGateway\BaseTableGateway->executeSelect(Object(Zend\Db\Sql\Select))
#1 C:\xampp\htdocs\killer\api\core\Directus\Database\TableGateway\RelationalTableGateway.php(854): Zend\Db\TableGateway\AbstractTableGateway->selectWith(Object(Zend\Db\Sql\Select))
#2 C:\xampp\htdocs\killer\api\core\Directus\Database\TableGateway\RelationalTableGateway.php(747): Directus\Database\TableGateway\RelationalTableGateway->loadItems(Array)
#3 C:\xampp\htdocs\killer\api\core\Directus\Database\TableGateway\RelationalTableGateway.php(735): Directus\Database\TableGateway\RelationalTableGateway->getItems(Array)
#4 C:\xampp\htdocs\killer\api\routes\A1\Entries.php(48): Directus\Database\TableGateway\RelationalTableGateway->getEntries(Array)
#5 [internal function]: Directus\API\Routes\A1\Entries->rows('killers')
#6 C:\xampp\htdocs\killer\vendor\slim\slim\Slim\Route.php(468): call_user_func_array(Array, Array)
#7 C:\xampp\htdocs\killer\vendor\slim\slim\Slim\Slim.php(1357): Slim\Route->dispatch()
#8 C:\xampp\htdocs\killer\vendor\slim\slim\Slim\Middleware\Flash.php(85): Slim\Slim->call()
#9 C:\xampp\htdocs\killer\vendor\slim\slim\Slim\Middleware\MethodOverride.php(92): Slim\Middleware\Flash->call()
#10 C:\xampp\htdocs\killer\api\core\Directus\Slim\CorsMiddleware.php(24): Slim\Middleware\MethodOverride->call()
#11 C:\xampp\htdocs\killer\api\core\Directus\Slim\CacheMiddleware.php(18): Directus\Slim\CorsMiddleware->call()
#12 C:\xampp\htdocs\killer\vendor\slim\slim\Slim\Slim.php(1302): Directus\Slim\CacheMiddleware->call()
#13 C:\xampp\htdocs\killer\api\core\Directus\Application\Application.php(103): Slim\Slim->run()
#14 C:\xampp\htdocs\killer\api\api.php(527): Directus\Application\Application->run()
#15 {main}
ERROR - 2017-10-25T11:26:50-04:00 - ErrorException: Maximum execution time of 30 seconds exceeded in C:\xampp\htdocs\killer\vendor\zendframework\zend-db\src\Adapter\Driver\Pdo\Statement.php:239
Stack trace:
#0 [internal function]: Directus\Exception\ExceptionHandler->handleShutdown()
#1 {main}
ERROR - 2017-10-25T11:31:30-04:00 - ErrorException: Maximum execution time of 30 seconds exceeded in C:\xampp\htdocs\killer\vendor\zendframework\zend-db\src\Adapter\Driver\Pdo\Statement.php:239
Stack trace:
#0 [internal function]: Directus\Exception\ExceptionHandler->handleShutdown()
#1 {main}
