ERROR - 2017-11-16T02:59:07-05:00 - ErrorException: Maximum execution time of 30 seconds exceeded in C:\xampp\htdocs\killer\vendor\composer\ClassLoader.php:384
Stack trace:
#0 [internal function]: Directus\Exception\ExceptionHandler->handleShutdown()
#1 {main}
ERROR - 2017-11-16T05:18:20-05:00 - PDOException: SQLSTATE[42S22]: Column not found: 1054 Unknown column 'Contracts.killervalidation' in 'where clause' in C:\xampp\htdocs\killer\vendor\zendframework\zend-db\src\Adapter\Driver\Pdo\Statement.php:239
Stack trace:
#0 C:\xampp\htdocs\killer\vendor\zendframework\zend-db\src\Adapter\Driver\Pdo\Statement.php(239): PDOStatement->execute()
#1 C:\xampp\htdocs\killer\vendor\zendframework\zend-db\src\TableGateway\AbstractTableGateway.php(239): Zend\Db\Adapter\Driver\Pdo\Statement->execute()
#2 C:\xampp\htdocs\killer\api\core\Directus\Database\TableGateway\BaseTableGateway.php(689): Zend\Db\TableGateway\AbstractTableGateway->executeSelect(Object(Zend\Db\Sql\Select))
#3 C:\xampp\htdocs\killer\vendor\zendframework\zend-db\src\TableGateway\AbstractTableGateway.php(209): Directus\Database\TableGateway\BaseTableGateway->executeSelect(Object(Zend\Db\Sql\Select))
#4 C:\xampp\htdocs\killer\api\core\Directus\Database\TableGateway\RelationalTableGateway.php(854): Zend\Db\TableGateway\AbstractTableGateway->selectWith(Object(Zend\Db\Sql\Select))
#5 C:\xampp\htdocs\killer\api\core\Directus\Database\TableGateway\RelationalTableGateway.php(747): Directus\Database\TableGateway\RelationalTableGateway->loadItems(Array)
#6 C:\xampp\htdocs\killer\api\core\Directus\Database\TableGateway\RelationalTableGateway.php(735): Directus\Database\TableGateway\RelationalTableGateway->getItems(Array)
#7 C:\xampp\htdocs\killer\api\routes\A1\Entries.php(48): Directus\Database\TableGateway\RelationalTableGateway->getEntries(Array)
#8 [internal function]: Directus\API\Routes\A1\Entries->rows('Contracts')
#9 C:\xampp\htdocs\killer\vendor\slim\slim\Slim\Route.php(468): call_user_func_array(Array, Array)
#10 C:\xampp\htdocs\killer\vendor\slim\slim\Slim\Slim.php(1357): Slim\Route->dispatch()
#11 C:\xampp\htdocs\killer\vendor\slim\slim\Slim\Middleware\Flash.php(85): Slim\Slim->call()
#12 C:\xampp\htdocs\killer\vendor\slim\slim\Slim\Middleware\MethodOverride.php(92): Slim\Middleware\Flash->call()
#13 C:\xampp\htdocs\killer\api\core\Directus\Slim\CorsMiddleware.php(24): Slim\Middleware\MethodOverride->call()
#14 C:\xampp\htdocs\killer\api\core\Directus\Slim\CacheMiddleware.php(18): Directus\Slim\CorsMiddleware->call()
#15 C:\xampp\htdocs\killer\vendor\slim\slim\Slim\Slim.php(1302): Directus\Slim\CacheMiddleware->call()
#16 C:\xampp\htdocs\killer\api\core\Directus\Application\Application.php(103): Slim\Slim->run()
#17 C:\xampp\htdocs\killer\api\api.php(527): Directus\Application\Application->run()
#18 {main}

Next Zend\Db\Adapter\Exception\InvalidQueryException: Statement could not be executed (42S22 - 1054 - Unknown column 'Contracts.killervalidation' in 'where clause') in C:\xampp\htdocs\killer\vendor\zendframework\zend-db\src\Adapter\Driver\Pdo\Statement.php:244
Stack trace:
#0 C:\xampp\htdocs\killer\vendor\zendframework\zend-db\src\TableGateway\AbstractTableGateway.php(239): Zend\Db\Adapter\Driver\Pdo\Statement->execute()
#1 C:\xampp\htdocs\killer\api\core\Directus\Database\TableGateway\BaseTableGateway.php(689): Zend\Db\TableGateway\AbstractTableGateway->executeSelect(Object(Zend\Db\Sql\Select))
#2 C:\xampp\htdocs\killer\vendor\zendframework\zend-db\src\TableGateway\AbstractTableGateway.php(209): Directus\Database\TableGateway\BaseTableGateway->executeSelect(Object(Zend\Db\Sql\Select))
#3 C:\xampp\htdocs\killer\api\core\Directus\Database\TableGateway\RelationalTableGateway.php(854): Zend\Db\TableGateway\AbstractTableGateway->selectWith(Object(Zend\Db\Sql\Select))
#4 C:\xampp\htdocs\killer\api\core\Directus\Database\TableGateway\RelationalTableGateway.php(747): Directus\Database\TableGateway\RelationalTableGateway->loadItems(Array)
#5 C:\xampp\htdocs\killer\api\core\Directus\Database\TableGateway\RelationalTableGateway.php(735): Directus\Database\TableGateway\RelationalTableGateway->getItems(Array)
#6 C:\xampp\htdocs\killer\api\routes\A1\Entries.php(48): Directus\Database\TableGateway\RelationalTableGateway->getEntries(Array)
#7 [internal function]: Directus\API\Routes\A1\Entries->rows('Contracts')
#8 C:\xampp\htdocs\killer\vendor\slim\slim\Slim\Route.php(468): call_user_func_array(Array, Array)
#9 C:\xampp\htdocs\killer\vendor\slim\slim\Slim\Slim.php(1357): Slim\Route->dispatch()
#10 C:\xampp\htdocs\killer\vendor\slim\slim\Slim\Middleware\Flash.php(85): Slim\Slim->call()
#11 C:\xampp\htdocs\killer\vendor\slim\slim\Slim\Middleware\MethodOverride.php(92): Slim\Middleware\Flash->call()
#12 C:\xampp\htdocs\killer\api\core\Directus\Slim\CorsMiddleware.php(24): Slim\Middleware\MethodOverride->call()
#13 C:\xampp\htdocs\killer\api\core\Directus\Slim\CacheMiddleware.php(18): Directus\Slim\CorsMiddleware->call()
#14 C:\xampp\htdocs\killer\vendor\slim\slim\Slim\Slim.php(1302): Directus\Slim\CacheMiddleware->call()
#15 C:\xampp\htdocs\killer\api\core\Directus\Application\Application.php(103): Slim\Slim->run()
#16 C:\xampp\htdocs\killer\api\api.php(527): Directus\Application\Application->run()
#17 {main}

Next RuntimeException: This query failed: SELECT `Contracts`.`id` AS `id`, `Contracts`.`status` AS `status`, `Contracts`.`sort` AS `sort`, `Contracts`.`contacttargetid` AS `contacttargetid`, `Contracts`.`contractactionid` AS `contractactionid`, `Contracts`.`contractplaceid` AS `contractplaceid`, `Contracts`.`contractstartdate` AS `contractstartdate`, `Contracts`.`contracttoolid` AS `contracttoolid` FROM `Contracts` WHERE `Contracts`.`id` = '224' AND `Contracts`.`killervalidation` = '1' AND `Contracts`.`status` IN ('1') ORDER BY `Contracts`.`sort` ASC LIMIT 200 OFFSET 0 in C:\xampp\htdocs\killer\api\core\Directus\Database\TableGateway\BaseTableGateway.php:704
Stack trace:
#0 C:\xampp\htdocs\killer\vendor\zendframework\zend-db\src\TableGateway\AbstractTableGateway.php(209): Directus\Database\TableGateway\BaseTableGateway->executeSelect(Object(Zend\Db\Sql\Select))
#1 C:\xampp\htdocs\killer\api\core\Directus\Database\TableGateway\RelationalTableGateway.php(854): Zend\Db\TableGateway\AbstractTableGateway->selectWith(Object(Zend\Db\Sql\Select))
#2 C:\xampp\htdocs\killer\api\core\Directus\Database\TableGateway\RelationalTableGateway.php(747): Directus\Database\TableGateway\RelationalTableGateway->loadItems(Array)
#3 C:\xampp\htdocs\killer\api\core\Directus\Database\TableGateway\RelationalTableGateway.php(735): Directus\Database\TableGateway\RelationalTableGateway->getItems(Array)
#4 C:\xampp\htdocs\killer\api\routes\A1\Entries.php(48): Directus\Database\TableGateway\RelationalTableGateway->getEntries(Array)
#5 [internal function]: Directus\API\Routes\A1\Entries->rows('Contracts')
#6 C:\xampp\htdocs\killer\vendor\slim\slim\Slim\Route.php(468): call_user_func_array(Array, Array)
#7 C:\xampp\htdocs\killer\vendor\slim\slim\Slim\Slim.php(1357): Slim\Route->dispatch()
#8 C:\xampp\htdocs\killer\vendor\slim\slim\Slim\Middleware\Flash.php(85): Slim\Slim->call()
#9 C:\xampp\htdocs\killer\vendor\slim\slim\Slim\Middleware\MethodOverride.php(92): Slim\Middleware\Flash->call()
#10 C:\xampp\htdocs\killer\api\core\Directus\Slim\CorsMiddleware.php(24): Slim\Middleware\MethodOverride->call()
#11 C:\xampp\htdocs\killer\api\core\Directus\Slim\CacheMiddleware.php(18): Directus\Slim\CorsMiddleware->call()
#12 C:\xampp\htdocs\killer\vendor\slim\slim\Slim\Slim.php(1302): Directus\Slim\CacheMiddleware->call()
#13 C:\xampp\htdocs\killer\api\core\Directus\Application\Application.php(103): Slim\Slim->run()
#14 C:\xampp\htdocs\killer\api\api.php(527): Directus\Application\Application->run()
#15 {main}
ERROR - 2017-11-16T05:19:35-05:00 - PDOException: SQLSTATE[42S22]: Column not found: 1054 Unknown column 'Contracts.killervalidation' in 'where clause' in C:\xampp\htdocs\killer\vendor\zendframework\zend-db\src\Adapter\Driver\Pdo\Statement.php:239
Stack trace:
#0 C:\xampp\htdocs\killer\vendor\zendframework\zend-db\src\Adapter\Driver\Pdo\Statement.php(239): PDOStatement->execute()
#1 C:\xampp\htdocs\killer\vendor\zendframework\zend-db\src\TableGateway\AbstractTableGateway.php(239): Zend\Db\Adapter\Driver\Pdo\Statement->execute()
#2 C:\xampp\htdocs\killer\api\core\Directus\Database\TableGateway\BaseTableGateway.php(689): Zend\Db\TableGateway\AbstractTableGateway->executeSelect(Object(Zend\Db\Sql\Select))
#3 C:\xampp\htdocs\killer\vendor\zendframework\zend-db\src\TableGateway\AbstractTableGateway.php(209): Directus\Database\TableGateway\BaseTableGateway->executeSelect(Object(Zend\Db\Sql\Select))
#4 C:\xampp\htdocs\killer\api\core\Directus\Database\TableGateway\RelationalTableGateway.php(854): Zend\Db\TableGateway\AbstractTableGateway->selectWith(Object(Zend\Db\Sql\Select))
#5 C:\xampp\htdocs\killer\api\core\Directus\Database\TableGateway\RelationalTableGateway.php(747): Directus\Database\TableGateway\RelationalTableGateway->loadItems(Array)
#6 C:\xampp\htdocs\killer\api\core\Directus\Database\TableGateway\RelationalTableGateway.php(735): Directus\Database\TableGateway\RelationalTableGateway->getItems(Array)
#7 C:\xampp\htdocs\killer\api\routes\A1\Entries.php(48): Directus\Database\TableGateway\RelationalTableGateway->getEntries(Array)
#8 [internal function]: Directus\API\Routes\A1\Entries->rows('Contracts')
#9 C:\xampp\htdocs\killer\vendor\slim\slim\Slim\Route.php(468): call_user_func_array(Array, Array)
#10 C:\xampp\htdocs\killer\vendor\slim\slim\Slim\Slim.php(1357): Slim\Route->dispatch()
#11 C:\xampp\htdocs\killer\vendor\slim\slim\Slim\Middleware\Flash.php(85): Slim\Slim->call()
#12 C:\xampp\htdocs\killer\vendor\slim\slim\Slim\Middleware\MethodOverride.php(92): Slim\Middleware\Flash->call()
#13 C:\xampp\htdocs\killer\api\core\Directus\Slim\CorsMiddleware.php(24): Slim\Middleware\MethodOverride->call()
#14 C:\xampp\htdocs\killer\api\core\Directus\Slim\CacheMiddleware.php(18): Directus\Slim\CorsMiddleware->call()
#15 C:\xampp\htdocs\killer\vendor\slim\slim\Slim\Slim.php(1302): Directus\Slim\CacheMiddleware->call()
#16 C:\xampp\htdocs\killer\api\core\Directus\Application\Application.php(103): Slim\Slim->run()
#17 C:\xampp\htdocs\killer\api\api.php(527): Directus\Application\Application->run()
#18 {main}

Next Zend\Db\Adapter\Exception\InvalidQueryException: Statement could not be executed (42S22 - 1054 - Unknown column 'Contracts.killervalidation' in 'where clause') in C:\xampp\htdocs\killer\vendor\zendframework\zend-db\src\Adapter\Driver\Pdo\Statement.php:244
Stack trace:
#0 C:\xampp\htdocs\killer\vendor\zendframework\zend-db\src\TableGateway\AbstractTableGateway.php(239): Zend\Db\Adapter\Driver\Pdo\Statement->execute()
#1 C:\xampp\htdocs\killer\api\core\Directus\Database\TableGateway\BaseTableGateway.php(689): Zend\Db\TableGateway\AbstractTableGateway->executeSelect(Object(Zend\Db\Sql\Select))
#2 C:\xampp\htdocs\killer\vendor\zendframework\zend-db\src\TableGateway\AbstractTableGateway.php(209): Directus\Database\TableGateway\BaseTableGateway->executeSelect(Object(Zend\Db\Sql\Select))
#3 C:\xampp\htdocs\killer\api\core\Directus\Database\TableGateway\RelationalTableGateway.php(854): Zend\Db\TableGateway\AbstractTableGateway->selectWith(Object(Zend\Db\Sql\Select))
#4 C:\xampp\htdocs\killer\api\core\Directus\Database\TableGateway\RelationalTableGateway.php(747): Directus\Database\TableGateway\RelationalTableGateway->loadItems(Array)
#5 C:\xampp\htdocs\killer\api\core\Directus\Database\TableGateway\RelationalTableGateway.php(735): Directus\Database\TableGateway\RelationalTableGateway->getItems(Array)
#6 C:\xampp\htdocs\killer\api\routes\A1\Entries.php(48): Directus\Database\TableGateway\RelationalTableGateway->getEntries(Array)
#7 [internal function]: Directus\API\Routes\A1\Entries->rows('Contracts')
#8 C:\xampp\htdocs\killer\vendor\slim\slim\Slim\Route.php(468): call_user_func_array(Array, Array)
#9 C:\xampp\htdocs\killer\vendor\slim\slim\Slim\Slim.php(1357): Slim\Route->dispatch()
#10 C:\xampp\htdocs\killer\vendor\slim\slim\Slim\Middleware\Flash.php(85): Slim\Slim->call()
#11 C:\xampp\htdocs\killer\vendor\slim\slim\Slim\Middleware\MethodOverride.php(92): Slim\Middleware\Flash->call()
#12 C:\xampp\htdocs\killer\api\core\Directus\Slim\CorsMiddleware.php(24): Slim\Middleware\MethodOverride->call()
#13 C:\xampp\htdocs\killer\api\core\Directus\Slim\CacheMiddleware.php(18): Directus\Slim\CorsMiddleware->call()
#14 C:\xampp\htdocs\killer\vendor\slim\slim\Slim\Slim.php(1302): Directus\Slim\CacheMiddleware->call()
#15 C:\xampp\htdocs\killer\api\core\Directus\Application\Application.php(103): Slim\Slim->run()
#16 C:\xampp\htdocs\killer\api\api.php(527): Directus\Application\Application->run()
#17 {main}

Next RuntimeException: This query failed: SELECT `Contracts`.`id` AS `id`, `Contracts`.`status` AS `status`, `Contracts`.`sort` AS `sort`, `Contracts`.`contacttargetid` AS `contacttargetid`, `Contracts`.`contractactionid` AS `contractactionid`, `Contracts`.`contractplaceid` AS `contractplaceid`, `Contracts`.`contractstartdate` AS `contractstartdate`, `Contracts`.`contracttoolid` AS `contracttoolid` FROM `Contracts` WHERE `Contracts`.`id` = '224' AND `Contracts`.`killervalidation` = '1' AND `Contracts`.`status` IN ('1') ORDER BY `Contracts`.`sort` ASC LIMIT 200 OFFSET 0 in C:\xampp\htdocs\killer\api\core\Directus\Database\TableGateway\BaseTableGateway.php:704
Stack trace:
#0 C:\xampp\htdocs\killer\vendor\zendframework\zend-db\src\TableGateway\AbstractTableGateway.php(209): Directus\Database\TableGateway\BaseTableGateway->executeSelect(Object(Zend\Db\Sql\Select))
#1 C:\xampp\htdocs\killer\api\core\Directus\Database\TableGateway\RelationalTableGateway.php(854): Zend\Db\TableGateway\AbstractTableGateway->selectWith(Object(Zend\Db\Sql\Select))
#2 C:\xampp\htdocs\killer\api\core\Directus\Database\TableGateway\RelationalTableGateway.php(747): Directus\Database\TableGateway\RelationalTableGateway->loadItems(Array)
#3 C:\xampp\htdocs\killer\api\core\Directus\Database\TableGateway\RelationalTableGateway.php(735): Directus\Database\TableGateway\RelationalTableGateway->getItems(Array)
#4 C:\xampp\htdocs\killer\api\routes\A1\Entries.php(48): Directus\Database\TableGateway\RelationalTableGateway->getEntries(Array)
#5 [internal function]: Directus\API\Routes\A1\Entries->rows('Contracts')
#6 C:\xampp\htdocs\killer\vendor\slim\slim\Slim\Route.php(468): call_user_func_array(Array, Array)
#7 C:\xampp\htdocs\killer\vendor\slim\slim\Slim\Slim.php(1357): Slim\Route->dispatch()
#8 C:\xampp\htdocs\killer\vendor\slim\slim\Slim\Middleware\Flash.php(85): Slim\Slim->call()
#9 C:\xampp\htdocs\killer\vendor\slim\slim\Slim\Middleware\MethodOverride.php(92): Slim\Middleware\Flash->call()
#10 C:\xampp\htdocs\killer\api\core\Directus\Slim\CorsMiddleware.php(24): Slim\Middleware\MethodOverride->call()
#11 C:\xampp\htdocs\killer\api\core\Directus\Slim\CacheMiddleware.php(18): Directus\Slim\CorsMiddleware->call()
#12 C:\xampp\htdocs\killer\vendor\slim\slim\Slim\Slim.php(1302): Directus\Slim\CacheMiddleware->call()
#13 C:\xampp\htdocs\killer\api\core\Directus\Application\Application.php(103): Slim\Slim->run()
#14 C:\xampp\htdocs\killer\api\api.php(527): Directus\Application\Application->run()
#15 {main}
ERROR - 2017-11-16T05:21:39-05:00 - PDOException: SQLSTATE[42S22]: Column not found: 1054 Unknown column 'Contracts.killervalidation' in 'where clause' in C:\xampp\htdocs\killer\vendor\zendframework\zend-db\src\Adapter\Driver\Pdo\Statement.php:239
Stack trace:
#0 C:\xampp\htdocs\killer\vendor\zendframework\zend-db\src\Adapter\Driver\Pdo\Statement.php(239): PDOStatement->execute()
#1 C:\xampp\htdocs\killer\vendor\zendframework\zend-db\src\TableGateway\AbstractTableGateway.php(239): Zend\Db\Adapter\Driver\Pdo\Statement->execute()
#2 C:\xampp\htdocs\killer\api\core\Directus\Database\TableGateway\BaseTableGateway.php(689): Zend\Db\TableGateway\AbstractTableGateway->executeSelect(Object(Zend\Db\Sql\Select))
#3 C:\xampp\htdocs\killer\vendor\zendframework\zend-db\src\TableGateway\AbstractTableGateway.php(209): Directus\Database\TableGateway\BaseTableGateway->executeSelect(Object(Zend\Db\Sql\Select))
#4 C:\xampp\htdocs\killer\api\core\Directus\Database\TableGateway\RelationalTableGateway.php(854): Zend\Db\TableGateway\AbstractTableGateway->selectWith(Object(Zend\Db\Sql\Select))
#5 C:\xampp\htdocs\killer\api\core\Directus\Database\TableGateway\RelationalTableGateway.php(747): Directus\Database\TableGateway\RelationalTableGateway->loadItems(Array)
#6 C:\xampp\htdocs\killer\api\core\Directus\Database\TableGateway\RelationalTableGateway.php(735): Directus\Database\TableGateway\RelationalTableGateway->getItems(Array)
#7 C:\xampp\htdocs\killer\api\routes\A1\Entries.php(48): Directus\Database\TableGateway\RelationalTableGateway->getEntries(Array)
#8 [internal function]: Directus\API\Routes\A1\Entries->rows('Contracts')
#9 C:\xampp\htdocs\killer\vendor\slim\slim\Slim\Route.php(468): call_user_func_array(Array, Array)
#10 C:\xampp\htdocs\killer\vendor\slim\slim\Slim\Slim.php(1357): Slim\Route->dispatch()
#11 C:\xampp\htdocs\killer\vendor\slim\slim\Slim\Middleware\Flash.php(85): Slim\Slim->call()
#12 C:\xampp\htdocs\killer\vendor\slim\slim\Slim\Middleware\MethodOverride.php(92): Slim\Middleware\Flash->call()
#13 C:\xampp\htdocs\killer\api\core\Directus\Slim\CorsMiddleware.php(24): Slim\Middleware\MethodOverride->call()
#14 C:\xampp\htdocs\killer\api\core\Directus\Slim\CacheMiddleware.php(18): Directus\Slim\CorsMiddleware->call()
#15 C:\xampp\htdocs\killer\vendor\slim\slim\Slim\Slim.php(1302): Directus\Slim\CacheMiddleware->call()
#16 C:\xampp\htdocs\killer\api\core\Directus\Application\Application.php(103): Slim\Slim->run()
#17 C:\xampp\htdocs\killer\api\api.php(527): Directus\Application\Application->run()
#18 {main}

Next Zend\Db\Adapter\Exception\InvalidQueryException: Statement could not be executed (42S22 - 1054 - Unknown column 'Contracts.killervalidation' in 'where clause') in C:\xampp\htdocs\killer\vendor\zendframework\zend-db\src\Adapter\Driver\Pdo\Statement.php:244
Stack trace:
#0 C:\xampp\htdocs\killer\vendor\zendframework\zend-db\src\TableGateway\AbstractTableGateway.php(239): Zend\Db\Adapter\Driver\Pdo\Statement->execute()
#1 C:\xampp\htdocs\killer\api\core\Directus\Database\TableGateway\BaseTableGateway.php(689): Zend\Db\TableGateway\AbstractTableGateway->executeSelect(Object(Zend\Db\Sql\Select))
#2 C:\xampp\htdocs\killer\vendor\zendframework\zend-db\src\TableGateway\AbstractTableGateway.php(209): Directus\Database\TableGateway\BaseTableGateway->executeSelect(Object(Zend\Db\Sql\Select))
#3 C:\xampp\htdocs\killer\api\core\Directus\Database\TableGateway\RelationalTableGateway.php(854): Zend\Db\TableGateway\AbstractTableGateway->selectWith(Object(Zend\Db\Sql\Select))
#4 C:\xampp\htdocs\killer\api\core\Directus\Database\TableGateway\RelationalTableGateway.php(747): Directus\Database\TableGateway\RelationalTableGateway->loadItems(Array)
#5 C:\xampp\htdocs\killer\api\core\Directus\Database\TableGateway\RelationalTableGateway.php(735): Directus\Database\TableGateway\RelationalTableGateway->getItems(Array)
#6 C:\xampp\htdocs\killer\api\routes\A1\Entries.php(48): Directus\Database\TableGateway\RelationalTableGateway->getEntries(Array)
#7 [internal function]: Directus\API\Routes\A1\Entries->rows('Contracts')
#8 C:\xampp\htdocs\killer\vendor\slim\slim\Slim\Route.php(468): call_user_func_array(Array, Array)
#9 C:\xampp\htdocs\killer\vendor\slim\slim\Slim\Slim.php(1357): Slim\Route->dispatch()
#10 C:\xampp\htdocs\killer\vendor\slim\slim\Slim\Middleware\Flash.php(85): Slim\Slim->call()
#11 C:\xampp\htdocs\killer\vendor\slim\slim\Slim\Middleware\MethodOverride.php(92): Slim\Middleware\Flash->call()
#12 C:\xampp\htdocs\killer\api\core\Directus\Slim\CorsMiddleware.php(24): Slim\Middleware\MethodOverride->call()
#13 C:\xampp\htdocs\killer\api\core\Directus\Slim\CacheMiddleware.php(18): Directus\Slim\CorsMiddleware->call()
#14 C:\xampp\htdocs\killer\vendor\slim\slim\Slim\Slim.php(1302): Directus\Slim\CacheMiddleware->call()
#15 C:\xampp\htdocs\killer\api\core\Directus\Application\Application.php(103): Slim\Slim->run()
#16 C:\xampp\htdocs\killer\api\api.php(527): Directus\Application\Application->run()
#17 {main}

Next RuntimeException: This query failed: SELECT `Contracts`.`id` AS `id`, `Contracts`.`status` AS `status`, `Contracts`.`sort` AS `sort`, `Contracts`.`contacttargetid` AS `contacttargetid`, `Contracts`.`contractactionid` AS `contractactionid`, `Contracts`.`contractplaceid` AS `contractplaceid`, `Contracts`.`contractstartdate` AS `contractstartdate`, `Contracts`.`contracttoolid` AS `contracttoolid` FROM `Contracts` WHERE `Contracts`.`id` = '224' AND `Contracts`.`killervalidation` = '1' AND `Contracts`.`status` IN ('1') ORDER BY `Contracts`.`sort` ASC LIMIT 200 OFFSET 0 in C:\xampp\htdocs\killer\api\core\Directus\Database\TableGateway\BaseTableGateway.php:704
Stack trace:
#0 C:\xampp\htdocs\killer\vendor\zendframework\zend-db\src\TableGateway\AbstractTableGateway.php(209): Directus\Database\TableGateway\BaseTableGateway->executeSelect(Object(Zend\Db\Sql\Select))
#1 C:\xampp\htdocs\killer\api\core\Directus\Database\TableGateway\RelationalTableGateway.php(854): Zend\Db\TableGateway\AbstractTableGateway->selectWith(Object(Zend\Db\Sql\Select))
#2 C:\xampp\htdocs\killer\api\core\Directus\Database\TableGateway\RelationalTableGateway.php(747): Directus\Database\TableGateway\RelationalTableGateway->loadItems(Array)
#3 C:\xampp\htdocs\killer\api\core\Directus\Database\TableGateway\RelationalTableGateway.php(735): Directus\Database\TableGateway\RelationalTableGateway->getItems(Array)
#4 C:\xampp\htdocs\killer\api\routes\A1\Entries.php(48): Directus\Database\TableGateway\RelationalTableGateway->getEntries(Array)
#5 [internal function]: Directus\API\Routes\A1\Entries->rows('Contracts')
#6 C:\xampp\htdocs\killer\vendor\slim\slim\Slim\Route.php(468): call_user_func_array(Array, Array)
#7 C:\xampp\htdocs\killer\vendor\slim\slim\Slim\Slim.php(1357): Slim\Route->dispatch()
#8 C:\xampp\htdocs\killer\vendor\slim\slim\Slim\Middleware\Flash.php(85): Slim\Slim->call()
#9 C:\xampp\htdocs\killer\vendor\slim\slim\Slim\Middleware\MethodOverride.php(92): Slim\Middleware\Flash->call()
#10 C:\xampp\htdocs\killer\api\core\Directus\Slim\CorsMiddleware.php(24): Slim\Middleware\MethodOverride->call()
#11 C:\xampp\htdocs\killer\api\core\Directus\Slim\CacheMiddleware.php(18): Directus\Slim\CorsMiddleware->call()
#12 C:\xampp\htdocs\killer\vendor\slim\slim\Slim\Slim.php(1302): Directus\Slim\CacheMiddleware->call()
#13 C:\xampp\htdocs\killer\api\core\Directus\Application\Application.php(103): Slim\Slim->run()
#14 C:\xampp\htdocs\killer\api\api.php(527): Directus\Application\Application->run()
#15 {main}
ERROR - 2017-11-16T05:22:43-05:00 - PDOException: SQLSTATE[42S22]: Column not found: 1054 Unknown column 'Contracts.killervalidation' in 'where clause' in C:\xampp\htdocs\killer\vendor\zendframework\zend-db\src\Adapter\Driver\Pdo\Statement.php:239
Stack trace:
#0 C:\xampp\htdocs\killer\vendor\zendframework\zend-db\src\Adapter\Driver\Pdo\Statement.php(239): PDOStatement->execute()
#1 C:\xampp\htdocs\killer\vendor\zendframework\zend-db\src\TableGateway\AbstractTableGateway.php(239): Zend\Db\Adapter\Driver\Pdo\Statement->execute()
#2 C:\xampp\htdocs\killer\api\core\Directus\Database\TableGateway\BaseTableGateway.php(689): Zend\Db\TableGateway\AbstractTableGateway->executeSelect(Object(Zend\Db\Sql\Select))
#3 C:\xampp\htdocs\killer\vendor\zendframework\zend-db\src\TableGateway\AbstractTableGateway.php(209): Directus\Database\TableGateway\BaseTableGateway->executeSelect(Object(Zend\Db\Sql\Select))
#4 C:\xampp\htdocs\killer\api\core\Directus\Database\TableGateway\RelationalTableGateway.php(854): Zend\Db\TableGateway\AbstractTableGateway->selectWith(Object(Zend\Db\Sql\Select))
#5 C:\xampp\htdocs\killer\api\core\Directus\Database\TableGateway\RelationalTableGateway.php(747): Directus\Database\TableGateway\RelationalTableGateway->loadItems(Array)
#6 C:\xampp\htdocs\killer\api\core\Directus\Database\TableGateway\RelationalTableGateway.php(735): Directus\Database\TableGateway\RelationalTableGateway->getItems(Array)
#7 C:\xampp\htdocs\killer\api\routes\A1\Entries.php(48): Directus\Database\TableGateway\RelationalTableGateway->getEntries(Array)
#8 [internal function]: Directus\API\Routes\A1\Entries->rows('Contracts')
#9 C:\xampp\htdocs\killer\vendor\slim\slim\Slim\Route.php(468): call_user_func_array(Array, Array)
#10 C:\xampp\htdocs\killer\vendor\slim\slim\Slim\Slim.php(1357): Slim\Route->dispatch()
#11 C:\xampp\htdocs\killer\vendor\slim\slim\Slim\Middleware\Flash.php(85): Slim\Slim->call()
#12 C:\xampp\htdocs\killer\vendor\slim\slim\Slim\Middleware\MethodOverride.php(92): Slim\Middleware\Flash->call()
#13 C:\xampp\htdocs\killer\api\core\Directus\Slim\CorsMiddleware.php(24): Slim\Middleware\MethodOverride->call()
#14 C:\xampp\htdocs\killer\api\core\Directus\Slim\CacheMiddleware.php(18): Directus\Slim\CorsMiddleware->call()
#15 C:\xampp\htdocs\killer\vendor\slim\slim\Slim\Slim.php(1302): Directus\Slim\CacheMiddleware->call()
#16 C:\xampp\htdocs\killer\api\core\Directus\Application\Application.php(103): Slim\Slim->run()
#17 C:\xampp\htdocs\killer\api\api.php(527): Directus\Application\Application->run()
#18 {main}

Next Zend\Db\Adapter\Exception\InvalidQueryException: Statement could not be executed (42S22 - 1054 - Unknown column 'Contracts.killervalidation' in 'where clause') in C:\xampp\htdocs\killer\vendor\zendframework\zend-db\src\Adapter\Driver\Pdo\Statement.php:244
Stack trace:
#0 C:\xampp\htdocs\killer\vendor\zendframework\zend-db\src\TableGateway\AbstractTableGateway.php(239): Zend\Db\Adapter\Driver\Pdo\Statement->execute()
#1 C:\xampp\htdocs\killer\api\core\Directus\Database\TableGateway\BaseTableGateway.php(689): Zend\Db\TableGateway\AbstractTableGateway->executeSelect(Object(Zend\Db\Sql\Select))
#2 C:\xampp\htdocs\killer\vendor\zendframework\zend-db\src\TableGateway\AbstractTableGateway.php(209): Directus\Database\TableGateway\BaseTableGateway->executeSelect(Object(Zend\Db\Sql\Select))
#3 C:\xampp\htdocs\killer\api\core\Directus\Database\TableGateway\RelationalTableGateway.php(854): Zend\Db\TableGateway\AbstractTableGateway->selectWith(Object(Zend\Db\Sql\Select))
#4 C:\xampp\htdocs\killer\api\core\Directus\Database\TableGateway\RelationalTableGateway.php(747): Directus\Database\TableGateway\RelationalTableGateway->loadItems(Array)
#5 C:\xampp\htdocs\killer\api\core\Directus\Database\TableGateway\RelationalTableGateway.php(735): Directus\Database\TableGateway\RelationalTableGateway->getItems(Array)
#6 C:\xampp\htdocs\killer\api\routes\A1\Entries.php(48): Directus\Database\TableGateway\RelationalTableGateway->getEntries(Array)
#7 [internal function]: Directus\API\Routes\A1\Entries->rows('Contracts')
#8 C:\xampp\htdocs\killer\vendor\slim\slim\Slim\Route.php(468): call_user_func_array(Array, Array)
#9 C:\xampp\htdocs\killer\vendor\slim\slim\Slim\Slim.php(1357): Slim\Route->dispatch()
#10 C:\xampp\htdocs\killer\vendor\slim\slim\Slim\Middleware\Flash.php(85): Slim\Slim->call()
#11 C:\xampp\htdocs\killer\vendor\slim\slim\Slim\Middleware\MethodOverride.php(92): Slim\Middleware\Flash->call()
#12 C:\xampp\htdocs\killer\api\core\Directus\Slim\CorsMiddleware.php(24): Slim\Middleware\MethodOverride->call()
#13 C:\xampp\htdocs\killer\api\core\Directus\Slim\CacheMiddleware.php(18): Directus\Slim\CorsMiddleware->call()
#14 C:\xampp\htdocs\killer\vendor\slim\slim\Slim\Slim.php(1302): Directus\Slim\CacheMiddleware->call()
#15 C:\xampp\htdocs\killer\api\core\Directus\Application\Application.php(103): Slim\Slim->run()
#16 C:\xampp\htdocs\killer\api\api.php(527): Directus\Application\Application->run()
#17 {main}

Next RuntimeException: This query failed: SELECT `Contracts`.`id` AS `id`, `Contracts`.`status` AS `status`, `Contracts`.`sort` AS `sort`, `Contracts`.`contacttargetid` AS `contacttargetid`, `Contracts`.`contractactionid` AS `contractactionid`, `Contracts`.`contractplaceid` AS `contractplaceid`, `Contracts`.`contractstartdate` AS `contractstartdate`, `Contracts`.`contracttoolid` AS `contracttoolid` FROM `Contracts` WHERE `Contracts`.`id` = '224' AND `Contracts`.`killervalidation` = '1' AND `Contracts`.`status` IN ('1') ORDER BY `Contracts`.`sort` ASC LIMIT 200 OFFSET 0 in C:\xampp\htdocs\killer\api\core\Directus\Database\TableGateway\BaseTableGateway.php:704
Stack trace:
#0 C:\xampp\htdocs\killer\vendor\zendframework\zend-db\src\TableGateway\AbstractTableGateway.php(209): Directus\Database\TableGateway\BaseTableGateway->executeSelect(Object(Zend\Db\Sql\Select))
#1 C:\xampp\htdocs\killer\api\core\Directus\Database\TableGateway\RelationalTableGateway.php(854): Zend\Db\TableGateway\AbstractTableGateway->selectWith(Object(Zend\Db\Sql\Select))
#2 C:\xampp\htdocs\killer\api\core\Directus\Database\TableGateway\RelationalTableGateway.php(747): Directus\Database\TableGateway\RelationalTableGateway->loadItems(Array)
#3 C:\xampp\htdocs\killer\api\core\Directus\Database\TableGateway\RelationalTableGateway.php(735): Directus\Database\TableGateway\RelationalTableGateway->getItems(Array)
#4 C:\xampp\htdocs\killer\api\routes\A1\Entries.php(48): Directus\Database\TableGateway\RelationalTableGateway->getEntries(Array)
#5 [internal function]: Directus\API\Routes\A1\Entries->rows('Contracts')
#6 C:\xampp\htdocs\killer\vendor\slim\slim\Slim\Route.php(468): call_user_func_array(Array, Array)
#7 C:\xampp\htdocs\killer\vendor\slim\slim\Slim\Slim.php(1357): Slim\Route->dispatch()
#8 C:\xampp\htdocs\killer\vendor\slim\slim\Slim\Middleware\Flash.php(85): Slim\Slim->call()
#9 C:\xampp\htdocs\killer\vendor\slim\slim\Slim\Middleware\MethodOverride.php(92): Slim\Middleware\Flash->call()
#10 C:\xampp\htdocs\killer\api\core\Directus\Slim\CorsMiddleware.php(24): Slim\Middleware\MethodOverride->call()
#11 C:\xampp\htdocs\killer\api\core\Directus\Slim\CacheMiddleware.php(18): Directus\Slim\CorsMiddleware->call()
#12 C:\xampp\htdocs\killer\vendor\slim\slim\Slim\Slim.php(1302): Directus\Slim\CacheMiddleware->call()
#13 C:\xampp\htdocs\killer\api\core\Directus\Application\Application.php(103): Slim\Slim->run()
#14 C:\xampp\htdocs\killer\api\api.php(527): Directus\Application\Application->run()
#15 {main}
ERROR - 2017-11-16T05:23:29-05:00 - PDOException: SQLSTATE[42S22]: Column not found: 1054 Unknown column 'Contracts.killervalidation' in 'where clause' in C:\xampp\htdocs\killer\vendor\zendframework\zend-db\src\Adapter\Driver\Pdo\Statement.php:239
Stack trace:
#0 C:\xampp\htdocs\killer\vendor\zendframework\zend-db\src\Adapter\Driver\Pdo\Statement.php(239): PDOStatement->execute()
#1 C:\xampp\htdocs\killer\vendor\zendframework\zend-db\src\TableGateway\AbstractTableGateway.php(239): Zend\Db\Adapter\Driver\Pdo\Statement->execute()
#2 C:\xampp\htdocs\killer\api\core\Directus\Database\TableGateway\BaseTableGateway.php(689): Zend\Db\TableGateway\AbstractTableGateway->executeSelect(Object(Zend\Db\Sql\Select))
#3 C:\xampp\htdocs\killer\vendor\zendframework\zend-db\src\TableGateway\AbstractTableGateway.php(209): Directus\Database\TableGateway\BaseTableGateway->executeSelect(Object(Zend\Db\Sql\Select))
#4 C:\xampp\htdocs\killer\api\core\Directus\Database\TableGateway\RelationalTableGateway.php(854): Zend\Db\TableGateway\AbstractTableGateway->selectWith(Object(Zend\Db\Sql\Select))
#5 C:\xampp\htdocs\killer\api\core\Directus\Database\TableGateway\RelationalTableGateway.php(747): Directus\Database\TableGateway\RelationalTableGateway->loadItems(Array)
#6 C:\xampp\htdocs\killer\api\core\Directus\Database\TableGateway\RelationalTableGateway.php(735): Directus\Database\TableGateway\RelationalTableGateway->getItems(Array)
#7 C:\xampp\htdocs\killer\api\routes\A1\Entries.php(48): Directus\Database\TableGateway\RelationalTableGateway->getEntries(Array)
#8 [internal function]: Directus\API\Routes\A1\Entries->rows('Contracts')
#9 C:\xampp\htdocs\killer\vendor\slim\slim\Slim\Route.php(468): call_user_func_array(Array, Array)
#10 C:\xampp\htdocs\killer\vendor\slim\slim\Slim\Slim.php(1357): Slim\Route->dispatch()
#11 C:\xampp\htdocs\killer\vendor\slim\slim\Slim\Middleware\Flash.php(85): Slim\Slim->call()
#12 C:\xampp\htdocs\killer\vendor\slim\slim\Slim\Middleware\MethodOverride.php(92): Slim\Middleware\Flash->call()
#13 C:\xampp\htdocs\killer\api\core\Directus\Slim\CorsMiddleware.php(24): Slim\Middleware\MethodOverride->call()
#14 C:\xampp\htdocs\killer\api\core\Directus\Slim\CacheMiddleware.php(18): Directus\Slim\CorsMiddleware->call()
#15 C:\xampp\htdocs\killer\vendor\slim\slim\Slim\Slim.php(1302): Directus\Slim\CacheMiddleware->call()
#16 C:\xampp\htdocs\killer\api\core\Directus\Application\Application.php(103): Slim\Slim->run()
#17 C:\xampp\htdocs\killer\api\api.php(527): Directus\Application\Application->run()
#18 {main}

Next Zend\Db\Adapter\Exception\InvalidQueryException: Statement could not be executed (42S22 - 1054 - Unknown column 'Contracts.killervalidation' in 'where clause') in C:\xampp\htdocs\killer\vendor\zendframework\zend-db\src\Adapter\Driver\Pdo\Statement.php:244
Stack trace:
#0 C:\xampp\htdocs\killer\vendor\zendframework\zend-db\src\TableGateway\AbstractTableGateway.php(239): Zend\Db\Adapter\Driver\Pdo\Statement->execute()
#1 C:\xampp\htdocs\killer\api\core\Directus\Database\TableGateway\BaseTableGateway.php(689): Zend\Db\TableGateway\AbstractTableGateway->executeSelect(Object(Zend\Db\Sql\Select))
#2 C:\xampp\htdocs\killer\vendor\zendframework\zend-db\src\TableGateway\AbstractTableGateway.php(209): Directus\Database\TableGateway\BaseTableGateway->executeSelect(Object(Zend\Db\Sql\Select))
#3 C:\xampp\htdocs\killer\api\core\Directus\Database\TableGateway\RelationalTableGateway.php(854): Zend\Db\TableGateway\AbstractTableGateway->selectWith(Object(Zend\Db\Sql\Select))
#4 C:\xampp\htdocs\killer\api\core\Directus\Database\TableGateway\RelationalTableGateway.php(747): Directus\Database\TableGateway\RelationalTableGateway->loadItems(Array)
#5 C:\xampp\htdocs\killer\api\core\Directus\Database\TableGateway\RelationalTableGateway.php(735): Directus\Database\TableGateway\RelationalTableGateway->getItems(Array)
#6 C:\xampp\htdocs\killer\api\routes\A1\Entries.php(48): Directus\Database\TableGateway\RelationalTableGateway->getEntries(Array)
#7 [internal function]: Directus\API\Routes\A1\Entries->rows('Contracts')
#8 C:\xampp\htdocs\killer\vendor\slim\slim\Slim\Route.php(468): call_user_func_array(Array, Array)
#9 C:\xampp\htdocs\killer\vendor\slim\slim\Slim\Slim.php(1357): Slim\Route->dispatch()
#10 C:\xampp\htdocs\killer\vendor\slim\slim\Slim\Middleware\Flash.php(85): Slim\Slim->call()
#11 C:\xampp\htdocs\killer\vendor\slim\slim\Slim\Middleware\MethodOverride.php(92): Slim\Middleware\Flash->call()
#12 C:\xampp\htdocs\killer\api\core\Directus\Slim\CorsMiddleware.php(24): Slim\Middleware\MethodOverride->call()
#13 C:\xampp\htdocs\killer\api\core\Directus\Slim\CacheMiddleware.php(18): Directus\Slim\CorsMiddleware->call()
#14 C:\xampp\htdocs\killer\vendor\slim\slim\Slim\Slim.php(1302): Directus\Slim\CacheMiddleware->call()
#15 C:\xampp\htdocs\killer\api\core\Directus\Application\Application.php(103): Slim\Slim->run()
#16 C:\xampp\htdocs\killer\api\api.php(527): Directus\Application\Application->run()
#17 {main}

Next RuntimeException: This query failed: SELECT `Contracts`.`id` AS `id`, `Contracts`.`status` AS `status`, `Contracts`.`sort` AS `sort`, `Contracts`.`contacttargetid` AS `contacttargetid`, `Contracts`.`contractactionid` AS `contractactionid`, `Contracts`.`contractplaceid` AS `contractplaceid`, `Contracts`.`contractstartdate` AS `contractstartdate`, `Contracts`.`contracttoolid` AS `contracttoolid` FROM `Contracts` WHERE `Contracts`.`id` = '224' AND `Contracts`.`killervalidation` = '1' AND `Contracts`.`status` IN ('1') ORDER BY `Contracts`.`sort` ASC LIMIT 200 OFFSET 0 in C:\xampp\htdocs\killer\api\core\Directus\Database\TableGateway\BaseTableGateway.php:704
Stack trace:
#0 C:\xampp\htdocs\killer\vendor\zendframework\zend-db\src\TableGateway\AbstractTableGateway.php(209): Directus\Database\TableGateway\BaseTableGateway->executeSelect(Object(Zend\Db\Sql\Select))
#1 C:\xampp\htdocs\killer\api\core\Directus\Database\TableGateway\RelationalTableGateway.php(854): Zend\Db\TableGateway\AbstractTableGateway->selectWith(Object(Zend\Db\Sql\Select))
#2 C:\xampp\htdocs\killer\api\core\Directus\Database\TableGateway\RelationalTableGateway.php(747): Directus\Database\TableGateway\RelationalTableGateway->loadItems(Array)
#3 C:\xampp\htdocs\killer\api\core\Directus\Database\TableGateway\RelationalTableGateway.php(735): Directus\Database\TableGateway\RelationalTableGateway->getItems(Array)
#4 C:\xampp\htdocs\killer\api\routes\A1\Entries.php(48): Directus\Database\TableGateway\RelationalTableGateway->getEntries(Array)
#5 [internal function]: Directus\API\Routes\A1\Entries->rows('Contracts')
#6 C:\xampp\htdocs\killer\vendor\slim\slim\Slim\Route.php(468): call_user_func_array(Array, Array)
#7 C:\xampp\htdocs\killer\vendor\slim\slim\Slim\Slim.php(1357): Slim\Route->dispatch()
#8 C:\xampp\htdocs\killer\vendor\slim\slim\Slim\Middleware\Flash.php(85): Slim\Slim->call()
#9 C:\xampp\htdocs\killer\vendor\slim\slim\Slim\Middleware\MethodOverride.php(92): Slim\Middleware\Flash->call()
#10 C:\xampp\htdocs\killer\api\core\Directus\Slim\CorsMiddleware.php(24): Slim\Middleware\MethodOverride->call()
#11 C:\xampp\htdocs\killer\api\core\Directus\Slim\CacheMiddleware.php(18): Directus\Slim\CorsMiddleware->call()
#12 C:\xampp\htdocs\killer\vendor\slim\slim\Slim\Slim.php(1302): Directus\Slim\CacheMiddleware->call()
#13 C:\xampp\htdocs\killer\api\core\Directus\Application\Application.php(103): Slim\Slim->run()
#14 C:\xampp\htdocs\killer\api\api.php(527): Directus\Application\Application->run()
#15 {main}
ERROR - 2017-11-16T05:23:34-05:00 - PDOException: SQLSTATE[42S22]: Column not found: 1054 Unknown column 'Contracts.killervalidation' in 'where clause' in C:\xampp\htdocs\killer\vendor\zendframework\zend-db\src\Adapter\Driver\Pdo\Statement.php:239
Stack trace:
#0 C:\xampp\htdocs\killer\vendor\zendframework\zend-db\src\Adapter\Driver\Pdo\Statement.php(239): PDOStatement->execute()
#1 C:\xampp\htdocs\killer\vendor\zendframework\zend-db\src\TableGateway\AbstractTableGateway.php(239): Zend\Db\Adapter\Driver\Pdo\Statement->execute()
#2 C:\xampp\htdocs\killer\api\core\Directus\Database\TableGateway\BaseTableGateway.php(689): Zend\Db\TableGateway\AbstractTableGateway->executeSelect(Object(Zend\Db\Sql\Select))
#3 C:\xampp\htdocs\killer\vendor\zendframework\zend-db\src\TableGateway\AbstractTableGateway.php(209): Directus\Database\TableGateway\BaseTableGateway->executeSelect(Object(Zend\Db\Sql\Select))
#4 C:\xampp\htdocs\killer\api\core\Directus\Database\TableGateway\RelationalTableGateway.php(854): Zend\Db\TableGateway\AbstractTableGateway->selectWith(Object(Zend\Db\Sql\Select))
#5 C:\xampp\htdocs\killer\api\core\Directus\Database\TableGateway\RelationalTableGateway.php(747): Directus\Database\TableGateway\RelationalTableGateway->loadItems(Array)
#6 C:\xampp\htdocs\killer\api\core\Directus\Database\TableGateway\RelationalTableGateway.php(735): Directus\Database\TableGateway\RelationalTableGateway->getItems(Array)
#7 C:\xampp\htdocs\killer\api\routes\A1\Entries.php(48): Directus\Database\TableGateway\RelationalTableGateway->getEntries(Array)
#8 [internal function]: Directus\API\Routes\A1\Entries->rows('Contracts')
#9 C:\xampp\htdocs\killer\vendor\slim\slim\Slim\Route.php(468): call_user_func_array(Array, Array)
#10 C:\xampp\htdocs\killer\vendor\slim\slim\Slim\Slim.php(1357): Slim\Route->dispatch()
#11 C:\xampp\htdocs\killer\vendor\slim\slim\Slim\Middleware\Flash.php(85): Slim\Slim->call()
#12 C:\xampp\htdocs\killer\vendor\slim\slim\Slim\Middleware\MethodOverride.php(92): Slim\Middleware\Flash->call()
#13 C:\xampp\htdocs\killer\api\core\Directus\Slim\CorsMiddleware.php(24): Slim\Middleware\MethodOverride->call()
#14 C:\xampp\htdocs\killer\api\core\Directus\Slim\CacheMiddleware.php(18): Directus\Slim\CorsMiddleware->call()
#15 C:\xampp\htdocs\killer\vendor\slim\slim\Slim\Slim.php(1302): Directus\Slim\CacheMiddleware->call()
#16 C:\xampp\htdocs\killer\api\core\Directus\Application\Application.php(103): Slim\Slim->run()
#17 C:\xampp\htdocs\killer\api\api.php(527): Directus\Application\Application->run()
#18 {main}

Next Zend\Db\Adapter\Exception\InvalidQueryException: Statement could not be executed (42S22 - 1054 - Unknown column 'Contracts.killervalidation' in 'where clause') in C:\xampp\htdocs\killer\vendor\zendframework\zend-db\src\Adapter\Driver\Pdo\Statement.php:244
Stack trace:
#0 C:\xampp\htdocs\killer\vendor\zendframework\zend-db\src\TableGateway\AbstractTableGateway.php(239): Zend\Db\Adapter\Driver\Pdo\Statement->execute()
#1 C:\xampp\htdocs\killer\api\core\Directus\Database\TableGateway\BaseTableGateway.php(689): Zend\Db\TableGateway\AbstractTableGateway->executeSelect(Object(Zend\Db\Sql\Select))
#2 C:\xampp\htdocs\killer\vendor\zendframework\zend-db\src\TableGateway\AbstractTableGateway.php(209): Directus\Database\TableGateway\BaseTableGateway->executeSelect(Object(Zend\Db\Sql\Select))
#3 C:\xampp\htdocs\killer\api\core\Directus\Database\TableGateway\RelationalTableGateway.php(854): Zend\Db\TableGateway\AbstractTableGateway->selectWith(Object(Zend\Db\Sql\Select))
#4 C:\xampp\htdocs\killer\api\core\Directus\Database\TableGateway\RelationalTableGateway.php(747): Directus\Database\TableGateway\RelationalTableGateway->loadItems(Array)
#5 C:\xampp\htdocs\killer\api\core\Directus\Database\TableGateway\RelationalTableGateway.php(735): Directus\Database\TableGateway\RelationalTableGateway->getItems(Array)
#6 C:\xampp\htdocs\killer\api\routes\A1\Entries.php(48): Directus\Database\TableGateway\RelationalTableGateway->getEntries(Array)
#7 [internal function]: Directus\API\Routes\A1\Entries->rows('Contracts')
#8 C:\xampp\htdocs\killer\vendor\slim\slim\Slim\Route.php(468): call_user_func_array(Array, Array)
#9 C:\xampp\htdocs\killer\vendor\slim\slim\Slim\Slim.php(1357): Slim\Route->dispatch()
#10 C:\xampp\htdocs\killer\vendor\slim\slim\Slim\Middleware\Flash.php(85): Slim\Slim->call()
#11 C:\xampp\htdocs\killer\vendor\slim\slim\Slim\Middleware\MethodOverride.php(92): Slim\Middleware\Flash->call()
#12 C:\xampp\htdocs\killer\api\core\Directus\Slim\CorsMiddleware.php(24): Slim\Middleware\MethodOverride->call()
#13 C:\xampp\htdocs\killer\api\core\Directus\Slim\CacheMiddleware.php(18): Directus\Slim\CorsMiddleware->call()
#14 C:\xampp\htdocs\killer\vendor\slim\slim\Slim\Slim.php(1302): Directus\Slim\CacheMiddleware->call()
#15 C:\xampp\htdocs\killer\api\core\Directus\Application\Application.php(103): Slim\Slim->run()
#16 C:\xampp\htdocs\killer\api\api.php(527): Directus\Application\Application->run()
#17 {main}

Next RuntimeException: This query failed: SELECT `Contracts`.`id` AS `id`, `Contracts`.`status` AS `status`, `Contracts`.`sort` AS `sort`, `Contracts`.`contacttargetid` AS `contacttargetid`, `Contracts`.`contractactionid` AS `contractactionid`, `Contracts`.`contractplaceid` AS `contractplaceid`, `Contracts`.`contractstartdate` AS `contractstartdate`, `Contracts`.`contracttoolid` AS `contracttoolid` FROM `Contracts` WHERE `Contracts`.`id` = '224' AND `Contracts`.`killervalidation` = '1' AND `Contracts`.`status` IN ('1') ORDER BY `Contracts`.`sort` ASC LIMIT 200 OFFSET 0 in C:\xampp\htdocs\killer\api\core\Directus\Database\TableGateway\BaseTableGateway.php:704
Stack trace:
#0 C:\xampp\htdocs\killer\vendor\zendframework\zend-db\src\TableGateway\AbstractTableGateway.php(209): Directus\Database\TableGateway\BaseTableGateway->executeSelect(Object(Zend\Db\Sql\Select))
#1 C:\xampp\htdocs\killer\api\core\Directus\Database\TableGateway\RelationalTableGateway.php(854): Zend\Db\TableGateway\AbstractTableGateway->selectWith(Object(Zend\Db\Sql\Select))
#2 C:\xampp\htdocs\killer\api\core\Directus\Database\TableGateway\RelationalTableGateway.php(747): Directus\Database\TableGateway\RelationalTableGateway->loadItems(Array)
#3 C:\xampp\htdocs\killer\api\core\Directus\Database\TableGateway\RelationalTableGateway.php(735): Directus\Database\TableGateway\RelationalTableGateway->getItems(Array)
#4 C:\xampp\htdocs\killer\api\routes\A1\Entries.php(48): Directus\Database\TableGateway\RelationalTableGateway->getEntries(Array)
#5 [internal function]: Directus\API\Routes\A1\Entries->rows('Contracts')
#6 C:\xampp\htdocs\killer\vendor\slim\slim\Slim\Route.php(468): call_user_func_array(Array, Array)
#7 C:\xampp\htdocs\killer\vendor\slim\slim\Slim\Slim.php(1357): Slim\Route->dispatch()
#8 C:\xampp\htdocs\killer\vendor\slim\slim\Slim\Middleware\Flash.php(85): Slim\Slim->call()
#9 C:\xampp\htdocs\killer\vendor\slim\slim\Slim\Middleware\MethodOverride.php(92): Slim\Middleware\Flash->call()
#10 C:\xampp\htdocs\killer\api\core\Directus\Slim\CorsMiddleware.php(24): Slim\Middleware\MethodOverride->call()
#11 C:\xampp\htdocs\killer\api\core\Directus\Slim\CacheMiddleware.php(18): Directus\Slim\CorsMiddleware->call()
#12 C:\xampp\htdocs\killer\vendor\slim\slim\Slim\Slim.php(1302): Directus\Slim\CacheMiddleware->call()
#13 C:\xampp\htdocs\killer\api\core\Directus\Application\Application.php(103): Slim\Slim->run()
#14 C:\xampp\htdocs\killer\api\api.php(527): Directus\Application\Application->run()
#15 {main}
ERROR - 2017-11-16T05:25:31-05:00 - PDOException: SQLSTATE[42S22]: Column not found: 1054 Unknown column 'Contracts.killervalidation' in 'where clause' in C:\xampp\htdocs\killer\vendor\zendframework\zend-db\src\Adapter\Driver\Pdo\Statement.php:239
Stack trace:
#0 C:\xampp\htdocs\killer\vendor\zendframework\zend-db\src\Adapter\Driver\Pdo\Statement.php(239): PDOStatement->execute()
#1 C:\xampp\htdocs\killer\vendor\zendframework\zend-db\src\TableGateway\AbstractTableGateway.php(239): Zend\Db\Adapter\Driver\Pdo\Statement->execute()
#2 C:\xampp\htdocs\killer\api\core\Directus\Database\TableGateway\BaseTableGateway.php(689): Zend\Db\TableGateway\AbstractTableGateway->executeSelect(Object(Zend\Db\Sql\Select))
#3 C:\xampp\htdocs\killer\vendor\zendframework\zend-db\src\TableGateway\AbstractTableGateway.php(209): Directus\Database\TableGateway\BaseTableGateway->executeSelect(Object(Zend\Db\Sql\Select))
#4 C:\xampp\htdocs\killer\api\core\Directus\Database\TableGateway\RelationalTableGateway.php(854): Zend\Db\TableGateway\AbstractTableGateway->selectWith(Object(Zend\Db\Sql\Select))
#5 C:\xampp\htdocs\killer\api\core\Directus\Database\TableGateway\RelationalTableGateway.php(747): Directus\Database\TableGateway\RelationalTableGateway->loadItems(Array)
#6 C:\xampp\htdocs\killer\api\core\Directus\Database\TableGateway\RelationalTableGateway.php(735): Directus\Database\TableGateway\RelationalTableGateway->getItems(Array)
#7 C:\xampp\htdocs\killer\api\routes\A1\Entries.php(48): Directus\Database\TableGateway\RelationalTableGateway->getEntries(Array)
#8 [internal function]: Directus\API\Routes\A1\Entries->rows('Contracts')
#9 C:\xampp\htdocs\killer\vendor\slim\slim\Slim\Route.php(468): call_user_func_array(Array, Array)
#10 C:\xampp\htdocs\killer\vendor\slim\slim\Slim\Slim.php(1357): Slim\Route->dispatch()
#11 C:\xampp\htdocs\killer\vendor\slim\slim\Slim\Middleware\Flash.php(85): Slim\Slim->call()
#12 C:\xampp\htdocs\killer\vendor\slim\slim\Slim\Middleware\MethodOverride.php(92): Slim\Middleware\Flash->call()
#13 C:\xampp\htdocs\killer\api\core\Directus\Slim\CorsMiddleware.php(24): Slim\Middleware\MethodOverride->call()
#14 C:\xampp\htdocs\killer\api\core\Directus\Slim\CacheMiddleware.php(18): Directus\Slim\CorsMiddleware->call()
#15 C:\xampp\htdocs\killer\vendor\slim\slim\Slim\Slim.php(1302): Directus\Slim\CacheMiddleware->call()
#16 C:\xampp\htdocs\killer\api\core\Directus\Application\Application.php(103): Slim\Slim->run()
#17 C:\xampp\htdocs\killer\api\api.php(527): Directus\Application\Application->run()
#18 {main}

Next Zend\Db\Adapter\Exception\InvalidQueryException: Statement could not be executed (42S22 - 1054 - Unknown column 'Contracts.killervalidation' in 'where clause') in C:\xampp\htdocs\killer\vendor\zendframework\zend-db\src\Adapter\Driver\Pdo\Statement.php:244
Stack trace:
#0 C:\xampp\htdocs\killer\vendor\zendframework\zend-db\src\TableGateway\AbstractTableGateway.php(239): Zend\Db\Adapter\Driver\Pdo\Statement->execute()
#1 C:\xampp\htdocs\killer\api\core\Directus\Database\TableGateway\BaseTableGateway.php(689): Zend\Db\TableGateway\AbstractTableGateway->executeSelect(Object(Zend\Db\Sql\Select))
#2 C:\xampp\htdocs\killer\vendor\zendframework\zend-db\src\TableGateway\AbstractTableGateway.php(209): Directus\Database\TableGateway\BaseTableGateway->executeSelect(Object(Zend\Db\Sql\Select))
#3 C:\xampp\htdocs\killer\api\core\Directus\Database\TableGateway\RelationalTableGateway.php(854): Zend\Db\TableGateway\AbstractTableGateway->selectWith(Object(Zend\Db\Sql\Select))
#4 C:\xampp\htdocs\killer\api\core\Directus\Database\TableGateway\RelationalTableGateway.php(747): Directus\Database\TableGateway\RelationalTableGateway->loadItems(Array)
#5 C:\xampp\htdocs\killer\api\core\Directus\Database\TableGateway\RelationalTableGateway.php(735): Directus\Database\TableGateway\RelationalTableGateway->getItems(Array)
#6 C:\xampp\htdocs\killer\api\routes\A1\Entries.php(48): Directus\Database\TableGateway\RelationalTableGateway->getEntries(Array)
#7 [internal function]: Directus\API\Routes\A1\Entries->rows('Contracts')
#8 C:\xampp\htdocs\killer\vendor\slim\slim\Slim\Route.php(468): call_user_func_array(Array, Array)
#9 C:\xampp\htdocs\killer\vendor\slim\slim\Slim\Slim.php(1357): Slim\Route->dispatch()
#10 C:\xampp\htdocs\killer\vendor\slim\slim\Slim\Middleware\Flash.php(85): Slim\Slim->call()
#11 C:\xampp\htdocs\killer\vendor\slim\slim\Slim\Middleware\MethodOverride.php(92): Slim\Middleware\Flash->call()
#12 C:\xampp\htdocs\killer\api\core\Directus\Slim\CorsMiddleware.php(24): Slim\Middleware\MethodOverride->call()
#13 C:\xampp\htdocs\killer\api\core\Directus\Slim\CacheMiddleware.php(18): Directus\Slim\CorsMiddleware->call()
#14 C:\xampp\htdocs\killer\vendor\slim\slim\Slim\Slim.php(1302): Directus\Slim\CacheMiddleware->call()
#15 C:\xampp\htdocs\killer\api\core\Directus\Application\Application.php(103): Slim\Slim->run()
#16 C:\xampp\htdocs\killer\api\api.php(527): Directus\Application\Application->run()
#17 {main}

Next RuntimeException: This query failed: SELECT `Contracts`.`id` AS `id`, `Contracts`.`status` AS `status`, `Contracts`.`sort` AS `sort`, `Contracts`.`contacttargetid` AS `contacttargetid`, `Contracts`.`contractactionid` AS `contractactionid`, `Contracts`.`contractplaceid` AS `contractplaceid`, `Contracts`.`contractstartdate` AS `contractstartdate`, `Contracts`.`contracttoolid` AS `contracttoolid` FROM `Contracts` WHERE `Contracts`.`id` = '224' AND `Contracts`.`killervalidation` = '1' AND `Contracts`.`status` IN ('1') ORDER BY `Contracts`.`sort` ASC LIMIT 200 OFFSET 0 in C:\xampp\htdocs\killer\api\core\Directus\Database\TableGateway\BaseTableGateway.php:704
Stack trace:
#0 C:\xampp\htdocs\killer\vendor\zendframework\zend-db\src\TableGateway\AbstractTableGateway.php(209): Directus\Database\TableGateway\BaseTableGateway->executeSelect(Object(Zend\Db\Sql\Select))
#1 C:\xampp\htdocs\killer\api\core\Directus\Database\TableGateway\RelationalTableGateway.php(854): Zend\Db\TableGateway\AbstractTableGateway->selectWith(Object(Zend\Db\Sql\Select))
#2 C:\xampp\htdocs\killer\api\core\Directus\Database\TableGateway\RelationalTableGateway.php(747): Directus\Database\TableGateway\RelationalTableGateway->loadItems(Array)
#3 C:\xampp\htdocs\killer\api\core\Directus\Database\TableGateway\RelationalTableGateway.php(735): Directus\Database\TableGateway\RelationalTableGateway->getItems(Array)
#4 C:\xampp\htdocs\killer\api\routes\A1\Entries.php(48): Directus\Database\TableGateway\RelationalTableGateway->getEntries(Array)
#5 [internal function]: Directus\API\Routes\A1\Entries->rows('Contracts')
#6 C:\xampp\htdocs\killer\vendor\slim\slim\Slim\Route.php(468): call_user_func_array(Array, Array)
#7 C:\xampp\htdocs\killer\vendor\slim\slim\Slim\Slim.php(1357): Slim\Route->dispatch()
#8 C:\xampp\htdocs\killer\vendor\slim\slim\Slim\Middleware\Flash.php(85): Slim\Slim->call()
#9 C:\xampp\htdocs\killer\vendor\slim\slim\Slim\Middleware\MethodOverride.php(92): Slim\Middleware\Flash->call()
#10 C:\xampp\htdocs\killer\api\core\Directus\Slim\CorsMiddleware.php(24): Slim\Middleware\MethodOverride->call()
#11 C:\xampp\htdocs\killer\api\core\Directus\Slim\CacheMiddleware.php(18): Directus\Slim\CorsMiddleware->call()
#12 C:\xampp\htdocs\killer\vendor\slim\slim\Slim\Slim.php(1302): Directus\Slim\CacheMiddleware->call()
#13 C:\xampp\htdocs\killer\api\core\Directus\Application\Application.php(103): Slim\Slim->run()
#14 C:\xampp\htdocs\killer\api\api.php(527): Directus\Application\Application->run()
#15 {main}
ERROR - 2017-11-16T06:54:23-05:00 - PDOException: SQLSTATE[42S22]: Column not found: 1054 Unknown column 'Contracts.killervalidation' in 'where clause' in C:\xampp\htdocs\killer\vendor\zendframework\zend-db\src\Adapter\Driver\Pdo\Statement.php:239
Stack trace:
#0 C:\xampp\htdocs\killer\vendor\zendframework\zend-db\src\Adapter\Driver\Pdo\Statement.php(239): PDOStatement->execute()
#1 C:\xampp\htdocs\killer\vendor\zendframework\zend-db\src\TableGateway\AbstractTableGateway.php(239): Zend\Db\Adapter\Driver\Pdo\Statement->execute()
#2 C:\xampp\htdocs\killer\api\core\Directus\Database\TableGateway\BaseTableGateway.php(689): Zend\Db\TableGateway\AbstractTableGateway->executeSelect(Object(Zend\Db\Sql\Select))
#3 C:\xampp\htdocs\killer\vendor\zendframework\zend-db\src\TableGateway\AbstractTableGateway.php(209): Directus\Database\TableGateway\BaseTableGateway->executeSelect(Object(Zend\Db\Sql\Select))
#4 C:\xampp\htdocs\killer\api\core\Directus\Database\TableGateway\RelationalTableGateway.php(854): Zend\Db\TableGateway\AbstractTableGateway->selectWith(Object(Zend\Db\Sql\Select))
#5 C:\xampp\htdocs\killer\api\core\Directus\Database\TableGateway\RelationalTableGateway.php(747): Directus\Database\TableGateway\RelationalTableGateway->loadItems(Array)
#6 C:\xampp\htdocs\killer\api\core\Directus\Database\TableGateway\RelationalTableGateway.php(735): Directus\Database\TableGateway\RelationalTableGateway->getItems(Array)
#7 C:\xampp\htdocs\killer\api\routes\A1\Entries.php(48): Directus\Database\TableGateway\RelationalTableGateway->getEntries(Array)
#8 [internal function]: Directus\API\Routes\A1\Entries->rows('Contracts')
#9 C:\xampp\htdocs\killer\vendor\slim\slim\Slim\Route.php(468): call_user_func_array(Array, Array)
#10 C:\xampp\htdocs\killer\vendor\slim\slim\Slim\Slim.php(1357): Slim\Route->dispatch()
#11 C:\xampp\htdocs\killer\vendor\slim\slim\Slim\Middleware\Flash.php(85): Slim\Slim->call()
#12 C:\xampp\htdocs\killer\vendor\slim\slim\Slim\Middleware\MethodOverride.php(92): Slim\Middleware\Flash->call()
#13 C:\xampp\htdocs\killer\api\core\Directus\Slim\CorsMiddleware.php(24): Slim\Middleware\MethodOverride->call()
#14 C:\xampp\htdocs\killer\api\core\Directus\Slim\CacheMiddleware.php(18): Directus\Slim\CorsMiddleware->call()
#15 C:\xampp\htdocs\killer\vendor\slim\slim\Slim\Slim.php(1302): Directus\Slim\CacheMiddleware->call()
#16 C:\xampp\htdocs\killer\api\core\Directus\Application\Application.php(103): Slim\Slim->run()
#17 C:\xampp\htdocs\killer\api\api.php(527): Directus\Application\Application->run()
#18 {main}

Next Zend\Db\Adapter\Exception\InvalidQueryException: Statement could not be executed (42S22 - 1054 - Unknown column 'Contracts.killervalidation' in 'where clause') in C:\xampp\htdocs\killer\vendor\zendframework\zend-db\src\Adapter\Driver\Pdo\Statement.php:244
Stack trace:
#0 C:\xampp\htdocs\killer\vendor\zendframework\zend-db\src\TableGateway\AbstractTableGateway.php(239): Zend\Db\Adapter\Driver\Pdo\Statement->execute()
#1 C:\xampp\htdocs\killer\api\core\Directus\Database\TableGateway\BaseTableGateway.php(689): Zend\Db\TableGateway\AbstractTableGateway->executeSelect(Object(Zend\Db\Sql\Select))
#2 C:\xampp\htdocs\killer\vendor\zendframework\zend-db\src\TableGateway\AbstractTableGateway.php(209): Directus\Database\TableGateway\BaseTableGateway->executeSelect(Object(Zend\Db\Sql\Select))
#3 C:\xampp\htdocs\killer\api\core\Directus\Database\TableGateway\RelationalTableGateway.php(854): Zend\Db\TableGateway\AbstractTableGateway->selectWith(Object(Zend\Db\Sql\Select))
#4 C:\xampp\htdocs\killer\api\core\Directus\Database\TableGateway\RelationalTableGateway.php(747): Directus\Database\TableGateway\RelationalTableGateway->loadItems(Array)
#5 C:\xampp\htdocs\killer\api\core\Directus\Database\TableGateway\RelationalTableGateway.php(735): Directus\Database\TableGateway\RelationalTableGateway->getItems(Array)
#6 C:\xampp\htdocs\killer\api\routes\A1\Entries.php(48): Directus\Database\TableGateway\RelationalTableGateway->getEntries(Array)
#7 [internal function]: Directus\API\Routes\A1\Entries->rows('Contracts')
#8 C:\xampp\htdocs\killer\vendor\slim\slim\Slim\Route.php(468): call_user_func_array(Array, Array)
#9 C:\xampp\htdocs\killer\vendor\slim\slim\Slim\Slim.php(1357): Slim\Route->dispatch()
#10 C:\xampp\htdocs\killer\vendor\slim\slim\Slim\Middleware\Flash.php(85): Slim\Slim->call()
#11 C:\xampp\htdocs\killer\vendor\slim\slim\Slim\Middleware\MethodOverride.php(92): Slim\Middleware\Flash->call()
#12 C:\xampp\htdocs\killer\api\core\Directus\Slim\CorsMiddleware.php(24): Slim\Middleware\MethodOverride->call()
#13 C:\xampp\htdocs\killer\api\core\Directus\Slim\CacheMiddleware.php(18): Directus\Slim\CorsMiddleware->call()
#14 C:\xampp\htdocs\killer\vendor\slim\slim\Slim\Slim.php(1302): Directus\Slim\CacheMiddleware->call()
#15 C:\xampp\htdocs\killer\api\core\Directus\Application\Application.php(103): Slim\Slim->run()
#16 C:\xampp\htdocs\killer\api\api.php(527): Directus\Application\Application->run()
#17 {main}

Next RuntimeException: This query failed: SELECT `Contracts`.`id` AS `id`, `Contracts`.`status` AS `status`, `Contracts`.`sort` AS `sort`, `Contracts`.`contacttargetid` AS `contacttargetid`, `Contracts`.`contractactionid` AS `contractactionid`, `Contracts`.`contractplaceid` AS `contractplaceid`, `Contracts`.`contractstartdate` AS `contractstartdate`, `Contracts`.`contracttoolid` AS `contracttoolid` FROM `Contracts` WHERE `Contracts`.`id` = '224' AND `Contracts`.`killervalidation` = '1' AND `Contracts`.`status` IN ('1') ORDER BY `Contracts`.`sort` ASC LIMIT 200 OFFSET 0 in C:\xampp\htdocs\killer\api\core\Directus\Database\TableGateway\BaseTableGateway.php:704
Stack trace:
#0 C:\xampp\htdocs\killer\vendor\zendframework\zend-db\src\TableGateway\AbstractTableGateway.php(209): Directus\Database\TableGateway\BaseTableGateway->executeSelect(Object(Zend\Db\Sql\Select))
#1 C:\xampp\htdocs\killer\api\core\Directus\Database\TableGateway\RelationalTableGateway.php(854): Zend\Db\TableGateway\AbstractTableGateway->selectWith(Object(Zend\Db\Sql\Select))
#2 C:\xampp\htdocs\killer\api\core\Directus\Database\TableGateway\RelationalTableGateway.php(747): Directus\Database\TableGateway\RelationalTableGateway->loadItems(Array)
#3 C:\xampp\htdocs\killer\api\core\Directus\Database\TableGateway\RelationalTableGateway.php(735): Directus\Database\TableGateway\RelationalTableGateway->getItems(Array)
#4 C:\xampp\htdocs\killer\api\routes\A1\Entries.php(48): Directus\Database\TableGateway\RelationalTableGateway->getEntries(Array)
#5 [internal function]: Directus\API\Routes\A1\Entries->rows('Contracts')
#6 C:\xampp\htdocs\killer\vendor\slim\slim\Slim\Route.php(468): call_user_func_array(Array, Array)
#7 C:\xampp\htdocs\killer\vendor\slim\slim\Slim\Slim.php(1357): Slim\Route->dispatch()
#8 C:\xampp\htdocs\killer\vendor\slim\slim\Slim\Middleware\Flash.php(85): Slim\Slim->call()
#9 C:\xampp\htdocs\killer\vendor\slim\slim\Slim\Middleware\MethodOverride.php(92): Slim\Middleware\Flash->call()
#10 C:\xampp\htdocs\killer\api\core\Directus\Slim\CorsMiddleware.php(24): Slim\Middleware\MethodOverride->call()
#11 C:\xampp\htdocs\killer\api\core\Directus\Slim\CacheMiddleware.php(18): Directus\Slim\CorsMiddleware->call()
#12 C:\xampp\htdocs\killer\vendor\slim\slim\Slim\Slim.php(1302): Directus\Slim\CacheMiddleware->call()
#13 C:\xampp\htdocs\killer\api\core\Directus\Application\Application.php(103): Slim\Slim->run()
#14 C:\xampp\htdocs\killer\api\api.php(527): Directus\Application\Application->run()
#15 {main}
ERROR - 2017-11-16T06:54:23-05:00 - ErrorException: Class Directus\Database\Object\ColumnRelationship contains 4 abstract methods and must therefore be declared abstract or implement the remaining methods (ArrayAccess::, ArrayAccess::, ArrayAccess::XT, ...) in C:\xampp\htdocs\killer\api\core\Directus\Database\Object\ColumnRelationship.php:23
Stack trace:
#0 [internal function]: Directus\Exception\ExceptionHandler->handleShutdown()
#1 {main}
ERROR - 2017-11-16T06:55:54-05:00 - PDOException: SQLSTATE[42S22]: Column not found: 1054 Unknown column 'Contracts.killervalidation' in 'where clause' in C:\xampp\htdocs\killer\vendor\zendframework\zend-db\src\Adapter\Driver\Pdo\Statement.php:239
Stack trace:
#0 C:\xampp\htdocs\killer\vendor\zendframework\zend-db\src\Adapter\Driver\Pdo\Statement.php(239): PDOStatement->execute()
#1 C:\xampp\htdocs\killer\vendor\zendframework\zend-db\src\TableGateway\AbstractTableGateway.php(239): Zend\Db\Adapter\Driver\Pdo\Statement->execute()
#2 C:\xampp\htdocs\killer\api\core\Directus\Database\TableGateway\BaseTableGateway.php(689): Zend\Db\TableGateway\AbstractTableGateway->executeSelect(Object(Zend\Db\Sql\Select))
#3 C:\xampp\htdocs\killer\vendor\zendframework\zend-db\src\TableGateway\AbstractTableGateway.php(209): Directus\Database\TableGateway\BaseTableGateway->executeSelect(Object(Zend\Db\Sql\Select))
#4 C:\xampp\htdocs\killer\api\core\Directus\Database\TableGateway\RelationalTableGateway.php(854): Zend\Db\TableGateway\AbstractTableGateway->selectWith(Object(Zend\Db\Sql\Select))
#5 C:\xampp\htdocs\killer\api\core\Directus\Database\TableGateway\RelationalTableGateway.php(747): Directus\Database\TableGateway\RelationalTableGateway->loadItems(Array)
#6 C:\xampp\htdocs\killer\api\core\Directus\Database\TableGateway\RelationalTableGateway.php(735): Directus\Database\TableGateway\RelationalTableGateway->getItems(Array)
#7 C:\xampp\htdocs\killer\api\routes\A1\Entries.php(48): Directus\Database\TableGateway\RelationalTableGateway->getEntries(Array)
#8 [internal function]: Directus\API\Routes\A1\Entries->rows('Contracts')
#9 C:\xampp\htdocs\killer\vendor\slim\slim\Slim\Route.php(468): call_user_func_array(Array, Array)
#10 C:\xampp\htdocs\killer\vendor\slim\slim\Slim\Slim.php(1357): Slim\Route->dispatch()
#11 C:\xampp\htdocs\killer\vendor\slim\slim\Slim\Middleware\Flash.php(85): Slim\Slim->call()
#12 C:\xampp\htdocs\killer\vendor\slim\slim\Slim\Middleware\MethodOverride.php(92): Slim\Middleware\Flash->call()
#13 C:\xampp\htdocs\killer\api\core\Directus\Slim\CorsMiddleware.php(24): Slim\Middleware\MethodOverride->call()
#14 C:\xampp\htdocs\killer\api\core\Directus\Slim\CacheMiddleware.php(18): Directus\Slim\CorsMiddleware->call()
#15 C:\xampp\htdocs\killer\vendor\slim\slim\Slim\Slim.php(1302): Directus\Slim\CacheMiddleware->call()
#16 C:\xampp\htdocs\killer\api\core\Directus\Application\Application.php(103): Slim\Slim->run()
#17 C:\xampp\htdocs\killer\api\api.php(527): Directus\Application\Application->run()
#18 {main}

Next Zend\Db\Adapter\Exception\InvalidQueryException: Statement could not be executed (42S22 - 1054 - Unknown column 'Contracts.killervalidation' in 'where clause') in C:\xampp\htdocs\killer\vendor\zendframework\zend-db\src\Adapter\Driver\Pdo\Statement.php:244
Stack trace:
#0 C:\xampp\htdocs\killer\vendor\zendframework\zend-db\src\TableGateway\AbstractTableGateway.php(239): Zend\Db\Adapter\Driver\Pdo\Statement->execute()
#1 C:\xampp\htdocs\killer\api\core\Directus\Database\TableGateway\BaseTableGateway.php(689): Zend\Db\TableGateway\AbstractTableGateway->executeSelect(Object(Zend\Db\Sql\Select))
#2 C:\xampp\htdocs\killer\vendor\zendframework\zend-db\src\TableGateway\AbstractTableGateway.php(209): Directus\Database\TableGateway\BaseTableGateway->executeSelect(Object(Zend\Db\Sql\Select))
#3 C:\xampp\htdocs\killer\api\core\Directus\Database\TableGateway\RelationalTableGateway.php(854): Zend\Db\TableGateway\AbstractTableGateway->selectWith(Object(Zend\Db\Sql\Select))
#4 C:\xampp\htdocs\killer\api\core\Directus\Database\TableGateway\RelationalTableGateway.php(747): Directus\Database\TableGateway\RelationalTableGateway->loadItems(Array)
#5 C:\xampp\htdocs\killer\api\core\Directus\Database\TableGateway\RelationalTableGateway.php(735): Directus\Database\TableGateway\RelationalTableGateway->getItems(Array)
#6 C:\xampp\htdocs\killer\api\routes\A1\Entries.php(48): Directus\Database\TableGateway\RelationalTableGateway->getEntries(Array)
#7 [internal function]: Directus\API\Routes\A1\Entries->rows('Contracts')
#8 C:\xampp\htdocs\killer\vendor\slim\slim\Slim\Route.php(468): call_user_func_array(Array, Array)
#9 C:\xampp\htdocs\killer\vendor\slim\slim\Slim\Slim.php(1357): Slim\Route->dispatch()
#10 C:\xampp\htdocs\killer\vendor\slim\slim\Slim\Middleware\Flash.php(85): Slim\Slim->call()
#11 C:\xampp\htdocs\killer\vendor\slim\slim\Slim\Middleware\MethodOverride.php(92): Slim\Middleware\Flash->call()
#12 C:\xampp\htdocs\killer\api\core\Directus\Slim\CorsMiddleware.php(24): Slim\Middleware\MethodOverride->call()
#13 C:\xampp\htdocs\killer\api\core\Directus\Slim\CacheMiddleware.php(18): Directus\Slim\CorsMiddleware->call()
#14 C:\xampp\htdocs\killer\vendor\slim\slim\Slim\Slim.php(1302): Directus\Slim\CacheMiddleware->call()
#15 C:\xampp\htdocs\killer\api\core\Directus\Application\Application.php(103): Slim\Slim->run()
#16 C:\xampp\htdocs\killer\api\api.php(527): Directus\Application\Application->run()
#17 {main}

Next RuntimeException: This query failed: SELECT `Contracts`.`id` AS `id`, `Contracts`.`status` AS `status`, `Contracts`.`sort` AS `sort`, `Contracts`.`contacttargetid` AS `contacttargetid`, `Contracts`.`contractactionid` AS `contractactionid`, `Contracts`.`contractplaceid` AS `contractplaceid`, `Contracts`.`contractstartdate` AS `contractstartdate`, `Contracts`.`contracttoolid` AS `contracttoolid` FROM `Contracts` WHERE `Contracts`.`id` = '224' AND `Contracts`.`killervalidation` = '1' AND `Contracts`.`status` IN ('1') ORDER BY `Contracts`.`sort` ASC LIMIT 200 OFFSET 0 in C:\xampp\htdocs\killer\api\core\Directus\Database\TableGateway\BaseTableGateway.php:704
Stack trace:
#0 C:\xampp\htdocs\killer\vendor\zendframework\zend-db\src\TableGateway\AbstractTableGateway.php(209): Directus\Database\TableGateway\BaseTableGateway->executeSelect(Object(Zend\Db\Sql\Select))
#1 C:\xampp\htdocs\killer\api\core\Directus\Database\TableGateway\RelationalTableGateway.php(854): Zend\Db\TableGateway\AbstractTableGateway->selectWith(Object(Zend\Db\Sql\Select))
#2 C:\xampp\htdocs\killer\api\core\Directus\Database\TableGateway\RelationalTableGateway.php(747): Directus\Database\TableGateway\RelationalTableGateway->loadItems(Array)
#3 C:\xampp\htdocs\killer\api\core\Directus\Database\TableGateway\RelationalTableGateway.php(735): Directus\Database\TableGateway\RelationalTableGateway->getItems(Array)
#4 C:\xampp\htdocs\killer\api\routes\A1\Entries.php(48): Directus\Database\TableGateway\RelationalTableGateway->getEntries(Array)
#5 [internal function]: Directus\API\Routes\A1\Entries->rows('Contracts')
#6 C:\xampp\htdocs\killer\vendor\slim\slim\Slim\Route.php(468): call_user_func_array(Array, Array)
#7 C:\xampp\htdocs\killer\vendor\slim\slim\Slim\Slim.php(1357): Slim\Route->dispatch()
#8 C:\xampp\htdocs\killer\vendor\slim\slim\Slim\Middleware\Flash.php(85): Slim\Slim->call()
#9 C:\xampp\htdocs\killer\vendor\slim\slim\Slim\Middleware\MethodOverride.php(92): Slim\Middleware\Flash->call()
#10 C:\xampp\htdocs\killer\api\core\Directus\Slim\CorsMiddleware.php(24): Slim\Middleware\MethodOverride->call()
#11 C:\xampp\htdocs\killer\api\core\Directus\Slim\CacheMiddleware.php(18): Directus\Slim\CorsMiddleware->call()
#12 C:\xampp\htdocs\killer\vendor\slim\slim\Slim\Slim.php(1302): Directus\Slim\CacheMiddleware->call()
#13 C:\xampp\htdocs\killer\api\core\Directus\Application\Application.php(103): Slim\Slim->run()
#14 C:\xampp\htdocs\killer\api\api.php(527): Directus\Application\Application->run()
#15 {main}
ERROR - 2017-11-16T07:49:08-05:00 - PDOException: SQLSTATE[42S22]: Column not found: 1054 Unknown column 'Contracts.killervalidation' in 'where clause' in C:\xampp\htdocs\killer\vendor\zendframework\zend-db\src\Adapter\Driver\Pdo\Statement.php:239
Stack trace:
#0 C:\xampp\htdocs\killer\vendor\zendframework\zend-db\src\Adapter\Driver\Pdo\Statement.php(239): PDOStatement->execute()
#1 C:\xampp\htdocs\killer\vendor\zendframework\zend-db\src\TableGateway\AbstractTableGateway.php(239): Zend\Db\Adapter\Driver\Pdo\Statement->execute()
#2 C:\xampp\htdocs\killer\api\core\Directus\Database\TableGateway\BaseTableGateway.php(689): Zend\Db\TableGateway\AbstractTableGateway->executeSelect(Object(Zend\Db\Sql\Select))
#3 C:\xampp\htdocs\killer\vendor\zendframework\zend-db\src\TableGateway\AbstractTableGateway.php(209): Directus\Database\TableGateway\BaseTableGateway->executeSelect(Object(Zend\Db\Sql\Select))
#4 C:\xampp\htdocs\killer\api\core\Directus\Database\TableGateway\RelationalTableGateway.php(854): Zend\Db\TableGateway\AbstractTableGateway->selectWith(Object(Zend\Db\Sql\Select))
#5 C:\xampp\htdocs\killer\api\core\Directus\Database\TableGateway\RelationalTableGateway.php(747): Directus\Database\TableGateway\RelationalTableGateway->loadItems(Array)
#6 C:\xampp\htdocs\killer\api\core\Directus\Database\TableGateway\RelationalTableGateway.php(735): Directus\Database\TableGateway\RelationalTableGateway->getItems(Array)
#7 C:\xampp\htdocs\killer\api\routes\A1\Entries.php(48): Directus\Database\TableGateway\RelationalTableGateway->getEntries(Array)
#8 [internal function]: Directus\API\Routes\A1\Entries->rows('Contracts')
#9 C:\xampp\htdocs\killer\vendor\slim\slim\Slim\Route.php(468): call_user_func_array(Array, Array)
#10 C:\xampp\htdocs\killer\vendor\slim\slim\Slim\Slim.php(1357): Slim\Route->dispatch()
#11 C:\xampp\htdocs\killer\vendor\slim\slim\Slim\Middleware\Flash.php(85): Slim\Slim->call()
#12 C:\xampp\htdocs\killer\vendor\slim\slim\Slim\Middleware\MethodOverride.php(92): Slim\Middleware\Flash->call()
#13 C:\xampp\htdocs\killer\api\core\Directus\Slim\CorsMiddleware.php(24): Slim\Middleware\MethodOverride->call()
#14 C:\xampp\htdocs\killer\api\core\Directus\Slim\CacheMiddleware.php(18): Directus\Slim\CorsMiddleware->call()
#15 C:\xampp\htdocs\killer\vendor\slim\slim\Slim\Slim.php(1302): Directus\Slim\CacheMiddleware->call()
#16 C:\xampp\htdocs\killer\api\core\Directus\Application\Application.php(103): Slim\Slim->run()
#17 C:\xampp\htdocs\killer\api\api.php(527): Directus\Application\Application->run()
#18 {main}

Next Zend\Db\Adapter\Exception\InvalidQueryException: Statement could not be executed (42S22 - 1054 - Unknown column 'Contracts.killervalidation' in 'where clause') in C:\xampp\htdocs\killer\vendor\zendframework\zend-db\src\Adapter\Driver\Pdo\Statement.php:244
Stack trace:
#0 C:\xampp\htdocs\killer\vendor\zendframework\zend-db\src\TableGateway\AbstractTableGateway.php(239): Zend\Db\Adapter\Driver\Pdo\Statement->execute()
#1 C:\xampp\htdocs\killer\api\core\Directus\Database\TableGateway\BaseTableGateway.php(689): Zend\Db\TableGateway\AbstractTableGateway->executeSelect(Object(Zend\Db\Sql\Select))
#2 C:\xampp\htdocs\killer\vendor\zendframework\zend-db\src\TableGateway\AbstractTableGateway.php(209): Directus\Database\TableGateway\BaseTableGateway->executeSelect(Object(Zend\Db\Sql\Select))
#3 C:\xampp\htdocs\killer\api\core\Directus\Database\TableGateway\RelationalTableGateway.php(854): Zend\Db\TableGateway\AbstractTableGateway->selectWith(Object(Zend\Db\Sql\Select))
#4 C:\xampp\htdocs\killer\api\core\Directus\Database\TableGateway\RelationalTableGateway.php(747): Directus\Database\TableGateway\RelationalTableGateway->loadItems(Array)
#5 C:\xampp\htdocs\killer\api\core\Directus\Database\TableGateway\RelationalTableGateway.php(735): Directus\Database\TableGateway\RelationalTableGateway->getItems(Array)
#6 C:\xampp\htdocs\killer\api\routes\A1\Entries.php(48): Directus\Database\TableGateway\RelationalTableGateway->getEntries(Array)
#7 [internal function]: Directus\API\Routes\A1\Entries->rows('Contracts')
#8 C:\xampp\htdocs\killer\vendor\slim\slim\Slim\Route.php(468): call_user_func_array(Array, Array)
#9 C:\xampp\htdocs\killer\vendor\slim\slim\Slim\Slim.php(1357): Slim\Route->dispatch()
#10 C:\xampp\htdocs\killer\vendor\slim\slim\Slim\Middleware\Flash.php(85): Slim\Slim->call()
#11 C:\xampp\htdocs\killer\vendor\slim\slim\Slim\Middleware\MethodOverride.php(92): Slim\Middleware\Flash->call()
#12 C:\xampp\htdocs\killer\api\core\Directus\Slim\CorsMiddleware.php(24): Slim\Middleware\MethodOverride->call()
#13 C:\xampp\htdocs\killer\api\core\Directus\Slim\CacheMiddleware.php(18): Directus\Slim\CorsMiddleware->call()
#14 C:\xampp\htdocs\killer\vendor\slim\slim\Slim\Slim.php(1302): Directus\Slim\CacheMiddleware->call()
#15 C:\xampp\htdocs\killer\api\core\Directus\Application\Application.php(103): Slim\Slim->run()
#16 C:\xampp\htdocs\killer\api\api.php(527): Directus\Application\Application->run()
#17 {main}

Next RuntimeException: This query failed: SELECT `Contracts`.`id` AS `id`, `Contracts`.`status` AS `status`, `Contracts`.`sort` AS `sort`, `Contracts`.`contacttargetid` AS `contacttargetid`, `Contracts`.`contractactionid` AS `contractactionid`, `Contracts`.`contractplaceid` AS `contractplaceid`, `Contracts`.`contractstartdate` AS `contractstartdate`, `Contracts`.`contracttoolid` AS `contracttoolid` FROM `Contracts` WHERE `Contracts`.`id` = '224' AND `Contracts`.`killervalidation` = '1' AND `Contracts`.`status` IN ('1') ORDER BY `Contracts`.`sort` ASC LIMIT 200 OFFSET 0 in C:\xampp\htdocs\killer\api\core\Directus\Database\TableGateway\BaseTableGateway.php:704
Stack trace:
#0 C:\xampp\htdocs\killer\vendor\zendframework\zend-db\src\TableGateway\AbstractTableGateway.php(209): Directus\Database\TableGateway\BaseTableGateway->executeSelect(Object(Zend\Db\Sql\Select))
#1 C:\xampp\htdocs\killer\api\core\Directus\Database\TableGateway\RelationalTableGateway.php(854): Zend\Db\TableGateway\AbstractTableGateway->selectWith(Object(Zend\Db\Sql\Select))
#2 C:\xampp\htdocs\killer\api\core\Directus\Database\TableGateway\RelationalTableGateway.php(747): Directus\Database\TableGateway\RelationalTableGateway->loadItems(Array)
#3 C:\xampp\htdocs\killer\api\core\Directus\Database\TableGateway\RelationalTableGateway.php(735): Directus\Database\TableGateway\RelationalTableGateway->getItems(Array)
#4 C:\xampp\htdocs\killer\api\routes\A1\Entries.php(48): Directus\Database\TableGateway\RelationalTableGateway->getEntries(Array)
#5 [internal function]: Directus\API\Routes\A1\Entries->rows('Contracts')
#6 C:\xampp\htdocs\killer\vendor\slim\slim\Slim\Route.php(468): call_user_func_array(Array, Array)
#7 C:\xampp\htdocs\killer\vendor\slim\slim\Slim\Slim.php(1357): Slim\Route->dispatch()
#8 C:\xampp\htdocs\killer\vendor\slim\slim\Slim\Middleware\Flash.php(85): Slim\Slim->call()
#9 C:\xampp\htdocs\killer\vendor\slim\slim\Slim\Middleware\MethodOverride.php(92): Slim\Middleware\Flash->call()
#10 C:\xampp\htdocs\killer\api\core\Directus\Slim\CorsMiddleware.php(24): Slim\Middleware\MethodOverride->call()
#11 C:\xampp\htdocs\killer\api\core\Directus\Slim\CacheMiddleware.php(18): Directus\Slim\CorsMiddleware->call()
#12 C:\xampp\htdocs\killer\vendor\slim\slim\Slim\Slim.php(1302): Directus\Slim\CacheMiddleware->call()
#13 C:\xampp\htdocs\killer\api\core\Directus\Application\Application.php(103): Slim\Slim->run()
#14 C:\xampp\htdocs\killer\api\api.php(527): Directus\Application\Application->run()
#15 {main}
ERROR - 2017-11-16T15:48:02-05:00 - Directus\Exception\Http\ForbiddenException: Permission denied in C:\xampp\htdocs\killer\api\core\Directus\Database\TableSchema.php:182
Stack trace:
#0 C:\xampp\htdocs\killer\api\core\Directus\Database\TableGateway\BaseTableGateway.php(185): Directus\Database\TableSchema::getTableSchema('directus_messag...', Array, false, false)
#1 C:\xampp\htdocs\killer\api\core\Directus\Database\TableGateway\RelationalTableGateway.php(814): Directus\Database\TableGateway\BaseTableGateway->getTableSchema()
#2 C:\xampp\htdocs\killer\api\core\Directus\Database\TableGateway\DirectusMessagesTableGateway.php(155): Directus\Database\TableGateway\RelationalTableGateway->loadItems(Array, Object(Closure))
#3 C:\xampp\htdocs\killer\api\core\Directus\Database\TableGateway\DirectusMessagesTableGateway.php(225): Directus\Database\TableGateway\DirectusMessagesTableGateway->fetchMessagesInbox(0, NULL, Array)
#4 C:\xampp\htdocs\killer\api\routes\A1\Messages.php(42): Directus\Database\TableGateway\DirectusMessagesTableGateway->fetchMessagesInboxWithHeaders(0, NULL, Array)
#5 [internal function]: Directus\API\Routes\A1\Messages->rows()
#6 C:\xampp\htdocs\killer\vendor\slim\slim\Slim\Route.php(468): call_user_func_array(Array, Array)
#7 C:\xampp\htdocs\killer\vendor\slim\slim\Slim\Slim.php(1357): Slim\Route->dispatch()
#8 C:\xampp\htdocs\killer\vendor\slim\slim\Slim\Middleware\Flash.php(85): Slim\Slim->call()
#9 C:\xampp\htdocs\killer\vendor\slim\slim\Slim\Middleware\MethodOverride.php(92): Slim\Middleware\Flash->call()
#10 C:\xampp\htdocs\killer\api\core\Directus\Slim\CorsMiddleware.php(24): Slim\Middleware\MethodOverride->call()
#11 C:\xampp\htdocs\killer\api\core\Directus\Slim\CacheMiddleware.php(18): Directus\Slim\CorsMiddleware->call()
#12 C:\xampp\htdocs\killer\vendor\slim\slim\Slim\Slim.php(1302): Directus\Slim\CacheMiddleware->call()
#13 C:\xampp\htdocs\killer\api\core\Directus\Application\Application.php(103): Slim\Slim->run()
#14 C:\xampp\htdocs\killer\api\api.php(527): Directus\Application\Application->run()
#15 {main}
ERROR - 2017-11-16T15:48:02-05:00 - Directus\Exception\Http\ForbiddenException: Permission denied in C:\xampp\htdocs\killer\api\core\Directus\Database\TableSchema.php:182
Stack trace:
#0 C:\xampp\htdocs\killer\api\core\Directus\Bootstrap.php(747): Directus\Database\TableSchema::getTableSchema('directus_users')
#1 [internal function]: Directus\Bootstrap::Directus\{closure}(Object(Directus\Hook\Payload))
#2 C:\xampp\htdocs\killer\api\core\Directus\Hook\Emitter.php(266): call_user_func_array(Object(Closure), Array)
#3 C:\xampp\htdocs\killer\api\core\Directus\Hook\Emitter.php(136): Directus\Hook\Emitter->executeListeners(Array, Array, 1)
#4 C:\xampp\htdocs\killer\api\core\Directus\Database\TableGateway\BaseTableGateway.php(1326): Directus\Hook\Emitter->apply('table.update:be...', Object(Directus\Hook\Payload))
#5 C:\xampp\htdocs\killer\api\core\Directus\Database\TableGateway\BaseTableGateway.php(1352): Directus\Database\TableGateway\BaseTableGateway->applyHook('table.update:be...', Array, Array)
#6 C:\xampp\htdocs\killer\api\core\Directus\Database\TableGateway\BaseTableGateway.php(798): Directus\Database\TableGateway\BaseTableGateway->runBeforeUpdateHooks('directus_users', Array, false)
#7 C:\xampp\htdocs\killer\vendor\zendframework\zend-db\src\TableGateway\AbstractTableGateway.php(349): Directus\Database\TableGateway\BaseTableGateway->executeUpdate(Object(Zend\Db\Sql\Update))
#8 C:\xampp\htdocs\killer\api\routes\A1\Tracking.php(36): Zend\Db\TableGateway\AbstractTableGateway->update(Array, Array)
#9 [internal function]: Directus\API\Routes\A1\Tracking->page()
#10 C:\xampp\htdocs\killer\vendor\slim\slim\Slim\Route.php(468): call_user_func_array(Array, Array)
#11 C:\xampp\htdocs\killer\vendor\slim\slim\Slim\Slim.php(1357): Slim\Route->dispatch()
#12 C:\xampp\htdocs\killer\vendor\slim\slim\Slim\Middleware\Flash.php(85): Slim\Slim->call()
#13 C:\xampp\htdocs\killer\vendor\slim\slim\Slim\Middleware\MethodOverride.php(92): Slim\Middleware\Flash->call()
#14 C:\xampp\htdocs\killer\api\core\Directus\Slim\CorsMiddleware.php(24): Slim\Middleware\MethodOverride->call()
#15 C:\xampp\htdocs\killer\api\core\Directus\Slim\CacheMiddleware.php(18): Directus\Slim\CorsMiddleware->call()
#16 C:\xampp\htdocs\killer\vendor\slim\slim\Slim\Slim.php(1302): Directus\Slim\CacheMiddleware->call()
#17 C:\xampp\htdocs\killer\api\core\Directus\Application\Application.php(103): Slim\Slim->run()
#18 C:\xampp\htdocs\killer\api\api.php(527): Directus\Application\Application->run()
#19 {main}
ERROR - 2017-11-16T15:48:02-05:00 - Directus\Permissions\Exception\UnauthorizedTableBigEditException: [Public] permissions only allow you to [edit] your own items. in C:\xampp\htdocs\killer\api\core\Directus\Database\TableGateway\BaseTableGateway.php:1108
Stack trace:
#0 C:\xampp\htdocs\killer\api\core\Directus\Database\TableGateway\BaseTableGateway.php(787): Directus\Database\TableGateway\BaseTableGateway->enforceUpdatePermission(Object(Zend\Db\Sql\Update))
#1 C:\xampp\htdocs\killer\vendor\zendframework\zend-db\src\TableGateway\AbstractTableGateway.php(361): Directus\Database\TableGateway\BaseTableGateway->executeUpdate(Object(Zend\Db\Sql\Update))
#2 C:\xampp\htdocs\killer\api\core\Directus\Database\TableGateway\BaseTableGateway.php(368): Zend\Db\TableGateway\AbstractTableGateway->updateWith(Object(Zend\Db\Sql\Update))
#3 C:\xampp\htdocs\killer\api\core\Directus\Database\TableGateway\RelationalTableGateway.php(152): Directus\Database\TableGateway\BaseTableGateway->addOrUpdateRecordByArray(Array)
#4 C:\xampp\htdocs\killer\api\core\Directus\Database\TableGateway\RelationalTableGateway.php(72): Directus\Database\TableGateway\RelationalTableGateway->manageRecordUpdate('directus_prefer...', Array, 0)
#5 C:\xampp\htdocs\killer\api\routes\A1\Preferences.php(28): Directus\Database\TableGateway\RelationalTableGateway->updateRecord(Array, 0)
#6 [internal function]: Directus\API\Routes\A1\Preferences->mapPreferences('killercontracts')
#7 C:\xampp\htdocs\killer\vendor\slim\slim\Slim\Route.php(468): call_user_func_array(Array, Array)
#8 C:\xampp\htdocs\killer\vendor\slim\slim\Slim\Slim.php(1357): Slim\Route->dispatch()
#9 C:\xampp\htdocs\killer\vendor\slim\slim\Slim\Middleware\Flash.php(85): Slim\Slim->call()
#10 C:\xampp\htdocs\killer\vendor\slim\slim\Slim\Middleware\MethodOverride.php(92): Slim\Middleware\Flash->call()
#11 C:\xampp\htdocs\killer\api\core\Directus\Slim\CorsMiddleware.php(24): Slim\Middleware\MethodOverride->call()
#12 C:\xampp\htdocs\killer\api\core\Directus\Slim\CacheMiddleware.php(18): Directus\Slim\CorsMiddleware->call()
#13 C:\xampp\htdocs\killer\vendor\slim\slim\Slim\Slim.php(1302): Directus\Slim\CacheMiddleware->call()
#14 C:\xampp\htdocs\killer\api\core\Directus\Application\Application.php(103): Slim\Slim->run()
#15 C:\xampp\htdocs\killer\api\api.php(527): Directus\Application\Application->run()
#16 {main}
